-- Found ament_cmake: 0.9.12 (/opt/ros/foxy/share/ament_cmake/cmake)
-- Using PYTHON_EXECUTABLE: /usr/bin/python3
-- Found ament_lint_auto: 0.9.8 (/opt/ros/foxy/share/ament_lint_auto/cmake)
-- Found rosidl_default_generators: 1.0.1 (/opt/ros/foxy/share/rosidl_default_generators/cmake)
-- Using all available rosidl_typesupport_c: rosidl_typesupport_fastrtps_c;rosidl_typesupport_introspection_c
-- Found rosidl_adapter: 1.3.1 (/opt/ros/foxy/share/rosidl_adapter/cmake)
-- Using all available rosidl_typesupport_cpp: rosidl_typesupport_fastrtps_cpp;rosidl_typesupport_introspection_cpp
-- Found PythonInterp: /usr/bin/python3 (found version "3.8.10") 
-- Found ament_cmake_ros: 0.9.2 (/opt/ros/foxy/share/ament_cmake_ros/cmake)
-- Using all available rosidl_typesupport_c: rosidl_typesupport_fastrtps_c;rosidl_typesupport_introspection_c
-- Using all available rosidl_typesupport_cpp: rosidl_typesupport_fastrtps_cpp;rosidl_typesupport_introspection_cpp
-- Found PythonInterp: /usr/bin/python3 (found suitable version "3.8.10", minimum required is "3.5") 
-- Found python_cmake_module: 0.8.1 (/opt/ros/foxy/share/python_cmake_module/cmake)
-- Using PYTHON_EXECUTABLE: /usr/bin/python3
-- Using PYTHON_INCLUDE_DIRS: /usr/include/python3.8
-- Using PYTHON_LIBRARIES: /usr/lib/x86_64-linux-gnu/libpython3.8.so
-- Added test 'copyright' to check source files copyright and LICENSE
-- Added test 'flake8' to check Python code syntax and style conventions
-- Added test 'lint_cmake' to check CMake code style
-- Added test 'pep257' to check Python code against some of the style conventions in PEP 257
-- Added test 'xmllint' to check XML markup files
-- Configuring done
-- Generating done
-- Build files have been written to: /home/lab/fleet_system_ws/build/my_package
[  9%] Built target my_package__rosidl_generator_c
[ 12%] Built target my_package__cpp
[ 22%] Built target my_package__rosidl_typesupport_c
[ 32%] Built target my_package__rosidl_typesupport_introspection_c
[ 41%] Built target my_package__rosidl_typesupport_cpp
[ 51%] Built target my_package__rosidl_typesupport_introspection_cpp
[ 61%] Built target my_package__rosidl_typesupport_fastrtps_cpp
[ 70%] Built target my_package__rosidl_typesupport_fastrtps_c
[ 70%] Built target my_package
[ 74%] Built target my_package__py
[ 80%] Built target my_package__python
[ 93%] Built target my_package__rosidl_typesupport_c__pyext
[ 93%] Built target my_package__rosidl_typesupport_fastrtps_c__pyext
[100%] Built target my_package__rosidl_typesupport_introspection_c__pyext
-- Install configuration: ""
-- Up-to-date: /home/lab/fleet_system_ws/install/my_package/share/ament_index/resource_index/rosidl_interfaces/my_package
-- Up-to-date: /home/lab/fleet_system_ws/install/my_package/include/my_package
-- Up-to-date: /home/lab/fleet_system_ws/install/my_package/include/my_package/msg
-- Up-to-date: /home/lab/fleet_system_ws/install/my_package/include/my_package/msg/rosidl_generator_c__visibility_control.h
-- Up-to-date: /home/lab/fleet_system_ws/install/my_package/include/my_package/action
-- Up-to-date: /home/lab/fleet_system_ws/install/my_package/include/my_package/action/fleet_management.h
-- Up-to-date: /home/lab/fleet_system_ws/install/my_package/include/my_package/action/detail
-- Up-to-date: /home/lab/fleet_system_ws/install/my_package/include/my_package/action/detail/fleet_management__struct.h
-- Up-to-date: /home/lab/fleet_system_ws/install/my_package/include/my_package/action/detail/fleet_management__type_support.h
-- Up-to-date: /home/lab/fleet_system_ws/install/my_package/include/my_package/action/detail/fleet_management__functions.c
-- Up-to-date: /home/lab/fleet_system_ws/install/my_package/include/my_package/action/detail/fleet_management__functions.h
-- Up-to-date: /home/lab/fleet_system_ws/install/my_package/share/my_package/environment/library_path.sh
-- Installing: /home/lab/fleet_system_ws/install/my_package/share/my_package/environment/library_path.dsv
-- Up-to-date: /home/lab/fleet_system_ws/install/my_package/lib/libmy_package__rosidl_generator_c.so
-- Up-to-date: /home/lab/fleet_system_ws/install/my_package/include/my_package
-- Up-to-date: /home/lab/fleet_system_ws/install/my_package/include/my_package/msg
-- Up-to-date: /home/lab/fleet_system_ws/install/my_package/include/my_package/msg/rosidl_typesupport_fastrtps_c__visibility_control.h
-- Up-to-date: /home/lab/fleet_system_ws/install/my_package/include/my_package/action
-- Up-to-date: /home/lab/fleet_system_ws/install/my_package/include/my_package/action/detail
-- Up-to-date: /home/lab/fleet_system_ws/install/my_package/include/my_package/action/detail/fleet_management__rosidl_typesupport_fastrtps_c.h
-- Up-to-date: /home/lab/fleet_system_ws/install/my_package/lib/libmy_package__rosidl_typesupport_fastrtps_c.so
-- Up-to-date: /home/lab/fleet_system_ws/install/my_package/include/my_package
-- Up-to-date: /home/lab/fleet_system_ws/install/my_package/include/my_package/msg
-- Up-to-date: /home/lab/fleet_system_ws/install/my_package/include/my_package/msg/rosidl_typesupport_fastrtps_cpp__visibility_control.h
-- Up-to-date: /home/lab/fleet_system_ws/install/my_package/include/my_package/action
-- Up-to-date: /home/lab/fleet_system_ws/install/my_package/include/my_package/action/detail
-- Up-to-date: /home/lab/fleet_system_ws/install/my_package/include/my_package/action/detail/dds_fastrtps
-- Up-to-date: /home/lab/fleet_system_ws/install/my_package/include/my_package/action/detail/fleet_management__rosidl_typesupport_fastrtps_cpp.hpp
-- Up-to-date: /home/lab/fleet_system_ws/install/my_package/lib/libmy_package__rosidl_typesupport_fastrtps_cpp.so
-- Up-to-date: /home/lab/fleet_system_ws/install/my_package/include/my_package
-- Up-to-date: /home/lab/fleet_system_ws/install/my_package/include/my_package/msg
-- Up-to-date: /home/lab/fleet_system_ws/install/my_package/include/my_package/msg/rosidl_typesupport_introspection_c__visibility_control.h
-- Up-to-date: /home/lab/fleet_system_ws/install/my_package/include/my_package/action
-- Up-to-date: /home/lab/fleet_system_ws/install/my_package/include/my_package/action/detail
-- Up-to-date: /home/lab/fleet_system_ws/install/my_package/include/my_package/action/detail/fleet_management__rosidl_typesupport_introspection_c.h
-- Up-to-date: /home/lab/fleet_system_ws/install/my_package/include/my_package/action/detail/fleet_management__type_support.c
-- Up-to-date: /home/lab/fleet_system_ws/install/my_package/lib/libmy_package__rosidl_typesupport_introspection_c.so
-- Up-to-date: /home/lab/fleet_system_ws/install/my_package/lib/libmy_package__rosidl_typesupport_c.so
-- Up-to-date: /home/lab/fleet_system_ws/install/my_package/include/my_package
-- Up-to-date: /home/lab/fleet_system_ws/install/my_package/include/my_package/msg
-- Up-to-date: /home/lab/fleet_system_ws/install/my_package/include/my_package/msg/rosidl_generator_cpp__visibility_control.hpp
-- Up-to-date: /home/lab/fleet_system_ws/install/my_package/include/my_package/action
-- Up-to-date: /home/lab/fleet_system_ws/install/my_package/include/my_package/action/fleet_management.hpp
-- Up-to-date: /home/lab/fleet_system_ws/install/my_package/include/my_package/action/detail
-- Up-to-date: /home/lab/fleet_system_ws/install/my_package/include/my_package/action/detail/fleet_management__type_support.hpp
-- Up-to-date: /home/lab/fleet_system_ws/install/my_package/include/my_package/action/detail/fleet_management__builder.hpp
-- Up-to-date: /home/lab/fleet_system_ws/install/my_package/include/my_package/action/detail/fleet_management__struct.hpp
-- Up-to-date: /home/lab/fleet_system_ws/install/my_package/include/my_package/action/detail/fleet_management__traits.hpp
-- Up-to-date: /home/lab/fleet_system_ws/install/my_package/include/my_package
-- Up-to-date: /home/lab/fleet_system_ws/install/my_package/include/my_package/action
-- Up-to-date: /home/lab/fleet_system_ws/install/my_package/include/my_package/action/detail
-- Up-to-date: /home/lab/fleet_system_ws/install/my_package/include/my_package/action/detail/fleet_management__type_support.cpp
-- Up-to-date: /home/lab/fleet_system_ws/install/my_package/include/my_package/action/detail/fleet_management__rosidl_typesupport_introspection_cpp.hpp
-- Up-to-date: /home/lab/fleet_system_ws/install/my_package/lib/libmy_package__rosidl_typesupport_introspection_cpp.so
-- Up-to-date: /home/lab/fleet_system_ws/install/my_package/lib/libmy_package__rosidl_typesupport_cpp.so
-- Up-to-date: /home/lab/fleet_system_ws/install/my_package/share/my_package/environment/pythonpath.sh
-- Installing: /home/lab/fleet_system_ws/install/my_package/share/my_package/environment/pythonpath.dsv
-- Installing: /home/lab/fleet_system_ws/install/my_package/lib/python3.8/site-packages/my_package/__init__.py
Compiling '/home/lab/fleet_system_ws/install/my_package/lib/python3.8/site-packages/my_package/__init__.py'...
-- Up-to-date: /home/lab/fleet_system_ws/install/my_package/lib/python3.8/site-packages/my_package/action
-- Up-to-date: /home/lab/fleet_system_ws/install/my_package/lib/python3.8/site-packages/my_package/action/_fleet_management_s.c
-- Up-to-date: /home/lab/fleet_system_ws/install/my_package/lib/python3.8/site-packages/my_package/action/__init__.py
-- Up-to-date: /home/lab/fleet_system_ws/install/my_package/lib/python3.8/site-packages/my_package/action/_fleet_management.py
-- Up-to-date: /home/lab/fleet_system_ws/install/my_package/lib/python3.8/site-packages/my_package/my_package_s__rosidl_typesupport_fastrtps_c.cpython-38-x86_64-linux-gnu.so
-- Up-to-date: /home/lab/fleet_system_ws/install/my_package/lib/python3.8/site-packages/my_package/my_package_s__rosidl_typesupport_introspection_c.cpython-38-x86_64-linux-gnu.so
-- Up-to-date: /home/lab/fleet_system_ws/install/my_package/lib/python3.8/site-packages/my_package/my_package_s__rosidl_typesupport_c.cpython-38-x86_64-linux-gnu.so
-- Up-to-date: /home/lab/fleet_system_ws/install/my_package/lib/libmy_package__python.so
-- Up-to-date: /home/lab/fleet_system_ws/install/my_package/share/my_package/action/FleetManagement.idl
-- Up-to-date: /home/lab/fleet_system_ws/install/my_package/share/my_package/action/FleetManagement.action
-- Up-to-date: /home/lab/fleet_system_ws/install/my_package/share/ament_index/resource_index/package_run_dependencies/my_package
-- Up-to-date: /home/lab/fleet_system_ws/install/my_package/share/ament_index/resource_index/parent_prefix_path/my_package
-- Up-to-date: /home/lab/fleet_system_ws/install/my_package/share/my_package/environment/ament_prefix_path.sh
-- Installing: /home/lab/fleet_system_ws/install/my_package/share/my_package/environment/ament_prefix_path.dsv
-- Up-to-date: /home/lab/fleet_system_ws/install/my_package/share/my_package/environment/path.sh
-- Installing: /home/lab/fleet_system_ws/install/my_package/share/my_package/environment/path.dsv
-- Up-to-date: /home/lab/fleet_system_ws/install/my_package/share/my_package/local_setup.bash
-- Up-to-date: /home/lab/fleet_system_ws/install/my_package/share/my_package/local_setup.sh
-- Up-to-date: /home/lab/fleet_system_ws/install/my_package/share/my_package/local_setup.zsh
-- Installing: /home/lab/fleet_system_ws/install/my_package/share/my_package/local_setup.dsv
-- Installing: /home/lab/fleet_system_ws/install/my_package/share/my_package/package.dsv
-- Up-to-date: /home/lab/fleet_system_ws/install/my_package/share/ament_index/resource_index/packages/my_package
-- Up-to-date: /home/lab/fleet_system_ws/install/my_package/share/my_package/cmake/my_package__rosidl_generator_cExport.cmake
-- Installing: /home/lab/fleet_system_ws/install/my_package/share/my_package/cmake/my_package__rosidl_generator_cExport-noconfig.cmake
-- Up-to-date: /home/lab/fleet_system_ws/install/my_package/share/my_package/cmake/my_package__rosidl_typesupport_introspection_cExport.cmake
-- Installing: /home/lab/fleet_system_ws/install/my_package/share/my_package/cmake/my_package__rosidl_typesupport_introspection_cExport-noconfig.cmake
-- Up-to-date: /home/lab/fleet_system_ws/install/my_package/share/my_package/cmake/my_package__rosidl_typesupport_cExport.cmake
-- Installing: /home/lab/fleet_system_ws/install/my_package/share/my_package/cmake/my_package__rosidl_typesupport_cExport-noconfig.cmake
-- Up-to-date: /home/lab/fleet_system_ws/install/my_package/share/my_package/cmake/my_package__rosidl_generator_cppExport.cmake
-- Up-to-date: /home/lab/fleet_system_ws/install/my_package/share/my_package/cmake/my_package__rosidl_typesupport_introspection_cppExport.cmake
-- Installing: /home/lab/fleet_system_ws/install/my_package/share/my_package/cmake/my_package__rosidl_typesupport_introspection_cppExport-noconfig.cmake
-- Up-to-date: /home/lab/fleet_system_ws/install/my_package/share/my_package/cmake/my_package__rosidl_typesupport_cppExport.cmake
-- Installing: /home/lab/fleet_system_ws/install/my_package/share/my_package/cmake/my_package__rosidl_typesupport_cppExport-noconfig.cmake
-- Up-to-date: /home/lab/fleet_system_ws/install/my_package/share/my_package/cmake/rosidl_cmake-extras.cmake
-- Up-to-date: /home/lab/fleet_system_ws/install/my_package/share/my_package/cmake/ament_cmake_export_dependencies-extras.cmake
-- Up-to-date: /home/lab/fleet_system_ws/install/my_package/share/my_package/cmake/ament_cmake_export_libraries-extras.cmake
-- Up-to-date: /home/lab/fleet_system_ws/install/my_package/share/my_package/cmake/ament_cmake_export_targets-extras.cmake
-- Up-to-date: /home/lab/fleet_system_ws/install/my_package/share/my_package/cmake/ament_cmake_export_include_directories-extras.cmake
-- Up-to-date: /home/lab/fleet_system_ws/install/my_package/share/my_package/cmake/rosidl_cmake_export_typesupport_libraries-extras.cmake
-- Up-to-date: /home/lab/fleet_system_ws/install/my_package/share/my_package/cmake/rosidl_cmake_export_typesupport_targets-extras.cmake
-- Up-to-date: /home/lab/fleet_system_ws/install/my_package/share/my_package/cmake/my_packageConfig.cmake
-- Up-to-date: /home/lab/fleet_system_ws/install/my_package/share/my_package/cmake/my_packageConfig-version.cmake
-- Up-to-date: /home/lab/fleet_system_ws/install/my_package/share/my_package/package.xml
