[0.194s] Invoking command in '/home/lab/fleet_system_ws/build/my_package': CMAKE_PREFIX_PATH=/opt/ros/foxy /usr/bin/cmake --build /home/lab/fleet_system_ws/build/my_package -- -j12 -l12
[0.225s] -- Found ament_cmake: 0.9.12 (/opt/ros/foxy/share/ament_cmake/cmake)
[0.254s] -- Using PYTHON_EXECUTABLE: /usr/bin/python3
[0.508s] -- Found ament_lint_auto: 0.9.8 (/opt/ros/foxy/share/ament_lint_auto/cmake)
[0.587s] -- Found rosidl_default_generators: 1.0.1 (/opt/ros/foxy/share/rosidl_default_generators/cmake)
[0.589s] -- Using all available rosidl_typesupport_c: rosidl_typesupport_fastrtps_c;rosidl_typesupport_introspection_c
[0.594s] -- Found rosidl_adapter: 1.3.1 (/opt/ros/foxy/share/rosidl_adapter/cmake)
[0.781s] -- Using all available rosidl_typesupport_cpp: rosidl_typesupport_fastrtps_cpp;rosidl_typesupport_introspection_cpp
[0.841s] -- Found PythonInterp: /usr/bin/python3 (found version "3.8.10") 
[1.010s] -- Found ament_cmake_ros: 0.9.2 (/opt/ros/foxy/share/ament_cmake_ros/cmake)
[1.175s] -- Using all available rosidl_typesupport_c: rosidl_typesupport_fastrtps_c;rosidl_typesupport_introspection_c
[1.206s] -- Using all available rosidl_typesupport_cpp: rosidl_typesupport_fastrtps_cpp;rosidl_typesupport_introspection_cpp
[1.239s] -- Found PythonInterp: /usr/bin/python3 (found suitable version "3.8.10", minimum required is "3.5") 
[1.240s] -- Found python_cmake_module: 0.8.1 (/opt/ros/foxy/share/python_cmake_module/cmake)
[1.269s] -- Using PYTHON_EXECUTABLE: /usr/bin/python3
[1.269s] -- Using PYTHON_INCLUDE_DIRS: /usr/include/python3.8
[1.269s] -- Using PYTHON_LIBRARIES: /usr/lib/x86_64-linux-gnu/libpython3.8.so
[1.303s] -- Added test 'copyright' to check source files copyright and LICENSE
[1.305s] -- Added test 'flake8' to check Python code syntax and style conventions
[1.306s] -- Added test 'lint_cmake' to check CMake code style
[1.306s] -- Added test 'pep257' to check Python code against some of the style conventions in PEP 257
[1.307s] -- Added test 'xmllint' to check XML markup files
[1.315s] -- Configuring done
[1.383s] -- Generating done
[1.388s] -- Build files have been written to: /home/lab/fleet_system_ws/build/my_package
[1.435s] [  9%] Built target my_package__rosidl_generator_c
[1.438s] [ 12%] Built target my_package__cpp
[1.465s] [ 22%] Built target my_package__rosidl_typesupport_c
[1.466s] [ 32%] Built target my_package__rosidl_typesupport_introspection_c
[1.466s] [ 41%] Built target my_package__rosidl_typesupport_cpp
[1.471s] [ 51%] Built target my_package__rosidl_typesupport_introspection_cpp
[1.473s] [ 61%] Built target my_package__rosidl_typesupport_fastrtps_cpp
[1.507s] [ 70%] Built target my_package__rosidl_typesupport_fastrtps_c
[1.535s] [ 70%] Built target my_package
[1.561s] [ 74%] Built target my_package__py
[1.595s] [ 80%] Built target my_package__python
[1.630s] [ 93%] Built target my_package__rosidl_typesupport_c__pyext
[1.630s] [ 93%] Built target my_package__rosidl_typesupport_fastrtps_c__pyext
[1.630s] [100%] Built target my_package__rosidl_typesupport_introspection_c__pyext
[1.645s] Invoked command in '/home/lab/fleet_system_ws/build/my_package' returned '0': CMAKE_PREFIX_PATH=/opt/ros/foxy /usr/bin/cmake --build /home/lab/fleet_system_ws/build/my_package -- -j12 -l12
[1.724s] Invoking command in '/home/lab/fleet_system_ws/build/my_package': CMAKE_PREFIX_PATH=/opt/ros/foxy /usr/bin/cmake --install /home/lab/fleet_system_ws/build/my_package
[1.735s] -- Install configuration: ""
[1.735s] -- Up-to-date: /home/lab/fleet_system_ws/install/my_package/share/ament_index/resource_index/rosidl_interfaces/my_package
[1.735s] -- Up-to-date: /home/lab/fleet_system_ws/install/my_package/include/my_package
[1.736s] -- Up-to-date: /home/lab/fleet_system_ws/install/my_package/include/my_package/msg
[1.736s] -- Up-to-date: /home/lab/fleet_system_ws/install/my_package/include/my_package/msg/rosidl_generator_c__visibility_control.h
[1.736s] -- Up-to-date: /home/lab/fleet_system_ws/install/my_package/include/my_package/action
[1.736s] -- Up-to-date: /home/lab/fleet_system_ws/install/my_package/include/my_package/action/fleet_management.h
[1.736s] -- Up-to-date: /home/lab/fleet_system_ws/install/my_package/include/my_package/action/detail
[1.736s] -- Up-to-date: /home/lab/fleet_system_ws/install/my_package/include/my_package/action/detail/fleet_management__struct.h
[1.736s] -- Up-to-date: /home/lab/fleet_system_ws/install/my_package/include/my_package/action/detail/fleet_management__type_support.h
[1.736s] -- Up-to-date: /home/lab/fleet_system_ws/install/my_package/include/my_package/action/detail/fleet_management__functions.c
[1.736s] -- Up-to-date: /home/lab/fleet_system_ws/install/my_package/include/my_package/action/detail/fleet_management__functions.h
[1.736s] -- Up-to-date: /home/lab/fleet_system_ws/install/my_package/share/my_package/environment/library_path.sh
[1.737s] -- Installing: /home/lab/fleet_system_ws/install/my_package/share/my_package/environment/library_path.dsv
[1.737s] -- Up-to-date: /home/lab/fleet_system_ws/install/my_package/lib/libmy_package__rosidl_generator_c.so
[1.737s] -- Up-to-date: /home/lab/fleet_system_ws/install/my_package/include/my_package
[1.737s] -- Up-to-date: /home/lab/fleet_system_ws/install/my_package/include/my_package/msg
[1.737s] -- Up-to-date: /home/lab/fleet_system_ws/install/my_package/include/my_package/msg/rosidl_typesupport_fastrtps_c__visibility_control.h
[1.737s] -- Up-to-date: /home/lab/fleet_system_ws/install/my_package/include/my_package/action
[1.737s] -- Up-to-date: /home/lab/fleet_system_ws/install/my_package/include/my_package/action/detail
[1.737s] -- Up-to-date: /home/lab/fleet_system_ws/install/my_package/include/my_package/action/detail/fleet_management__rosidl_typesupport_fastrtps_c.h
[1.737s] -- Up-to-date: /home/lab/fleet_system_ws/install/my_package/lib/libmy_package__rosidl_typesupport_fastrtps_c.so
[1.737s] -- Up-to-date: /home/lab/fleet_system_ws/install/my_package/include/my_package
[1.738s] -- Up-to-date: /home/lab/fleet_system_ws/install/my_package/include/my_package/msg
[1.738s] -- Up-to-date: /home/lab/fleet_system_ws/install/my_package/include/my_package/msg/rosidl_typesupport_fastrtps_cpp__visibility_control.h
[1.738s] -- Up-to-date: /home/lab/fleet_system_ws/install/my_package/include/my_package/action
[1.738s] -- Up-to-date: /home/lab/fleet_system_ws/install/my_package/include/my_package/action/detail
[1.738s] -- Up-to-date: /home/lab/fleet_system_ws/install/my_package/include/my_package/action/detail/dds_fastrtps
[1.738s] -- Up-to-date: /home/lab/fleet_system_ws/install/my_package/include/my_package/action/detail/fleet_management__rosidl_typesupport_fastrtps_cpp.hpp
[1.738s] -- Up-to-date: /home/lab/fleet_system_ws/install/my_package/lib/libmy_package__rosidl_typesupport_fastrtps_cpp.so
[1.739s] -- Up-to-date: /home/lab/fleet_system_ws/install/my_package/include/my_package
[1.739s] -- Up-to-date: /home/lab/fleet_system_ws/install/my_package/include/my_package/msg
[1.739s] -- Up-to-date: /home/lab/fleet_system_ws/install/my_package/include/my_package/msg/rosidl_typesupport_introspection_c__visibility_control.h
[1.739s] -- Up-to-date: /home/lab/fleet_system_ws/install/my_package/include/my_package/action
[1.739s] -- Up-to-date: /home/lab/fleet_system_ws/install/my_package/include/my_package/action/detail
[1.739s] -- Up-to-date: /home/lab/fleet_system_ws/install/my_package/include/my_package/action/detail/fleet_management__rosidl_typesupport_introspection_c.h
[1.739s] -- Up-to-date: /home/lab/fleet_system_ws/install/my_package/include/my_package/action/detail/fleet_management__type_support.c
[1.739s] -- Up-to-date: /home/lab/fleet_system_ws/install/my_package/lib/libmy_package__rosidl_typesupport_introspection_c.so
[1.740s] -- Up-to-date: /home/lab/fleet_system_ws/install/my_package/lib/libmy_package__rosidl_typesupport_c.so
[1.740s] -- Up-to-date: /home/lab/fleet_system_ws/install/my_package/include/my_package
[1.740s] -- Up-to-date: /home/lab/fleet_system_ws/install/my_package/include/my_package/msg
[1.741s] -- Up-to-date: /home/lab/fleet_system_ws/install/my_package/include/my_package/msg/rosidl_generator_cpp__visibility_control.hpp
[1.741s] -- Up-to-date: /home/lab/fleet_system_ws/install/my_package/include/my_package/action
[1.741s] -- Up-to-date: /home/lab/fleet_system_ws/install/my_package/include/my_package/action/fleet_management.hpp
[1.741s] -- Up-to-date: /home/lab/fleet_system_ws/install/my_package/include/my_package/action/detail
[1.741s] -- Up-to-date: /home/lab/fleet_system_ws/install/my_package/include/my_package/action/detail/fleet_management__type_support.hpp
[1.741s] -- Up-to-date: /home/lab/fleet_system_ws/install/my_package/include/my_package/action/detail/fleet_management__builder.hpp
[1.741s] -- Up-to-date: /home/lab/fleet_system_ws/install/my_package/include/my_package/action/detail/fleet_management__struct.hpp
[1.741s] -- Up-to-date: /home/lab/fleet_system_ws/install/my_package/include/my_package/action/detail/fleet_management__traits.hpp
[1.741s] -- Up-to-date: /home/lab/fleet_system_ws/install/my_package/include/my_package
[1.741s] -- Up-to-date: /home/lab/fleet_system_ws/install/my_package/include/my_package/action
[1.742s] -- Up-to-date: /home/lab/fleet_system_ws/install/my_package/include/my_package/action/detail
[1.742s] -- Up-to-date: /home/lab/fleet_system_ws/install/my_package/include/my_package/action/detail/fleet_management__type_support.cpp
[1.742s] -- Up-to-date: /home/lab/fleet_system_ws/install/my_package/include/my_package/action/detail/fleet_management__rosidl_typesupport_introspection_cpp.hpp
[1.742s] -- Up-to-date: /home/lab/fleet_system_ws/install/my_package/lib/libmy_package__rosidl_typesupport_introspection_cpp.so
[1.742s] -- Up-to-date: /home/lab/fleet_system_ws/install/my_package/lib/libmy_package__rosidl_typesupport_cpp.so
[1.742s] -- Up-to-date: /home/lab/fleet_system_ws/install/my_package/share/my_package/environment/pythonpath.sh
[1.743s] -- Installing: /home/lab/fleet_system_ws/install/my_package/share/my_package/environment/pythonpath.dsv
[1.743s] -- Installing: /home/lab/fleet_system_ws/install/my_package/lib/python3.8/site-packages/my_package/__init__.py
[1.786s] Compiling '/home/lab/fleet_system_ws/install/my_package/lib/python3.8/site-packages/my_package/__init__.py'...
[1.790s] -- Up-to-date: /home/lab/fleet_system_ws/install/my_package/lib/python3.8/site-packages/my_package/action
[1.791s] -- Up-to-date: /home/lab/fleet_system_ws/install/my_package/lib/python3.8/site-packages/my_package/action/_fleet_management_s.c
[1.791s] -- Up-to-date: /home/lab/fleet_system_ws/install/my_package/lib/python3.8/site-packages/my_package/action/__init__.py
[1.791s] -- Up-to-date: /home/lab/fleet_system_ws/install/my_package/lib/python3.8/site-packages/my_package/action/_fleet_management.py
[1.791s] -- Up-to-date: /home/lab/fleet_system_ws/install/my_package/lib/python3.8/site-packages/my_package/my_package_s__rosidl_typesupport_fastrtps_c.cpython-38-x86_64-linux-gnu.so
[1.792s] -- Up-to-date: /home/lab/fleet_system_ws/install/my_package/lib/python3.8/site-packages/my_package/my_package_s__rosidl_typesupport_introspection_c.cpython-38-x86_64-linux-gnu.so
[1.793s] -- Up-to-date: /home/lab/fleet_system_ws/install/my_package/lib/python3.8/site-packages/my_package/my_package_s__rosidl_typesupport_c.cpython-38-x86_64-linux-gnu.so
[1.794s] -- Up-to-date: /home/lab/fleet_system_ws/install/my_package/lib/libmy_package__python.so
[1.794s] -- Up-to-date: /home/lab/fleet_system_ws/install/my_package/share/my_package/action/FleetManagement.idl
[1.794s] -- Up-to-date: /home/lab/fleet_system_ws/install/my_package/share/my_package/action/FleetManagement.action
[1.794s] -- Up-to-date: /home/lab/fleet_system_ws/install/my_package/share/ament_index/resource_index/package_run_dependencies/my_package
[1.794s] -- Up-to-date: /home/lab/fleet_system_ws/install/my_package/share/ament_index/resource_index/parent_prefix_path/my_package
[1.795s] -- Up-to-date: /home/lab/fleet_system_ws/install/my_package/share/my_package/environment/ament_prefix_path.sh
[1.795s] -- Installing: /home/lab/fleet_system_ws/install/my_package/share/my_package/environment/ament_prefix_path.dsv
[1.795s] -- Up-to-date: /home/lab/fleet_system_ws/install/my_package/share/my_package/environment/path.sh
[1.795s] -- Installing: /home/lab/fleet_system_ws/install/my_package/share/my_package/environment/path.dsv
[1.795s] -- Up-to-date: /home/lab/fleet_system_ws/install/my_package/share/my_package/local_setup.bash
[1.795s] -- Up-to-date: /home/lab/fleet_system_ws/install/my_package/share/my_package/local_setup.sh
[1.795s] -- Up-to-date: /home/lab/fleet_system_ws/install/my_package/share/my_package/local_setup.zsh
[1.795s] -- Installing: /home/lab/fleet_system_ws/install/my_package/share/my_package/local_setup.dsv
[1.796s] -- Installing: /home/lab/fleet_system_ws/install/my_package/share/my_package/package.dsv
[1.796s] -- Up-to-date: /home/lab/fleet_system_ws/install/my_package/share/ament_index/resource_index/packages/my_package
[1.796s] -- Up-to-date: /home/lab/fleet_system_ws/install/my_package/share/my_package/cmake/my_package__rosidl_generator_cExport.cmake
[1.796s] -- Installing: /home/lab/fleet_system_ws/install/my_package/share/my_package/cmake/my_package__rosidl_generator_cExport-noconfig.cmake
[1.796s] -- Up-to-date: /home/lab/fleet_system_ws/install/my_package/share/my_package/cmake/my_package__rosidl_typesupport_introspection_cExport.cmake
[1.796s] -- Installing: /home/lab/fleet_system_ws/install/my_package/share/my_package/cmake/my_package__rosidl_typesupport_introspection_cExport-noconfig.cmake
[1.797s] -- Up-to-date: /home/lab/fleet_system_ws/install/my_package/share/my_package/cmake/my_package__rosidl_typesupport_cExport.cmake
[1.797s] -- Installing: /home/lab/fleet_system_ws/install/my_package/share/my_package/cmake/my_package__rosidl_typesupport_cExport-noconfig.cmake
[1.797s] -- Up-to-date: /home/lab/fleet_system_ws/install/my_package/share/my_package/cmake/my_package__rosidl_generator_cppExport.cmake
[1.798s] -- Up-to-date: /home/lab/fleet_system_ws/install/my_package/share/my_package/cmake/my_package__rosidl_typesupport_introspection_cppExport.cmake
[1.798s] -- Installing: /home/lab/fleet_system_ws/install/my_package/share/my_package/cmake/my_package__rosidl_typesupport_introspection_cppExport-noconfig.cmake
[1.798s] -- Up-to-date: /home/lab/fleet_system_ws/install/my_package/share/my_package/cmake/my_package__rosidl_typesupport_cppExport.cmake
[1.799s] -- Installing: /home/lab/fleet_system_ws/install/my_package/share/my_package/cmake/my_package__rosidl_typesupport_cppExport-noconfig.cmake
[1.799s] -- Up-to-date: /home/lab/fleet_system_ws/install/my_package/share/my_package/cmake/rosidl_cmake-extras.cmake
[1.799s] -- Up-to-date: /home/lab/fleet_system_ws/install/my_package/share/my_package/cmake/ament_cmake_export_dependencies-extras.cmake
[1.799s] -- Up-to-date: /home/lab/fleet_system_ws/install/my_package/share/my_package/cmake/ament_cmake_export_libraries-extras.cmake
[1.800s] -- Up-to-date: /home/lab/fleet_system_ws/install/my_package/share/my_package/cmake/ament_cmake_export_targets-extras.cmake
[1.800s] -- Up-to-date: /home/lab/fleet_system_ws/install/my_package/share/my_package/cmake/ament_cmake_export_include_directories-extras.cmake
[1.800s] -- Up-to-date: /home/lab/fleet_system_ws/install/my_package/share/my_package/cmake/rosidl_cmake_export_typesupport_libraries-extras.cmake
[1.800s] -- Up-to-date: /home/lab/fleet_system_ws/install/my_package/share/my_package/cmake/rosidl_cmake_export_typesupport_targets-extras.cmake
[1.800s] -- Up-to-date: /home/lab/fleet_system_ws/install/my_package/share/my_package/cmake/my_packageConfig.cmake
[1.800s] -- Up-to-date: /home/lab/fleet_system_ws/install/my_package/share/my_package/cmake/my_packageConfig-version.cmake
[1.801s] -- Up-to-date: /home/lab/fleet_system_ws/install/my_package/share/my_package/package.xml
[1.803s] Invoked command in '/home/lab/fleet_system_ws/build/my_package' returned '0': CMAKE_PREFIX_PATH=/opt/ros/foxy /usr/bin/cmake --install /home/lab/fleet_system_ws/build/my_package
