[0.153s] Invoking command in '/home/lab/fleet_system_ws/build/my_package': CMAKE_PREFIX_PATH=${CMAKE_PREFIX_PATH}:/opt/ros/foxy /usr/bin/cmake --build /home/lab/fleet_system_ws/build/my_package -- -j12 -l12
[0.196s] [  3%] Built target my_package__cpp
[0.197s] [ 12%] Built target my_package__rosidl_generator_c
[0.216s] [ 48%] Built target my_package__rosidl_typesupport_cpp
[0.217s] [ 48%] Built target my_package__rosidl_typesupport_introspection_c
[0.217s] [ 51%] Built target my_package__rosidl_typesupport_c
[0.217s] [ 51%] Built target my_package__rosidl_typesupport_introspection_cpp
[0.219s] [ 61%] Built target my_package__rosidl_typesupport_fastrtps_cpp
[0.243s] [ 70%] Built target my_package__rosidl_typesupport_fastrtps_c
[0.260s] [ 70%] Built target my_package
[0.277s] [ 74%] Built target my_package__py
[0.299s] [ 80%] Built target my_package__python
[0.321s] [100%] Built target my_package__rosidl_typesupport_c__pyext
[0.321s] [100%] Built target my_package__rosidl_typesupport_fastrtps_c__pyext
[0.321s] [100%] Built target my_package__rosidl_typesupport_introspection_c__pyext
[0.332s] Invoked command in '/home/lab/fleet_system_ws/build/my_package' returned '0': CMAKE_PREFIX_PATH=${CMAKE_PREFIX_PATH}:/opt/ros/foxy /usr/bin/cmake --build /home/lab/fleet_system_ws/build/my_package -- -j12 -l12
[0.389s] Invoking command in '/home/lab/fleet_system_ws/build/my_package': CMAKE_PREFIX_PATH=${CMAKE_PREFIX_PATH}:/opt/ros/foxy /usr/bin/cmake --install /home/lab/fleet_system_ws/build/my_package
[0.399s] -- Install configuration: ""
[0.399s] -- Up-to-date: /home/lab/fleet_system_ws/install/my_package/share/ament_index/resource_index/rosidl_interfaces/my_package
[0.399s] -- Up-to-date: /home/lab/fleet_system_ws/install/my_package/include/my_package
[0.399s] -- Up-to-date: /home/lab/fleet_system_ws/install/my_package/include/my_package/msg
[0.399s] -- Up-to-date: /home/lab/fleet_system_ws/install/my_package/include/my_package/msg/rosidl_generator_c__visibility_control.h
[0.400s] -- Up-to-date: /home/lab/fleet_system_ws/install/my_package/include/my_package/action
[0.400s] -- Up-to-date: /home/lab/fleet_system_ws/install/my_package/include/my_package/action/fleet_management.h
[0.400s] -- Up-to-date: /home/lab/fleet_system_ws/install/my_package/include/my_package/action/detail
[0.400s] -- Up-to-date: /home/lab/fleet_system_ws/install/my_package/include/my_package/action/detail/fleet_management__struct.h
[0.400s] -- Up-to-date: /home/lab/fleet_system_ws/install/my_package/include/my_package/action/detail/fleet_management__type_support.h
[0.400s] -- Up-to-date: /home/lab/fleet_system_ws/install/my_package/include/my_package/action/detail/fleet_management__functions.c
[0.400s] -- Up-to-date: /home/lab/fleet_system_ws/install/my_package/include/my_package/action/detail/fleet_management__functions.h
[0.400s] -- Up-to-date: /home/lab/fleet_system_ws/install/my_package/share/my_package/environment/library_path.sh
[0.401s] -- Up-to-date: /home/lab/fleet_system_ws/install/my_package/share/my_package/environment/library_path.dsv
[0.401s] -- Up-to-date: /home/lab/fleet_system_ws/install/my_package/lib/libmy_package__rosidl_generator_c.so
[0.401s] -- Up-to-date: /home/lab/fleet_system_ws/install/my_package/include/my_package
[0.401s] -- Up-to-date: /home/lab/fleet_system_ws/install/my_package/include/my_package/msg
[0.401s] -- Up-to-date: /home/lab/fleet_system_ws/install/my_package/include/my_package/msg/rosidl_typesupport_fastrtps_c__visibility_control.h
[0.401s] -- Up-to-date: /home/lab/fleet_system_ws/install/my_package/include/my_package/action
[0.401s] -- Up-to-date: /home/lab/fleet_system_ws/install/my_package/include/my_package/action/detail
[0.401s] -- Up-to-date: /home/lab/fleet_system_ws/install/my_package/include/my_package/action/detail/fleet_management__rosidl_typesupport_fastrtps_c.h
[0.401s] -- Up-to-date: /home/lab/fleet_system_ws/install/my_package/lib/libmy_package__rosidl_typesupport_fastrtps_c.so
[0.401s] -- Up-to-date: /home/lab/fleet_system_ws/install/my_package/include/my_package
[0.401s] -- Up-to-date: /home/lab/fleet_system_ws/install/my_package/include/my_package/msg
[0.401s] -- Up-to-date: /home/lab/fleet_system_ws/install/my_package/include/my_package/msg/rosidl_typesupport_fastrtps_cpp__visibility_control.h
[0.402s] -- Up-to-date: /home/lab/fleet_system_ws/install/my_package/include/my_package/action
[0.402s] -- Up-to-date: /home/lab/fleet_system_ws/install/my_package/include/my_package/action/detail
[0.402s] -- Up-to-date: /home/lab/fleet_system_ws/install/my_package/include/my_package/action/detail/dds_fastrtps
[0.402s] -- Up-to-date: /home/lab/fleet_system_ws/install/my_package/include/my_package/action/detail/fleet_management__rosidl_typesupport_fastrtps_cpp.hpp
[0.402s] -- Up-to-date: /home/lab/fleet_system_ws/install/my_package/lib/libmy_package__rosidl_typesupport_fastrtps_cpp.so
[0.402s] -- Up-to-date: /home/lab/fleet_system_ws/install/my_package/include/my_package
[0.402s] -- Up-to-date: /home/lab/fleet_system_ws/install/my_package/include/my_package/msg
[0.402s] -- Up-to-date: /home/lab/fleet_system_ws/install/my_package/include/my_package/msg/rosidl_typesupport_introspection_c__visibility_control.h
[0.402s] -- Up-to-date: /home/lab/fleet_system_ws/install/my_package/include/my_package/action
[0.402s] -- Up-to-date: /home/lab/fleet_system_ws/install/my_package/include/my_package/action/detail
[0.402s] -- Up-to-date: /home/lab/fleet_system_ws/install/my_package/include/my_package/action/detail/fleet_management__rosidl_typesupport_introspection_c.h
[0.403s] -- Up-to-date: /home/lab/fleet_system_ws/install/my_package/include/my_package/action/detail/fleet_management__type_support.c
[0.403s] -- Up-to-date: /home/lab/fleet_system_ws/install/my_package/lib/libmy_package__rosidl_typesupport_introspection_c.so
[0.403s] -- Up-to-date: /home/lab/fleet_system_ws/install/my_package/lib/libmy_package__rosidl_typesupport_c.so
[0.403s] -- Up-to-date: /home/lab/fleet_system_ws/install/my_package/include/my_package
[0.403s] -- Up-to-date: /home/lab/fleet_system_ws/install/my_package/include/my_package/msg
[0.403s] -- Up-to-date: /home/lab/fleet_system_ws/install/my_package/include/my_package/msg/rosidl_generator_cpp__visibility_control.hpp
[0.404s] -- Up-to-date: /home/lab/fleet_system_ws/install/my_package/include/my_package/action
[0.404s] -- Up-to-date: /home/lab/fleet_system_ws/install/my_package/include/my_package/action/fleet_management.hpp
[0.404s] -- Up-to-date: /home/lab/fleet_system_ws/install/my_package/include/my_package/action/detail
[0.404s] -- Up-to-date: /home/lab/fleet_system_ws/install/my_package/include/my_package/action/detail/fleet_management__type_support.hpp
[0.404s] -- Up-to-date: /home/lab/fleet_system_ws/install/my_package/include/my_package/action/detail/fleet_management__builder.hpp
[0.404s] -- Up-to-date: /home/lab/fleet_system_ws/install/my_package/include/my_package/action/detail/fleet_management__struct.hpp
[0.404s] -- Up-to-date: /home/lab/fleet_system_ws/install/my_package/include/my_package/action/detail/fleet_management__traits.hpp
[0.404s] -- Up-to-date: /home/lab/fleet_system_ws/install/my_package/include/my_package
[0.404s] -- Up-to-date: /home/lab/fleet_system_ws/install/my_package/include/my_package/action
[0.404s] -- Up-to-date: /home/lab/fleet_system_ws/install/my_package/include/my_package/action/detail
[0.404s] -- Up-to-date: /home/lab/fleet_system_ws/install/my_package/include/my_package/action/detail/fleet_management__type_support.cpp
[0.404s] -- Up-to-date: /home/lab/fleet_system_ws/install/my_package/include/my_package/action/detail/fleet_management__rosidl_typesupport_introspection_cpp.hpp
[0.405s] -- Up-to-date: /home/lab/fleet_system_ws/install/my_package/lib/libmy_package__rosidl_typesupport_introspection_cpp.so
[0.405s] -- Up-to-date: /home/lab/fleet_system_ws/install/my_package/lib/libmy_package__rosidl_typesupport_cpp.so
[0.405s] -- Up-to-date: /home/lab/fleet_system_ws/install/my_package/share/my_package/environment/pythonpath.sh
[0.405s] -- Up-to-date: /home/lab/fleet_system_ws/install/my_package/share/my_package/environment/pythonpath.dsv
[0.405s] -- Up-to-date: /home/lab/fleet_system_ws/install/my_package/lib/python3.8/site-packages/my_package/__init__.py
[0.442s] -- Up-to-date: /home/lab/fleet_system_ws/install/my_package/lib/python3.8/site-packages/my_package/action
[0.442s] -- Up-to-date: /home/lab/fleet_system_ws/install/my_package/lib/python3.8/site-packages/my_package/action/_fleet_management_s.c
[0.443s] -- Up-to-date: /home/lab/fleet_system_ws/install/my_package/lib/python3.8/site-packages/my_package/action/__init__.py
[0.443s] -- Up-to-date: /home/lab/fleet_system_ws/install/my_package/lib/python3.8/site-packages/my_package/action/_fleet_management.py
[0.443s] -- Up-to-date: /home/lab/fleet_system_ws/install/my_package/lib/python3.8/site-packages/my_package/my_package_s__rosidl_typesupport_fastrtps_c.cpython-38-x86_64-linux-gnu.so
[0.443s] -- Up-to-date: /home/lab/fleet_system_ws/install/my_package/lib/python3.8/site-packages/my_package/my_package_s__rosidl_typesupport_introspection_c.cpython-38-x86_64-linux-gnu.so
[0.444s] -- Up-to-date: /home/lab/fleet_system_ws/install/my_package/lib/python3.8/site-packages/my_package/my_package_s__rosidl_typesupport_c.cpython-38-x86_64-linux-gnu.so
[0.445s] -- Up-to-date: /home/lab/fleet_system_ws/install/my_package/lib/libmy_package__python.so
[0.445s] -- Up-to-date: /home/lab/fleet_system_ws/install/my_package/share/my_package/action/FleetManagement.idl
[0.445s] -- Up-to-date: /home/lab/fleet_system_ws/install/my_package/share/my_package/action/FleetManagement.action
[0.445s] -- Up-to-date: /home/lab/fleet_system_ws/install/my_package/share/ament_index/resource_index/package_run_dependencies/my_package
[0.445s] -- Up-to-date: /home/lab/fleet_system_ws/install/my_package/share/ament_index/resource_index/parent_prefix_path/my_package
[0.445s] -- Up-to-date: /home/lab/fleet_system_ws/install/my_package/share/my_package/environment/ament_prefix_path.sh
[0.445s] -- Up-to-date: /home/lab/fleet_system_ws/install/my_package/share/my_package/environment/ament_prefix_path.dsv
[0.445s] -- Up-to-date: /home/lab/fleet_system_ws/install/my_package/share/my_package/environment/path.sh
[0.445s] -- Up-to-date: /home/lab/fleet_system_ws/install/my_package/share/my_package/environment/path.dsv
[0.445s] -- Up-to-date: /home/lab/fleet_system_ws/install/my_package/share/my_package/local_setup.bash
[0.446s] -- Up-to-date: /home/lab/fleet_system_ws/install/my_package/share/my_package/local_setup.sh
[0.446s] -- Up-to-date: /home/lab/fleet_system_ws/install/my_package/share/my_package/local_setup.zsh
[0.446s] -- Up-to-date: /home/lab/fleet_system_ws/install/my_package/share/my_package/local_setup.dsv
[0.446s] -- Installing: /home/lab/fleet_system_ws/install/my_package/share/my_package/package.dsv
[0.446s] -- Up-to-date: /home/lab/fleet_system_ws/install/my_package/share/ament_index/resource_index/packages/my_package
[0.446s] -- Up-to-date: /home/lab/fleet_system_ws/install/my_package/share/my_package/cmake/my_package__rosidl_generator_cExport.cmake
[0.446s] -- Up-to-date: /home/lab/fleet_system_ws/install/my_package/share/my_package/cmake/my_package__rosidl_generator_cExport-noconfig.cmake
[0.446s] -- Up-to-date: /home/lab/fleet_system_ws/install/my_package/share/my_package/cmake/my_package__rosidl_typesupport_introspection_cExport.cmake
[0.446s] -- Up-to-date: /home/lab/fleet_system_ws/install/my_package/share/my_package/cmake/my_package__rosidl_typesupport_introspection_cExport-noconfig.cmake
[0.446s] -- Up-to-date: /home/lab/fleet_system_ws/install/my_package/share/my_package/cmake/my_package__rosidl_typesupport_cExport.cmake
[0.447s] -- Up-to-date: /home/lab/fleet_system_ws/install/my_package/share/my_package/cmake/my_package__rosidl_typesupport_cExport-noconfig.cmake
[0.447s] -- Up-to-date: /home/lab/fleet_system_ws/install/my_package/share/my_package/cmake/my_package__rosidl_generator_cppExport.cmake
[0.447s] -- Up-to-date: /home/lab/fleet_system_ws/install/my_package/share/my_package/cmake/my_package__rosidl_typesupport_introspection_cppExport.cmake
[0.447s] -- Up-to-date: /home/lab/fleet_system_ws/install/my_package/share/my_package/cmake/my_package__rosidl_typesupport_introspection_cppExport-noconfig.cmake
[0.447s] -- Up-to-date: /home/lab/fleet_system_ws/install/my_package/share/my_package/cmake/my_package__rosidl_typesupport_cppExport.cmake
[0.447s] -- Up-to-date: /home/lab/fleet_system_ws/install/my_package/share/my_package/cmake/my_package__rosidl_typesupport_cppExport-noconfig.cmake
[0.447s] -- Up-to-date: /home/lab/fleet_system_ws/install/my_package/share/my_package/cmake/rosidl_cmake-extras.cmake
[0.447s] -- Up-to-date: /home/lab/fleet_system_ws/install/my_package/share/my_package/cmake/ament_cmake_export_dependencies-extras.cmake
[0.448s] -- Up-to-date: /home/lab/fleet_system_ws/install/my_package/share/my_package/cmake/ament_cmake_export_libraries-extras.cmake
[0.448s] -- Up-to-date: /home/lab/fleet_system_ws/install/my_package/share/my_package/cmake/ament_cmake_export_targets-extras.cmake
[0.448s] -- Up-to-date: /home/lab/fleet_system_ws/install/my_package/share/my_package/cmake/ament_cmake_export_include_directories-extras.cmake
[0.448s] -- Up-to-date: /home/lab/fleet_system_ws/install/my_package/share/my_package/cmake/rosidl_cmake_export_typesupport_libraries-extras.cmake
[0.448s] -- Up-to-date: /home/lab/fleet_system_ws/install/my_package/share/my_package/cmake/rosidl_cmake_export_typesupport_targets-extras.cmake
[0.448s] -- Up-to-date: /home/lab/fleet_system_ws/install/my_package/share/my_package/cmake/my_packageConfig.cmake
[0.448s] -- Up-to-date: /home/lab/fleet_system_ws/install/my_package/share/my_package/cmake/my_packageConfig-version.cmake
[0.448s] -- Up-to-date: /home/lab/fleet_system_ws/install/my_package/share/my_package/package.xml
[0.450s] Invoked command in '/home/lab/fleet_system_ws/build/my_package' returned '0': CMAKE_PREFIX_PATH=${CMAKE_PREFIX_PATH}:/opt/ros/foxy /usr/bin/cmake --install /home/lab/fleet_system_ws/build/my_package
