[0.193s] Invoking command in '/home/lab/fleet_system_ws/build/my_package': CMAKE_PREFIX_PATH=/opt/ros/foxy /usr/bin/cmake --build /home/lab/fleet_system_ws/build/my_package -- -j12 -l12
[0.224s] -- Found ament_cmake: 0.9.12 (/opt/ros/foxy/share/ament_cmake/cmake)
[0.252s] -- Found PythonInterp: /usr/bin/python3 (found suitable version "3.8.10", minimum required is "3") 
[0.252s] -- Using PYTHON_EXECUTABLE: /usr/bin/python3
[0.501s] -- Found ament_lint_auto: 0.9.8 (/opt/ros/foxy/share/ament_lint_auto/cmake)
[0.580s] -- Found rosidl_default_generators: 1.0.1 (/opt/ros/foxy/share/rosidl_default_generators/cmake)
[0.582s] -- Using all available rosidl_typesupport_c: rosidl_typesupport_fastrtps_c;rosidl_typesupport_introspection_c
[0.587s] -- Found rosidl_adapter: 1.3.1 (/opt/ros/foxy/share/rosidl_adapter/cmake)
[0.767s] -- Using all available rosidl_typesupport_cpp: rosidl_typesupport_fastrtps_cpp;rosidl_typesupport_introspection_cpp
[0.827s] -- Found PythonInterp: /usr/bin/python3 (found version "3.8.10") 
[1.059s] CMake Error at /opt/ros/foxy/share/rosidl_adapter/cmake/rosidl_adapt_interfaces.cmake:60 (message):
[1.059s]   execute_process(/usr/bin/python3 -m rosidl_adapter --package-name
[1.060s]   my_package --arguments-file
[1.060s]   /home/lab/fleet_system_ws/build/my_package/rosidl_adapter__arguments__my_package.json
[1.060s]   --output-dir
[1.060s]   /home/lab/fleet_system_ws/build/my_package/rosidl_adapter/my_package
[1.060s]   --output-file
[1.060s]   /home/lab/fleet_system_ws/build/my_package/rosidl_adapter/my_package.idls)
[1.060s]   returned error code 1:
[1.060s] 
[1.060s]   Traceback (most recent call last):
[1.060s] 
[1.060s]     File "/usr/lib/python3.8/runpy.py", line 194, in _run_module_as_main
[1.061s]       return _run_code(code, main_globals, None,
[1.061s]     File "/usr/lib/python3.8/runpy.py", line 87, in _run_code
[1.061s]       exec(code, run_globals)
[1.061s]     File "/opt/ros/foxy/lib/python3.8/site-packages/rosidl_adapter/__main__.py", line 19, in <module>
[1.061s]       sys.exit(main())
[1.061s]     File "/opt/ros/foxy/lib/python3.8/site-packages/rosidl_adapter/main.py", line 53, in main
[1.061s]       abs_idl_file = convert_to_idl(
[1.061s]     File "/opt/ros/foxy/lib/python3.8/site-packages/rosidl_adapter/__init__.py", line 29, in convert_to_idl
[1.061s]       return convert_action_to_idl(
[1.061s]     File "/opt/ros/foxy/lib/python3.8/site-packages/rosidl_adapter/action/__init__.py", line 28, in convert_action_to_idl
[1.062s]       action = parse_action_string(package_name, input_file.stem, content)
[1.062s]     File "/opt/ros/foxy/lib/python3.8/site-packages/rosidl_adapter/parser.py", line 892, in parse_action_string
[1.062s]       goal_message = parse_message_string(
[1.062s]     File "/opt/ros/foxy/lib/python3.8/site-packages/rosidl_adapter/parser.py", line 540, in parse_message_string
[1.062s]       msg = MessageSpecification(pkg_name, msg_name, fields, constants)
[1.062s]     File "/opt/ros/foxy/lib/python3.8/site-packages/rosidl_adapter/parser.py", line 387, in __init__
[1.062s]       self.base_type = BaseType(
[1.062s]     File "/opt/ros/foxy/lib/python3.8/site-packages/rosidl_adapter/parser.py", line 204, in __init__
[1.062s]       raise InvalidResourceName(
[1.062s] 
[1.062s]   rosidl_adapter.parser.InvalidResourceName: 'Fleet_management_Goal' is an
[1.063s]   invalid message name.  It should have the pattern '^[A-Z][A-Za-z0-9]*$'
[1.063s] 
[1.063s] Call Stack (most recent call first):
[1.063s]   /opt/ros/foxy/share/rosidl_cmake/cmake/rosidl_generate_interfaces.cmake:130 (rosidl_adapt_interfaces)
[1.063s]   CMakeLists.txt:45 (rosidl_generate_interfaces)
[1.063s] 
[1.063s] 
[1.063s] -- Configuring incomplete, errors occurred!
[1.063s] See also "/home/lab/fleet_system_ws/build/my_package/CMakeFiles/CMakeOutput.log".
[1.068s] make: *** [Makefile:266: cmake_check_build_system] Error 1
[1.071s] Invoked command in '/home/lab/fleet_system_ws/build/my_package' returned '2': CMAKE_PREFIX_PATH=/opt/ros/foxy /usr/bin/cmake --build /home/lab/fleet_system_ws/build/my_package -- -j12 -l12
