[2.771s] DEBUG:colcon:Command line arguments: ['/usr/bin/colcon', 'build']
[2.771s] DEBUG:colcon:Parsed command line arguments: Namespace(allow_overriding=[], ament_cmake_args=None, base_paths=['.'], build_base='build', catkin_cmake_args=None, catkin_skip_building_tests=False, cmake_args=None, cmake_clean_cache=False, cmake_clean_first=False, cmake_force_configure=False, cmake_target=None, cmake_target_skip_unavailable=False, continue_on_error=False, event_handlers=None, executor='parallel', ignore_user_meta=False, install_base='install', log_base=None, log_level=None, main=<bound method BuildVerb.main of <colcon_core.verb.build.BuildVerb object at 0x7fcf9fdb89d0>>, merge_install=False, metas=['./colcon.meta'], packages_above=None, packages_above_and_dependencies=None, packages_above_depth=None, packages_end=None, packages_ignore=None, packages_ignore_regex=None, packages_select=None, packages_select_build_failed=False, packages_select_by_dep=None, packages_select_regex=None, packages_select_test_failures=False, packages_skip=None, packages_skip_build_finished=False, packages_skip_by_dep=None, packages_skip_regex=None, packages_skip_test_passed=False, packages_skip_up_to=None, packages_start=None, packages_up_to=None, packages_up_to_regex=None, parallel_workers=12, paths=None, symlink_install=False, test_result_base=None, verb_extension=<colcon_core.verb.build.BuildVerb object at 0x7fcf9fdb89d0>, verb_name='build', verb_parser=<colcon_defaults.argument_parser.defaults.DefaultArgumentsDecorator object at 0x7fcf9fdc7d00>)
[2.920s] Level 1:colcon.colcon_core.package_discovery:discover_packages(colcon_meta) check parameters
[2.920s] Level 1:colcon.colcon_core.package_discovery:discover_packages(recursive) check parameters
[2.920s] Level 1:colcon.colcon_core.package_discovery:discover_packages(ignore) check parameters
[2.920s] Level 1:colcon.colcon_core.package_discovery:discover_packages(path) check parameters
[2.920s] Level 1:colcon.colcon_core.package_discovery:discover_packages(colcon_meta) discover
[2.920s] Level 1:colcon.colcon_core.package_discovery:discover_packages(recursive) discover
[2.920s] INFO:colcon.colcon_core.package_discovery:Crawling recursively for packages in '/home/lab/fleet_system_ws'
[2.920s] Level 1:colcon.colcon_core.package_identification:_identify(.) by extensions ['ignore', 'ignore_ament_install']
[2.921s] Level 1:colcon.colcon_core.package_identification:_identify(.) by extension 'ignore'
[2.921s] Level 1:colcon.colcon_core.package_identification:_identify(.) by extension 'ignore_ament_install'
[2.921s] Level 1:colcon.colcon_core.package_identification:_identify(.) by extensions ['colcon_pkg']
[2.921s] Level 1:colcon.colcon_core.package_identification:_identify(.) by extension 'colcon_pkg'
[2.921s] Level 1:colcon.colcon_core.package_identification:_identify(.) by extensions ['colcon_meta']
[2.921s] Level 1:colcon.colcon_core.package_identification:_identify(.) by extension 'colcon_meta'
[2.921s] Level 1:colcon.colcon_core.package_identification:_identify(.) by extensions ['ros']
[2.921s] Level 1:colcon.colcon_core.package_identification:_identify(.) by extension 'ros'
[2.935s] Level 1:colcon.colcon_core.package_identification:_identify(.) by extensions ['cmake', 'python']
[2.935s] Level 1:colcon.colcon_core.package_identification:_identify(.) by extension 'cmake'
[2.935s] Level 1:colcon.colcon_core.package_identification:_identify(.) by extension 'python'
[2.935s] Level 1:colcon.colcon_core.package_identification:_identify(.) by extensions ['python_setup_py']
[2.935s] Level 1:colcon.colcon_core.package_identification:_identify(.) by extension 'python_setup_py'
[2.936s] Level 1:colcon.colcon_core.package_identification:_identify(build) by extensions ['ignore', 'ignore_ament_install']
[2.936s] Level 1:colcon.colcon_core.package_identification:_identify(build) by extension 'ignore'
[2.936s] Level 1:colcon.colcon_core.package_identification:_identify(build) ignored
[2.936s] Level 1:colcon.colcon_core.package_identification:_identify(install) by extensions ['ignore', 'ignore_ament_install']
[2.936s] Level 1:colcon.colcon_core.package_identification:_identify(install) by extension 'ignore'
[2.936s] Level 1:colcon.colcon_core.package_identification:_identify(install) ignored
[2.936s] Level 1:colcon.colcon_core.package_identification:_identify(log) by extensions ['ignore', 'ignore_ament_install']
[2.936s] Level 1:colcon.colcon_core.package_identification:_identify(log) by extension 'ignore'
[2.936s] Level 1:colcon.colcon_core.package_identification:_identify(log) ignored
[2.936s] Level 1:colcon.colcon_core.package_identification:_identify(src) by extensions ['ignore', 'ignore_ament_install']
[2.937s] Level 1:colcon.colcon_core.package_identification:_identify(src) by extension 'ignore'
[2.937s] Level 1:colcon.colcon_core.package_identification:_identify(src) by extension 'ignore_ament_install'
[2.937s] Level 1:colcon.colcon_core.package_identification:_identify(src) by extensions ['colcon_pkg']
[2.937s] Level 1:colcon.colcon_core.package_identification:_identify(src) by extension 'colcon_pkg'
[2.937s] Level 1:colcon.colcon_core.package_identification:_identify(src) by extensions ['colcon_meta']
[2.937s] Level 1:colcon.colcon_core.package_identification:_identify(src) by extension 'colcon_meta'
[2.937s] Level 1:colcon.colcon_core.package_identification:_identify(src) by extensions ['ros']
[2.937s] Level 1:colcon.colcon_core.package_identification:_identify(src) by extension 'ros'
[2.937s] Level 1:colcon.colcon_core.package_identification:_identify(src) by extensions ['cmake', 'python']
[2.937s] Level 1:colcon.colcon_core.package_identification:_identify(src) by extension 'cmake'
[2.937s] Level 1:colcon.colcon_core.package_identification:_identify(src) by extension 'python'
[2.937s] Level 1:colcon.colcon_core.package_identification:_identify(src) by extensions ['python_setup_py']
[2.937s] Level 1:colcon.colcon_core.package_identification:_identify(src) by extension 'python_setup_py'
[2.937s] Level 1:colcon.colcon_core.package_identification:_identify(src/my_package) by extensions ['ignore', 'ignore_ament_install']
[2.938s] Level 1:colcon.colcon_core.package_identification:_identify(src/my_package) by extension 'ignore'
[2.938s] Level 1:colcon.colcon_core.package_identification:_identify(src/my_package) by extension 'ignore_ament_install'
[2.938s] Level 1:colcon.colcon_core.package_identification:_identify(src/my_package) by extensions ['colcon_pkg']
[2.938s] Level 1:colcon.colcon_core.package_identification:_identify(src/my_package) by extension 'colcon_pkg'
[2.938s] Level 1:colcon.colcon_core.package_identification:_identify(src/my_package) by extensions ['colcon_meta']
[2.938s] Level 1:colcon.colcon_core.package_identification:_identify(src/my_package) by extension 'colcon_meta'
[2.938s] Level 1:colcon.colcon_core.package_identification:_identify(src/my_package) by extensions ['ros']
[2.938s] Level 1:colcon.colcon_core.package_identification:_identify(src/my_package) by extension 'ros'
[2.941s] DEBUG:colcon.colcon_core.package_identification:Package 'src/my_package' with type 'ros.ament_cmake' and name 'my_package'
[2.941s] Level 1:colcon.colcon_core.package_discovery:discover_packages(recursive) using defaults
[2.941s] Level 1:colcon.colcon_core.package_discovery:discover_packages(ignore) discover
[2.941s] Level 1:colcon.colcon_core.package_discovery:discover_packages(ignore) using defaults
[2.941s] Level 1:colcon.colcon_core.package_discovery:discover_packages(path) discover
[2.941s] Level 1:colcon.colcon_core.package_discovery:discover_packages(path) using defaults
[3.251s] Level 1:colcon.colcon_core.package_discovery:discover_packages(prefix_path) check parameters
[3.251s] Level 1:colcon.colcon_core.package_discovery:discover_packages(prefix_path) discover
[3.370s] DEBUG:colcon.colcon_installed_package_information.package_discovery:Found 263 installed packages in /opt/ros/foxy
[3.372s] Level 1:colcon.colcon_core.package_discovery:discover_packages(prefix_path) using defaults
[3.620s] Level 5:colcon.colcon_core.verb:set package 'my_package' build argument 'cmake_args' from command line to 'None'
[3.620s] Level 5:colcon.colcon_core.verb:set package 'my_package' build argument 'cmake_target' from command line to 'None'
[3.620s] Level 5:colcon.colcon_core.verb:set package 'my_package' build argument 'cmake_target_skip_unavailable' from command line to 'False'
[3.620s] Level 5:colcon.colcon_core.verb:set package 'my_package' build argument 'cmake_clean_cache' from command line to 'False'
[3.620s] Level 5:colcon.colcon_core.verb:set package 'my_package' build argument 'cmake_clean_first' from command line to 'False'
[3.620s] Level 5:colcon.colcon_core.verb:set package 'my_package' build argument 'cmake_force_configure' from command line to 'False'
[3.620s] Level 5:colcon.colcon_core.verb:set package 'my_package' build argument 'ament_cmake_args' from command line to 'None'
[3.620s] Level 5:colcon.colcon_core.verb:set package 'my_package' build argument 'catkin_cmake_args' from command line to 'None'
[3.620s] Level 5:colcon.colcon_core.verb:set package 'my_package' build argument 'catkin_skip_building_tests' from command line to 'False'
[3.621s] DEBUG:colcon.colcon_core.verb:Building package 'my_package' with the following arguments: {'ament_cmake_args': None, 'build_base': '/home/lab/fleet_system_ws/build/my_package', 'catkin_cmake_args': None, 'catkin_skip_building_tests': False, 'cmake_args': None, 'cmake_clean_cache': False, 'cmake_clean_first': False, 'cmake_force_configure': False, 'cmake_target': None, 'cmake_target_skip_unavailable': False, 'install_base': '/home/lab/fleet_system_ws/install/my_package', 'merge_install': False, 'path': '/home/lab/fleet_system_ws/src/my_package', 'symlink_install': False, 'test_result_base': None}
[3.679s] INFO:colcon.colcon_core.executor:Executing jobs using 'parallel' executor
[3.737s] DEBUG:colcon.colcon_parallel_executor.executor.parallel:run_until_complete
[3.738s] INFO:colcon.colcon_ros.task.ament_cmake.build:Building ROS package in '/home/lab/fleet_system_ws/src/my_package' with build type 'ament_cmake'
[3.738s] INFO:colcon.colcon_cmake.task.cmake.build:Building CMake package in '/home/lab/fleet_system_ws/src/my_package'
[3.799s] INFO:colcon.colcon_core.plugin_system:Skipping extension 'colcon_core.shell.bat': Not used on non-Windows systems
[3.799s] INFO:colcon.colcon_core.shell:Skip shell extension 'powershell' for command environment: Not usable outside of PowerShell
[3.799s] DEBUG:colcon.colcon_core.shell:Skip shell extension 'dsv' for command environment
[3.932s] DEBUG:colcon.colcon_core.event_handler.log_command:Invoking command in '/home/lab/fleet_system_ws/build/my_package': CMAKE_PREFIX_PATH=/opt/ros/foxy /usr/bin/cmake --build /home/lab/fleet_system_ws/build/my_package -- -j12 -l12
[5.384s] DEBUG:colcon.colcon_core.event_handler.log_command:Invoked command in '/home/lab/fleet_system_ws/build/my_package' returned '0': CMAKE_PREFIX_PATH=/opt/ros/foxy /usr/bin/cmake --build /home/lab/fleet_system_ws/build/my_package -- -j12 -l12
[5.462s] DEBUG:colcon.colcon_core.event_handler.log_command:Invoking command in '/home/lab/fleet_system_ws/build/my_package': CMAKE_PREFIX_PATH=/opt/ros/foxy /usr/bin/cmake --install /home/lab/fleet_system_ws/build/my_package
[5.541s] Level 1:colcon.colcon_core.environment:create_environment_scripts_only(my_package)
[5.541s] DEBUG:colcon.colcon_core.event_handler.log_command:Invoked command in '/home/lab/fleet_system_ws/build/my_package' returned '0': CMAKE_PREFIX_PATH=/opt/ros/foxy /usr/bin/cmake --install /home/lab/fleet_system_ws/build/my_package
[5.606s] Level 1:colcon.colcon_core.environment:checking '/home/lab/fleet_system_ws/install/my_package' for CMake module files
[5.607s] Level 1:colcon.colcon_core.environment:checking '/home/lab/fleet_system_ws/install/my_package' for CMake config files
[5.608s] Level 1:colcon.colcon_core.shell:create_environment_hook('my_package', 'cmake_prefix_path')
[5.667s] INFO:colcon.colcon_core.shell:Creating environment hook '/home/lab/fleet_system_ws/install/my_package/share/my_package/hook/cmake_prefix_path.ps1'
[5.668s] INFO:colcon.colcon_core.shell:Creating environment descriptor '/home/lab/fleet_system_ws/install/my_package/share/my_package/hook/cmake_prefix_path.dsv'
[5.669s] INFO:colcon.colcon_core.shell:Creating environment hook '/home/lab/fleet_system_ws/install/my_package/share/my_package/hook/cmake_prefix_path.sh'
[5.670s] Level 1:colcon.colcon_core.environment:checking '/home/lab/fleet_system_ws/install/my_package/lib'
[5.670s] Level 1:colcon.colcon_core.shell:create_environment_hook('my_package', 'ld_library_path_lib')
[5.729s] INFO:colcon.colcon_core.shell:Creating environment hook '/home/lab/fleet_system_ws/install/my_package/share/my_package/hook/ld_library_path_lib.ps1'
[5.730s] INFO:colcon.colcon_core.shell:Creating environment descriptor '/home/lab/fleet_system_ws/install/my_package/share/my_package/hook/ld_library_path_lib.dsv'
[5.730s] INFO:colcon.colcon_core.shell:Creating environment hook '/home/lab/fleet_system_ws/install/my_package/share/my_package/hook/ld_library_path_lib.sh'
[5.731s] Level 1:colcon.colcon_core.environment:checking '/home/lab/fleet_system_ws/install/my_package/bin'
[5.731s] Level 1:colcon.colcon_core.environment:checking '/home/lab/fleet_system_ws/install/my_package/lib/pkgconfig/my_package.pc'
[5.731s] Level 1:colcon.colcon_core.environment:checking '/home/lab/fleet_system_ws/install/my_package/lib/python3.8/site-packages'
[5.731s] Level 1:colcon.colcon_core.shell:create_environment_hook('my_package', 'pythonpath')
[5.791s] INFO:colcon.colcon_core.shell:Creating environment hook '/home/lab/fleet_system_ws/install/my_package/share/my_package/hook/pythonpath.ps1'
[5.791s] INFO:colcon.colcon_core.shell:Creating environment descriptor '/home/lab/fleet_system_ws/install/my_package/share/my_package/hook/pythonpath.dsv'
[5.792s] INFO:colcon.colcon_core.shell:Creating environment hook '/home/lab/fleet_system_ws/install/my_package/share/my_package/hook/pythonpath.sh'
[5.792s] Level 1:colcon.colcon_core.environment:checking '/home/lab/fleet_system_ws/install/my_package/bin'
[5.852s] INFO:colcon.colcon_core.shell:Creating package script '/home/lab/fleet_system_ws/install/my_package/share/my_package/package.ps1'
[5.853s] INFO:colcon.colcon_core.shell:Creating package descriptor '/home/lab/fleet_system_ws/install/my_package/share/my_package/package.dsv'
[5.853s] INFO:colcon.colcon_core.shell:Creating package script '/home/lab/fleet_system_ws/install/my_package/share/my_package/package.sh'
[5.854s] INFO:colcon.colcon_core.shell:Creating package script '/home/lab/fleet_system_ws/install/my_package/share/my_package/package.bash'
[5.855s] INFO:colcon.colcon_core.shell:Creating package script '/home/lab/fleet_system_ws/install/my_package/share/my_package/package.zsh'
[5.856s] Level 1:colcon.colcon_core.environment:create_file_with_runtime_dependencies(/home/lab/fleet_system_ws/install/my_package/share/colcon-core/packages/my_package)
[5.982s] Level 1:colcon.colcon_core.environment:create_environment_scripts_only(my_package)
[6.042s] Level 1:colcon.colcon_core.environment:checking '/home/lab/fleet_system_ws/install/my_package' for CMake module files
[6.043s] Level 1:colcon.colcon_core.environment:checking '/home/lab/fleet_system_ws/install/my_package' for CMake config files
[6.043s] Level 1:colcon.colcon_core.shell:create_environment_hook('my_package', 'cmake_prefix_path')
[6.103s] INFO:colcon.colcon_core.shell:Creating environment hook '/home/lab/fleet_system_ws/install/my_package/share/my_package/hook/cmake_prefix_path.ps1'
[6.103s] INFO:colcon.colcon_core.shell:Creating environment descriptor '/home/lab/fleet_system_ws/install/my_package/share/my_package/hook/cmake_prefix_path.dsv'
[6.104s] INFO:colcon.colcon_core.shell:Creating environment hook '/home/lab/fleet_system_ws/install/my_package/share/my_package/hook/cmake_prefix_path.sh'
[6.105s] Level 1:colcon.colcon_core.environment:checking '/home/lab/fleet_system_ws/install/my_package/lib'
[6.105s] Level 1:colcon.colcon_core.shell:create_environment_hook('my_package', 'ld_library_path_lib')
[6.165s] INFO:colcon.colcon_core.shell:Creating environment hook '/home/lab/fleet_system_ws/install/my_package/share/my_package/hook/ld_library_path_lib.ps1'
[6.165s] INFO:colcon.colcon_core.shell:Creating environment descriptor '/home/lab/fleet_system_ws/install/my_package/share/my_package/hook/ld_library_path_lib.dsv'
[6.166s] INFO:colcon.colcon_core.shell:Creating environment hook '/home/lab/fleet_system_ws/install/my_package/share/my_package/hook/ld_library_path_lib.sh'
[6.166s] Level 1:colcon.colcon_core.environment:checking '/home/lab/fleet_system_ws/install/my_package/bin'
[6.166s] Level 1:colcon.colcon_core.environment:checking '/home/lab/fleet_system_ws/install/my_package/lib/pkgconfig/my_package.pc'
[6.166s] Level 1:colcon.colcon_core.environment:checking '/home/lab/fleet_system_ws/install/my_package/lib/python3.8/site-packages'
[6.167s] Level 1:colcon.colcon_core.shell:create_environment_hook('my_package', 'pythonpath')
[6.227s] INFO:colcon.colcon_core.shell:Creating environment hook '/home/lab/fleet_system_ws/install/my_package/share/my_package/hook/pythonpath.ps1'
[6.228s] INFO:colcon.colcon_core.shell:Creating environment descriptor '/home/lab/fleet_system_ws/install/my_package/share/my_package/hook/pythonpath.dsv'
[6.228s] INFO:colcon.colcon_core.shell:Creating environment hook '/home/lab/fleet_system_ws/install/my_package/share/my_package/hook/pythonpath.sh'
[6.229s] Level 1:colcon.colcon_core.environment:checking '/home/lab/fleet_system_ws/install/my_package/bin'
[6.289s] INFO:colcon.colcon_core.shell:Creating package script '/home/lab/fleet_system_ws/install/my_package/share/my_package/package.ps1'
[6.290s] INFO:colcon.colcon_core.shell:Creating package descriptor '/home/lab/fleet_system_ws/install/my_package/share/my_package/package.dsv'
[6.290s] INFO:colcon.colcon_core.shell:Creating package script '/home/lab/fleet_system_ws/install/my_package/share/my_package/package.sh'
[6.291s] INFO:colcon.colcon_core.shell:Creating package script '/home/lab/fleet_system_ws/install/my_package/share/my_package/package.bash'
[6.291s] INFO:colcon.colcon_core.shell:Creating package script '/home/lab/fleet_system_ws/install/my_package/share/my_package/package.zsh'
[6.292s] Level 1:colcon.colcon_core.environment:create_file_with_runtime_dependencies(/home/lab/fleet_system_ws/install/my_package/share/colcon-core/packages/my_package)
[6.292s] DEBUG:colcon.colcon_parallel_executor.executor.parallel:closing loop
[6.293s] DEBUG:colcon.colcon_parallel_executor.executor.parallel:loop closed
[6.293s] DEBUG:colcon.colcon_parallel_executor.executor.parallel:run_until_complete finished with '0'
[6.293s] DEBUG:colcon.colcon_core.event_reactor:joining thread
[6.360s] INFO:colcon.colcon_core.plugin_system:Skipping extension 'colcon_notification.desktop_notification.terminal_notifier': Not used on non-Darwin systems
[6.360s] INFO:colcon.colcon_core.plugin_system:Skipping extension 'colcon_notification.desktop_notification.win32': Not used on non-Windows systems
[6.360s] INFO:colcon.colcon_notification.desktop_notification:Sending desktop notification using 'notify2'
[6.379s] DEBUG:colcon.colcon_core.event_reactor:joined thread
[6.446s] INFO:colcon.colcon_core.shell:Creating prefix script '/home/lab/fleet_system_ws/install/local_setup.ps1'
[6.448s] INFO:colcon.colcon_core.shell:Creating prefix util module '/home/lab/fleet_system_ws/install/_local_setup_util_ps1.py'
[6.450s] INFO:colcon.colcon_core.shell:Creating prefix chain script '/home/lab/fleet_system_ws/install/setup.ps1'
[6.511s] INFO:colcon.colcon_core.shell:Creating prefix script '/home/lab/fleet_system_ws/install/local_setup.sh'
[6.511s] INFO:colcon.colcon_core.shell:Creating prefix util module '/home/lab/fleet_system_ws/install/_local_setup_util_sh.py'
[6.512s] INFO:colcon.colcon_core.shell:Creating prefix chain script '/home/lab/fleet_system_ws/install/setup.sh'
[6.574s] INFO:colcon.colcon_core.shell:Creating prefix script '/home/lab/fleet_system_ws/install/local_setup.bash'
[6.574s] INFO:colcon.colcon_core.shell:Creating prefix chain script '/home/lab/fleet_system_ws/install/setup.bash'
[6.638s] INFO:colcon.colcon_core.shell:Creating prefix script '/home/lab/fleet_system_ws/install/local_setup.zsh'
[6.639s] INFO:colcon.colcon_core.shell:Creating prefix chain script '/home/lab/fleet_system_ws/install/setup.zsh'
