[0.198s] Invoking command in '/home/lab/fleet_system_ws/build/my_package': CMAKE_PREFIX_PATH=/opt/ros/foxy /usr/bin/cmake --build /home/lab/fleet_system_ws/build/my_package -- -j12 -l12
[0.234s] -- Found ament_cmake: 0.9.12 (/opt/ros/foxy/share/ament_cmake/cmake)
[0.262s] -- Found PythonInterp: /usr/bin/python3 (found suitable version "3.8.10", minimum required is "3") 
[0.263s] -- Using PYTHON_EXECUTABLE: /usr/bin/python3
[0.515s] -- Found ament_lint_auto: 0.9.8 (/opt/ros/foxy/share/ament_lint_auto/cmake)
[0.593s] -- Found rosidl_default_generators: 1.0.1 (/opt/ros/foxy/share/rosidl_default_generators/cmake)
[0.595s] -- Using all available rosidl_typesupport_c: rosidl_typesupport_fastrtps_c;rosidl_typesupport_introspection_c
[0.600s] -- Found rosidl_adapter: 1.3.1 (/opt/ros/foxy/share/rosidl_adapter/cmake)
[0.784s] -- Using all available rosidl_typesupport_cpp: rosidl_typesupport_fastrtps_cpp;rosidl_typesupport_introspection_cpp
[0.843s] -- Found PythonInterp: /usr/bin/python3 (found version "3.8.10") 
[1.016s] -- Found ament_cmake_ros: 0.9.2 (/opt/ros/foxy/share/ament_cmake_ros/cmake)
[1.182s] -- Using all available rosidl_typesupport_c: rosidl_typesupport_fastrtps_c;rosidl_typesupport_introspection_c
[1.212s] -- Using all available rosidl_typesupport_cpp: rosidl_typesupport_fastrtps_cpp;rosidl_typesupport_introspection_cpp
[1.245s] -- Found PythonInterp: /usr/bin/python3 (found suitable version "3.8.10", minimum required is "3.5") 
[1.245s] -- Found python_cmake_module: 0.8.1 (/opt/ros/foxy/share/python_cmake_module/cmake)
[1.275s] -- Using PYTHON_EXECUTABLE: /usr/bin/python3
[1.275s] -- Using PYTHON_INCLUDE_DIRS: /usr/include/python3.8
[1.275s] -- Using PYTHON_LIBRARIES: /usr/lib/x86_64-linux-gnu/libpython3.8.so
[1.309s] -- Added test 'copyright' to check source files copyright and LICENSE
[1.311s] -- Added test 'flake8' to check Python code syntax and style conventions
[1.312s] -- Added test 'lint_cmake' to check CMake code style
[1.312s] -- Added test 'pep257' to check Python code against some of the style conventions in PEP 257
[1.314s] -- Added test 'xmllint' to check XML markup files
[1.321s] -- Configuring done
[1.323s] CMake Error at CMakeLists.txt:24 (add_executable):
[1.323s]   Cannot find source file:
[1.323s] 
[1.324s]     src/fleet_management_server_cli.cpp
[1.324s] 
[1.324s]   Tried extensions .c .C .c++ .cc .cpp .cxx .cu .m .M .mm .h .hh .h++ .hm
[1.324s]   .hpp .hxx .in .txx
[1.324s] 
[1.324s] 
[1.325s] CMake Error at CMakeLists.txt:24 (add_executable):
[1.325s]   No SOURCES given to target: fleet_management_server_cli
[1.326s] 
[1.326s] 
[1.326s] CMake Generate step failed.  Build files cannot be regenerated correctly.
[1.333s] make: *** [Makefile:792: cmake_check_build_system] Error 1
[1.335s] Invoked command in '/home/lab/fleet_system_ws/build/my_package' returned '2': CMAKE_PREFIX_PATH=/opt/ros/foxy /usr/bin/cmake --build /home/lab/fleet_system_ws/build/my_package -- -j12 -l12
