[3.491s] DEBUG:colcon:Command line arguments: ['/usr/bin/colcon', 'build']
[3.491s] DEBUG:colcon:Parsed command line arguments: Namespace(allow_overriding=[], ament_cmake_args=None, base_paths=['.'], build_base='build', catkin_cmake_args=None, catkin_skip_building_tests=False, cmake_args=None, cmake_clean_cache=False, cmake_clean_first=False, cmake_force_configure=False, cmake_target=None, cmake_target_skip_unavailable=False, continue_on_error=False, event_handlers=None, executor='parallel', ignore_user_meta=False, install_base='install', log_base=None, log_level=None, main=<bound method BuildVerb.main of <colcon_core.verb.build.BuildVerb object at 0x7f5ca0507d90>>, merge_install=False, metas=['./colcon.meta'], packages_above=None, packages_above_and_dependencies=None, packages_above_depth=None, packages_end=None, packages_ignore=None, packages_ignore_regex=None, packages_select=None, packages_select_build_failed=False, packages_select_by_dep=None, packages_select_regex=None, packages_select_test_failures=False, packages_skip=None, packages_skip_build_finished=False, packages_skip_by_dep=None, packages_skip_regex=None, packages_skip_test_passed=False, packages_skip_up_to=None, packages_start=None, packages_up_to=None, packages_up_to_regex=None, parallel_workers=12, paths=None, symlink_install=False, test_result_base=None, verb_extension=<colcon_core.verb.build.BuildVerb object at 0x7f5ca0507d90>, verb_name='build', verb_parser=<colcon_defaults.argument_parser.defaults.DefaultArgumentsDecorator object at 0x7f5ca0507be0>)
[3.654s] Level 1:colcon.colcon_core.package_discovery:discover_packages(colcon_meta) check parameters
[3.654s] Level 1:colcon.colcon_core.package_discovery:discover_packages(recursive) check parameters
[3.654s] Level 1:colcon.colcon_core.package_discovery:discover_packages(ignore) check parameters
[3.654s] Level 1:colcon.colcon_core.package_discovery:discover_packages(path) check parameters
[3.654s] Level 1:colcon.colcon_core.package_discovery:discover_packages(colcon_meta) discover
[3.654s] Level 1:colcon.colcon_core.package_discovery:discover_packages(recursive) discover
[3.654s] INFO:colcon.colcon_core.package_discovery:Crawling recursively for packages in '/home/lab/fleet_system_ws'
[3.654s] Level 1:colcon.colcon_core.package_identification:_identify(.) by extensions ['ignore', 'ignore_ament_install']
[3.654s] Level 1:colcon.colcon_core.package_identification:_identify(.) by extension 'ignore'
[3.654s] Level 1:colcon.colcon_core.package_identification:_identify(.) by extension 'ignore_ament_install'
[3.654s] Level 1:colcon.colcon_core.package_identification:_identify(.) by extensions ['colcon_pkg']
[3.654s] Level 1:colcon.colcon_core.package_identification:_identify(.) by extension 'colcon_pkg'
[3.654s] Level 1:colcon.colcon_core.package_identification:_identify(.) by extensions ['colcon_meta']
[3.655s] Level 1:colcon.colcon_core.package_identification:_identify(.) by extension 'colcon_meta'
[3.655s] Level 1:colcon.colcon_core.package_identification:_identify(.) by extensions ['ros']
[3.655s] Level 1:colcon.colcon_core.package_identification:_identify(.) by extension 'ros'
[3.669s] Level 1:colcon.colcon_core.package_identification:_identify(.) by extensions ['cmake', 'python']
[3.669s] Level 1:colcon.colcon_core.package_identification:_identify(.) by extension 'cmake'
[3.669s] Level 1:colcon.colcon_core.package_identification:_identify(.) by extension 'python'
[3.669s] Level 1:colcon.colcon_core.package_identification:_identify(.) by extensions ['python_setup_py']
[3.669s] Level 1:colcon.colcon_core.package_identification:_identify(.) by extension 'python_setup_py'
[3.669s] Level 1:colcon.colcon_core.package_identification:_identify(build) by extensions ['ignore', 'ignore_ament_install']
[3.669s] Level 1:colcon.colcon_core.package_identification:_identify(build) by extension 'ignore'
[3.669s] Level 1:colcon.colcon_core.package_identification:_identify(build) ignored
[3.669s] Level 1:colcon.colcon_core.package_identification:_identify(install) by extensions ['ignore', 'ignore_ament_install']
[3.670s] Level 1:colcon.colcon_core.package_identification:_identify(install) by extension 'ignore'
[3.670s] Level 1:colcon.colcon_core.package_identification:_identify(install) ignored
[3.670s] Level 1:colcon.colcon_core.package_identification:_identify(log) by extensions ['ignore', 'ignore_ament_install']
[3.670s] Level 1:colcon.colcon_core.package_identification:_identify(log) by extension 'ignore'
[3.670s] Level 1:colcon.colcon_core.package_identification:_identify(log) ignored
[3.670s] Level 1:colcon.colcon_core.package_identification:_identify(src) by extensions ['ignore', 'ignore_ament_install']
[3.670s] Level 1:colcon.colcon_core.package_identification:_identify(src) by extension 'ignore'
[3.670s] Level 1:colcon.colcon_core.package_identification:_identify(src) by extension 'ignore_ament_install'
[3.670s] Level 1:colcon.colcon_core.package_identification:_identify(src) by extensions ['colcon_pkg']
[3.670s] Level 1:colcon.colcon_core.package_identification:_identify(src) by extension 'colcon_pkg'
[3.670s] Level 1:colcon.colcon_core.package_identification:_identify(src) by extensions ['colcon_meta']
[3.670s] Level 1:colcon.colcon_core.package_identification:_identify(src) by extension 'colcon_meta'
[3.670s] Level 1:colcon.colcon_core.package_identification:_identify(src) by extensions ['ros']
[3.671s] Level 1:colcon.colcon_core.package_identification:_identify(src) by extension 'ros'
[3.671s] Level 1:colcon.colcon_core.package_identification:_identify(src) by extensions ['cmake', 'python']
[3.671s] Level 1:colcon.colcon_core.package_identification:_identify(src) by extension 'cmake'
[3.671s] Level 1:colcon.colcon_core.package_identification:_identify(src) by extension 'python'
[3.671s] Level 1:colcon.colcon_core.package_identification:_identify(src) by extensions ['python_setup_py']
[3.671s] Level 1:colcon.colcon_core.package_identification:_identify(src) by extension 'python_setup_py'
[3.671s] Level 1:colcon.colcon_core.package_identification:_identify(src/my_package) by extensions ['ignore', 'ignore_ament_install']
[3.671s] Level 1:colcon.colcon_core.package_identification:_identify(src/my_package) by extension 'ignore'
[3.671s] Level 1:colcon.colcon_core.package_identification:_identify(src/my_package) by extension 'ignore_ament_install'
[3.671s] Level 1:colcon.colcon_core.package_identification:_identify(src/my_package) by extensions ['colcon_pkg']
[3.671s] Level 1:colcon.colcon_core.package_identification:_identify(src/my_package) by extension 'colcon_pkg'
[3.671s] Level 1:colcon.colcon_core.package_identification:_identify(src/my_package) by extensions ['colcon_meta']
[3.671s] Level 1:colcon.colcon_core.package_identification:_identify(src/my_package) by extension 'colcon_meta'
[3.671s] Level 1:colcon.colcon_core.package_identification:_identify(src/my_package) by extensions ['ros']
[3.671s] Level 1:colcon.colcon_core.package_identification:_identify(src/my_package) by extension 'ros'
[3.675s] DEBUG:colcon.colcon_core.package_identification:Package 'src/my_package' with type 'ros.ament_cmake' and name 'my_package'
[3.675s] Level 1:colcon.colcon_core.package_discovery:discover_packages(recursive) using defaults
[3.675s] Level 1:colcon.colcon_core.package_discovery:discover_packages(ignore) discover
[3.675s] Level 1:colcon.colcon_core.package_discovery:discover_packages(ignore) using defaults
[3.675s] Level 1:colcon.colcon_core.package_discovery:discover_packages(path) discover
[3.675s] Level 1:colcon.colcon_core.package_discovery:discover_packages(path) using defaults
[3.994s] Level 1:colcon.colcon_core.package_discovery:discover_packages(prefix_path) check parameters
[3.994s] Level 1:colcon.colcon_core.package_discovery:discover_packages(prefix_path) discover
[4.114s] DEBUG:colcon.colcon_installed_package_information.package_discovery:Found 263 installed packages in /opt/ros/foxy
[4.116s] Level 1:colcon.colcon_core.package_discovery:discover_packages(prefix_path) using defaults
[4.349s] Level 5:colcon.colcon_core.verb:set package 'my_package' build argument 'cmake_args' from command line to 'None'
[4.349s] Level 5:colcon.colcon_core.verb:set package 'my_package' build argument 'cmake_target' from command line to 'None'
[4.349s] Level 5:colcon.colcon_core.verb:set package 'my_package' build argument 'cmake_target_skip_unavailable' from command line to 'False'
[4.349s] Level 5:colcon.colcon_core.verb:set package 'my_package' build argument 'cmake_clean_cache' from command line to 'False'
[4.349s] Level 5:colcon.colcon_core.verb:set package 'my_package' build argument 'cmake_clean_first' from command line to 'False'
[4.349s] Level 5:colcon.colcon_core.verb:set package 'my_package' build argument 'cmake_force_configure' from command line to 'False'
[4.349s] Level 5:colcon.colcon_core.verb:set package 'my_package' build argument 'ament_cmake_args' from command line to 'None'
[4.349s] Level 5:colcon.colcon_core.verb:set package 'my_package' build argument 'catkin_cmake_args' from command line to 'None'
[4.349s] Level 5:colcon.colcon_core.verb:set package 'my_package' build argument 'catkin_skip_building_tests' from command line to 'False'
[4.349s] DEBUG:colcon.colcon_core.verb:Building package 'my_package' with the following arguments: {'ament_cmake_args': None, 'build_base': '/home/lab/fleet_system_ws/build/my_package', 'catkin_cmake_args': None, 'catkin_skip_building_tests': False, 'cmake_args': None, 'cmake_clean_cache': False, 'cmake_clean_first': False, 'cmake_force_configure': False, 'cmake_target': None, 'cmake_target_skip_unavailable': False, 'install_base': '/home/lab/fleet_system_ws/install/my_package', 'merge_install': False, 'path': '/home/lab/fleet_system_ws/src/my_package', 'symlink_install': False, 'test_result_base': None}
[4.407s] INFO:colcon.colcon_core.executor:Executing jobs using 'parallel' executor
[4.466s] DEBUG:colcon.colcon_parallel_executor.executor.parallel:run_until_complete
[4.467s] INFO:colcon.colcon_ros.task.ament_cmake.build:Building ROS package in '/home/lab/fleet_system_ws/src/my_package' with build type 'ament_cmake'
[4.467s] INFO:colcon.colcon_cmake.task.cmake.build:Building CMake package in '/home/lab/fleet_system_ws/src/my_package'
[4.532s] INFO:colcon.colcon_core.plugin_system:Skipping extension 'colcon_core.shell.bat': Not used on non-Windows systems
[4.533s] INFO:colcon.colcon_core.shell:Skip shell extension 'powershell' for command environment: Not usable outside of PowerShell
[4.533s] DEBUG:colcon.colcon_core.shell:Skip shell extension 'dsv' for command environment
[4.663s] DEBUG:colcon.colcon_core.event_handler.log_command:Invoking command in '/home/lab/fleet_system_ws/build/my_package': CMAKE_PREFIX_PATH=/opt/ros/foxy /usr/bin/cmake /home/lab/fleet_system_ws/src/my_package -DCMAKE_INSTALL_PREFIX=/home/lab/fleet_system_ws/install/my_package
[5.843s] DEBUG:colcon.colcon_core.event_handler.log_command:Invoked command in '/home/lab/fleet_system_ws/build/my_package' returned '0': CMAKE_PREFIX_PATH=/opt/ros/foxy /usr/bin/cmake /home/lab/fleet_system_ws/src/my_package -DCMAKE_INSTALL_PREFIX=/home/lab/fleet_system_ws/install/my_package
[5.847s] DEBUG:colcon.colcon_core.event_handler.log_command:Invoking command in '/home/lab/fleet_system_ws/build/my_package': CMAKE_PREFIX_PATH=/opt/ros/foxy /usr/bin/cmake --build /home/lab/fleet_system_ws/build/my_package -- -j12 -l12
[6.025s] DEBUG:colcon.colcon_core.event_handler.log_command:Invoked command in '/home/lab/fleet_system_ws/build/my_package' returned '0': CMAKE_PREFIX_PATH=/opt/ros/foxy /usr/bin/cmake --build /home/lab/fleet_system_ws/build/my_package -- -j12 -l12
[6.071s] DEBUG:colcon.colcon_core.event_handler.log_command:Invoking command in '/home/lab/fleet_system_ws/build/my_package': CMAKE_PREFIX_PATH=/opt/ros/foxy /usr/bin/cmake --install /home/lab/fleet_system_ws/build/my_package
[6.086s] Level 1:colcon.colcon_core.environment:create_environment_scripts_only(my_package)
[6.086s] DEBUG:colcon.colcon_core.event_handler.log_command:Invoked command in '/home/lab/fleet_system_ws/build/my_package' returned '0': CMAKE_PREFIX_PATH=/opt/ros/foxy /usr/bin/cmake --install /home/lab/fleet_system_ws/build/my_package
[6.153s] Level 1:colcon.colcon_core.environment:checking '/home/lab/fleet_system_ws/install/my_package' for CMake module files
[6.153s] Level 1:colcon.colcon_core.environment:checking '/home/lab/fleet_system_ws/install/my_package' for CMake config files
[6.153s] Level 1:colcon.colcon_core.shell:create_environment_hook('my_package', 'cmake_prefix_path')
[6.213s] INFO:colcon.colcon_core.shell:Creating environment hook '/home/lab/fleet_system_ws/install/my_package/share/my_package/hook/cmake_prefix_path.ps1'
[6.214s] INFO:colcon.colcon_core.shell:Creating environment descriptor '/home/lab/fleet_system_ws/install/my_package/share/my_package/hook/cmake_prefix_path.dsv'
[6.215s] INFO:colcon.colcon_core.shell:Creating environment hook '/home/lab/fleet_system_ws/install/my_package/share/my_package/hook/cmake_prefix_path.sh'
[6.216s] Level 1:colcon.colcon_core.environment:checking '/home/lab/fleet_system_ws/install/my_package/lib'
[6.216s] Level 1:colcon.colcon_core.environment:checking '/home/lab/fleet_system_ws/install/my_package/bin'
[6.216s] Level 1:colcon.colcon_core.environment:checking '/home/lab/fleet_system_ws/install/my_package/lib/pkgconfig/my_package.pc'
[6.217s] Level 1:colcon.colcon_core.environment:checking '/home/lab/fleet_system_ws/install/my_package/lib/python3.8/site-packages'
[6.217s] Level 1:colcon.colcon_core.environment:checking '/home/lab/fleet_system_ws/install/my_package/bin'
[6.277s] INFO:colcon.colcon_core.shell:Creating package script '/home/lab/fleet_system_ws/install/my_package/share/my_package/package.ps1'
[6.278s] INFO:colcon.colcon_core.shell:Creating package descriptor '/home/lab/fleet_system_ws/install/my_package/share/my_package/package.dsv'
[6.278s] INFO:colcon.colcon_core.shell:Creating package script '/home/lab/fleet_system_ws/install/my_package/share/my_package/package.sh'
[6.280s] INFO:colcon.colcon_core.shell:Creating package script '/home/lab/fleet_system_ws/install/my_package/share/my_package/package.bash'
[6.281s] INFO:colcon.colcon_core.shell:Creating package script '/home/lab/fleet_system_ws/install/my_package/share/my_package/package.zsh'
[6.282s] Level 1:colcon.colcon_core.environment:create_file_with_runtime_dependencies(/home/lab/fleet_system_ws/install/my_package/share/colcon-core/packages/my_package)
[6.374s] Level 1:colcon.colcon_core.environment:create_environment_scripts_only(my_package)
[6.435s] Level 1:colcon.colcon_core.environment:checking '/home/lab/fleet_system_ws/install/my_package' for CMake module files
[6.436s] Level 1:colcon.colcon_core.environment:checking '/home/lab/fleet_system_ws/install/my_package' for CMake config files
[6.436s] Level 1:colcon.colcon_core.shell:create_environment_hook('my_package', 'cmake_prefix_path')
[6.499s] INFO:colcon.colcon_core.shell:Creating environment hook '/home/lab/fleet_system_ws/install/my_package/share/my_package/hook/cmake_prefix_path.ps1'
[6.500s] INFO:colcon.colcon_core.shell:Creating environment descriptor '/home/lab/fleet_system_ws/install/my_package/share/my_package/hook/cmake_prefix_path.dsv'
[6.500s] INFO:colcon.colcon_core.shell:Creating environment hook '/home/lab/fleet_system_ws/install/my_package/share/my_package/hook/cmake_prefix_path.sh'
[6.501s] Level 1:colcon.colcon_core.environment:checking '/home/lab/fleet_system_ws/install/my_package/lib'
[6.501s] Level 1:colcon.colcon_core.environment:checking '/home/lab/fleet_system_ws/install/my_package/bin'
[6.501s] Level 1:colcon.colcon_core.environment:checking '/home/lab/fleet_system_ws/install/my_package/lib/pkgconfig/my_package.pc'
[6.501s] Level 1:colcon.colcon_core.environment:checking '/home/lab/fleet_system_ws/install/my_package/lib/python3.8/site-packages'
[6.501s] Level 1:colcon.colcon_core.environment:checking '/home/lab/fleet_system_ws/install/my_package/bin'
[6.563s] INFO:colcon.colcon_core.shell:Creating package script '/home/lab/fleet_system_ws/install/my_package/share/my_package/package.ps1'
[6.564s] INFO:colcon.colcon_core.shell:Creating package descriptor '/home/lab/fleet_system_ws/install/my_package/share/my_package/package.dsv'
[6.565s] INFO:colcon.colcon_core.shell:Creating package script '/home/lab/fleet_system_ws/install/my_package/share/my_package/package.sh'
[6.565s] INFO:colcon.colcon_core.shell:Creating package script '/home/lab/fleet_system_ws/install/my_package/share/my_package/package.bash'
[6.566s] INFO:colcon.colcon_core.shell:Creating package script '/home/lab/fleet_system_ws/install/my_package/share/my_package/package.zsh'
[6.566s] Level 1:colcon.colcon_core.environment:create_file_with_runtime_dependencies(/home/lab/fleet_system_ws/install/my_package/share/colcon-core/packages/my_package)
[6.567s] DEBUG:colcon.colcon_parallel_executor.executor.parallel:closing loop
[6.567s] DEBUG:colcon.colcon_parallel_executor.executor.parallel:loop closed
[6.567s] DEBUG:colcon.colcon_parallel_executor.executor.parallel:run_until_complete finished with '0'
[6.567s] DEBUG:colcon.colcon_core.event_reactor:joining thread
[6.636s] INFO:colcon.colcon_core.plugin_system:Skipping extension 'colcon_notification.desktop_notification.terminal_notifier': Not used on non-Darwin systems
[6.637s] INFO:colcon.colcon_core.plugin_system:Skipping extension 'colcon_notification.desktop_notification.win32': Not used on non-Windows systems
[6.637s] INFO:colcon.colcon_notification.desktop_notification:Sending desktop notification using 'notify2'
[6.656s] DEBUG:colcon.colcon_core.event_reactor:joined thread
[6.717s] INFO:colcon.colcon_core.shell:Creating prefix script '/home/lab/fleet_system_ws/install/local_setup.ps1'
[6.718s] INFO:colcon.colcon_core.shell:Creating prefix util module '/home/lab/fleet_system_ws/install/_local_setup_util_ps1.py'
[6.719s] INFO:colcon.colcon_core.shell:Creating prefix chain script '/home/lab/fleet_system_ws/install/setup.ps1'
[6.782s] INFO:colcon.colcon_core.shell:Creating prefix script '/home/lab/fleet_system_ws/install/local_setup.sh'
[6.783s] INFO:colcon.colcon_core.shell:Creating prefix util module '/home/lab/fleet_system_ws/install/_local_setup_util_sh.py'
[6.783s] INFO:colcon.colcon_core.shell:Creating prefix chain script '/home/lab/fleet_system_ws/install/setup.sh'
[6.844s] INFO:colcon.colcon_core.shell:Creating prefix script '/home/lab/fleet_system_ws/install/local_setup.bash'
[6.844s] INFO:colcon.colcon_core.shell:Creating prefix chain script '/home/lab/fleet_system_ws/install/setup.bash'
[6.905s] INFO:colcon.colcon_core.shell:Creating prefix script '/home/lab/fleet_system_ws/install/local_setup.zsh'
[6.906s] INFO:colcon.colcon_core.shell:Creating prefix chain script '/home/lab/fleet_system_ws/install/setup.zsh'
