[10.998s] DEBUG:colcon:Command line arguments: ['/usr/bin/colcon', 'build']
[10.999s] DEBUG:colcon:Parsed command line arguments: Namespace(allow_overriding=[], ament_cmake_args=None, base_paths=['.'], build_base='build', catkin_cmake_args=None, catkin_skip_building_tests=False, cmake_args=None, cmake_clean_cache=False, cmake_clean_first=False, cmake_force_configure=False, cmake_target=None, cmake_target_skip_unavailable=False, continue_on_error=False, event_handlers=None, executor='parallel', ignore_user_meta=False, install_base='install', log_base=None, log_level=None, main=<bound method BuildVerb.main of <colcon_core.verb.build.BuildVerb object at 0x7f9b41cf93d0>>, merge_install=False, metas=['./colcon.meta'], packages_above=None, packages_above_and_dependencies=None, packages_above_depth=None, packages_end=None, packages_ignore=None, packages_ignore_regex=None, packages_select=None, packages_select_build_failed=False, packages_select_by_dep=None, packages_select_regex=None, packages_select_test_failures=False, packages_skip=None, packages_skip_build_finished=False, packages_skip_by_dep=None, packages_skip_regex=None, packages_skip_test_passed=False, packages_skip_up_to=None, packages_start=None, packages_up_to=None, packages_up_to_regex=None, parallel_workers=12, paths=None, symlink_install=False, test_result_base=None, verb_extension=<colcon_core.verb.build.BuildVerb object at 0x7f9b41cf93d0>, verb_name='build', verb_parser=<colcon_defaults.argument_parser.defaults.DefaultArgumentsDecorator object at 0x7f9b41cf9760>)
[11.479s] Level 1:colcon.colcon_core.package_discovery:discover_packages(colcon_meta) check parameters
[11.479s] Level 1:colcon.colcon_core.package_discovery:discover_packages(recursive) check parameters
[11.479s] Level 1:colcon.colcon_core.package_discovery:discover_packages(ignore) check parameters
[11.479s] Level 1:colcon.colcon_core.package_discovery:discover_packages(path) check parameters
[11.479s] Level 1:colcon.colcon_core.package_discovery:discover_packages(colcon_meta) discover
[11.480s] Level 1:colcon.colcon_core.package_discovery:discover_packages(recursive) discover
[11.480s] INFO:colcon.colcon_core.package_discovery:Crawling recursively for packages in '/home/lab/fleet_system_ws'
[11.480s] Level 1:colcon.colcon_core.package_identification:_identify(.) by extensions ['ignore', 'ignore_ament_install']
[11.481s] Level 1:colcon.colcon_core.package_identification:_identify(.) by extension 'ignore'
[11.481s] Level 1:colcon.colcon_core.package_identification:_identify(.) by extension 'ignore_ament_install'
[11.481s] Level 1:colcon.colcon_core.package_identification:_identify(.) by extensions ['colcon_pkg']
[11.481s] Level 1:colcon.colcon_core.package_identification:_identify(.) by extension 'colcon_pkg'
[11.481s] Level 1:colcon.colcon_core.package_identification:_identify(.) by extensions ['colcon_meta']
[11.482s] Level 1:colcon.colcon_core.package_identification:_identify(.) by extension 'colcon_meta'
[11.482s] Level 1:colcon.colcon_core.package_identification:_identify(.) by extensions ['ros']
[11.482s] Level 1:colcon.colcon_core.package_identification:_identify(.) by extension 'ros'
[11.531s] Level 1:colcon.colcon_core.package_identification:_identify(.) by extensions ['cmake', 'python']
[11.531s] Level 1:colcon.colcon_core.package_identification:_identify(.) by extension 'cmake'
[11.531s] Level 1:colcon.colcon_core.package_identification:_identify(.) by extension 'python'
[11.531s] Level 1:colcon.colcon_core.package_identification:_identify(.) by extensions ['python_setup_py']
[11.531s] Level 1:colcon.colcon_core.package_identification:_identify(.) by extension 'python_setup_py'
[11.532s] Level 1:colcon.colcon_core.package_identification:_identify(build) by extensions ['ignore', 'ignore_ament_install']
[11.532s] Level 1:colcon.colcon_core.package_identification:_identify(build) by extension 'ignore'
[11.532s] Level 1:colcon.colcon_core.package_identification:_identify(build) ignored
[11.533s] Level 1:colcon.colcon_core.package_identification:_identify(install) by extensions ['ignore', 'ignore_ament_install']
[11.533s] Level 1:colcon.colcon_core.package_identification:_identify(install) by extension 'ignore'
[11.534s] Level 1:colcon.colcon_core.package_identification:_identify(install) ignored
[11.534s] Level 1:colcon.colcon_core.package_identification:_identify(log) by extensions ['ignore', 'ignore_ament_install']
[11.534s] Level 1:colcon.colcon_core.package_identification:_identify(log) by extension 'ignore'
[11.535s] Level 1:colcon.colcon_core.package_identification:_identify(log) ignored
[11.535s] Level 1:colcon.colcon_core.package_identification:_identify(src) by extensions ['ignore', 'ignore_ament_install']
[11.535s] Level 1:colcon.colcon_core.package_identification:_identify(src) by extension 'ignore'
[11.535s] Level 1:colcon.colcon_core.package_identification:_identify(src) by extension 'ignore_ament_install'
[11.536s] Level 1:colcon.colcon_core.package_identification:_identify(src) by extensions ['colcon_pkg']
[11.536s] Level 1:colcon.colcon_core.package_identification:_identify(src) by extension 'colcon_pkg'
[11.536s] Level 1:colcon.colcon_core.package_identification:_identify(src) by extensions ['colcon_meta']
[11.536s] Level 1:colcon.colcon_core.package_identification:_identify(src) by extension 'colcon_meta'
[11.536s] Level 1:colcon.colcon_core.package_identification:_identify(src) by extensions ['ros']
[11.537s] Level 1:colcon.colcon_core.package_identification:_identify(src) by extension 'ros'
[11.537s] Level 1:colcon.colcon_core.package_identification:_identify(src) by extensions ['cmake', 'python']
[11.537s] Level 1:colcon.colcon_core.package_identification:_identify(src) by extension 'cmake'
[11.537s] Level 1:colcon.colcon_core.package_identification:_identify(src) by extension 'python'
[11.537s] Level 1:colcon.colcon_core.package_identification:_identify(src) by extensions ['python_setup_py']
[11.538s] Level 1:colcon.colcon_core.package_identification:_identify(src) by extension 'python_setup_py'
[11.538s] Level 1:colcon.colcon_core.package_identification:_identify(src/my_package) by extensions ['ignore', 'ignore_ament_install']
[11.538s] Level 1:colcon.colcon_core.package_identification:_identify(src/my_package) by extension 'ignore'
[11.539s] Level 1:colcon.colcon_core.package_identification:_identify(src/my_package) by extension 'ignore_ament_install'
[11.539s] Level 1:colcon.colcon_core.package_identification:_identify(src/my_package) by extensions ['colcon_pkg']
[11.539s] Level 1:colcon.colcon_core.package_identification:_identify(src/my_package) by extension 'colcon_pkg'
[11.539s] Level 1:colcon.colcon_core.package_identification:_identify(src/my_package) by extensions ['colcon_meta']
[11.539s] Level 1:colcon.colcon_core.package_identification:_identify(src/my_package) by extension 'colcon_meta'
[11.539s] Level 1:colcon.colcon_core.package_identification:_identify(src/my_package) by extensions ['ros']
[11.540s] Level 1:colcon.colcon_core.package_identification:_identify(src/my_package) by extension 'ros'
[11.550s] DEBUG:colcon.colcon_core.package_identification:Package 'src/my_package' with type 'ros.ament_cmake' and name 'my_package'
[11.550s] Level 1:colcon.colcon_core.package_discovery:discover_packages(recursive) using defaults
[11.551s] Level 1:colcon.colcon_core.package_discovery:discover_packages(ignore) discover
[11.551s] Level 1:colcon.colcon_core.package_discovery:discover_packages(ignore) using defaults
[11.551s] Level 1:colcon.colcon_core.package_discovery:discover_packages(path) discover
[11.551s] Level 1:colcon.colcon_core.package_discovery:discover_packages(path) using defaults
[12.521s] Level 1:colcon.colcon_core.package_discovery:discover_packages(prefix_path) check parameters
[12.521s] Level 1:colcon.colcon_core.package_discovery:discover_packages(prefix_path) discover
[12.895s] DEBUG:colcon.colcon_installed_package_information.package_discovery:Found 263 installed packages in /opt/ros/foxy
[12.900s] Level 1:colcon.colcon_core.package_discovery:discover_packages(prefix_path) using defaults
[13.617s] Level 5:colcon.colcon_core.verb:set package 'my_package' build argument 'cmake_args' from command line to 'None'
[13.617s] Level 5:colcon.colcon_core.verb:set package 'my_package' build argument 'cmake_target' from command line to 'None'
[13.617s] Level 5:colcon.colcon_core.verb:set package 'my_package' build argument 'cmake_target_skip_unavailable' from command line to 'False'
[13.618s] Level 5:colcon.colcon_core.verb:set package 'my_package' build argument 'cmake_clean_cache' from command line to 'False'
[13.618s] Level 5:colcon.colcon_core.verb:set package 'my_package' build argument 'cmake_clean_first' from command line to 'False'
[13.618s] Level 5:colcon.colcon_core.verb:set package 'my_package' build argument 'cmake_force_configure' from command line to 'False'
[13.618s] Level 5:colcon.colcon_core.verb:set package 'my_package' build argument 'ament_cmake_args' from command line to 'None'
[13.618s] Level 5:colcon.colcon_core.verb:set package 'my_package' build argument 'catkin_cmake_args' from command line to 'None'
[13.618s] Level 5:colcon.colcon_core.verb:set package 'my_package' build argument 'catkin_skip_building_tests' from command line to 'False'
[13.618s] DEBUG:colcon.colcon_core.verb:Building package 'my_package' with the following arguments: {'ament_cmake_args': None, 'build_base': '/home/lab/fleet_system_ws/build/my_package', 'catkin_cmake_args': None, 'catkin_skip_building_tests': False, 'cmake_args': None, 'cmake_clean_cache': False, 'cmake_clean_first': False, 'cmake_force_configure': False, 'cmake_target': None, 'cmake_target_skip_unavailable': False, 'install_base': '/home/lab/fleet_system_ws/install/my_package', 'merge_install': False, 'path': '/home/lab/fleet_system_ws/src/my_package', 'symlink_install': False, 'test_result_base': None}
[13.797s] INFO:colcon.colcon_core.executor:Executing jobs using 'parallel' executor
[13.980s] DEBUG:colcon.colcon_parallel_executor.executor.parallel:run_until_complete
[13.981s] INFO:colcon.colcon_ros.task.ament_cmake.build:Building ROS package in '/home/lab/fleet_system_ws/src/my_package' with build type 'ament_cmake'
[13.982s] INFO:colcon.colcon_cmake.task.cmake.build:Building CMake package in '/home/lab/fleet_system_ws/src/my_package'
[14.178s] INFO:colcon.colcon_core.plugin_system:Skipping extension 'colcon_core.shell.bat': Not used on non-Windows systems
[14.179s] INFO:colcon.colcon_core.shell:Skip shell extension 'powershell' for command environment: Not usable outside of PowerShell
[14.179s] DEBUG:colcon.colcon_core.shell:Skip shell extension 'dsv' for command environment
[14.582s] DEBUG:colcon.colcon_core.event_handler.log_command:Invoking command in '/home/lab/fleet_system_ws/build/my_package': CMAKE_PREFIX_PATH=/opt/ros/foxy /usr/bin/cmake --build /home/lab/fleet_system_ws/build/my_package -- -j12 -l12
[19.382s] DEBUG:colcon.colcon_core.event_handler.log_command:Invoked command in '/home/lab/fleet_system_ws/build/my_package' returned '0': CMAKE_PREFIX_PATH=/opt/ros/foxy /usr/bin/cmake --build /home/lab/fleet_system_ws/build/my_package -- -j12 -l12
[19.629s] DEBUG:colcon.colcon_core.event_handler.log_command:Invoking command in '/home/lab/fleet_system_ws/build/my_package': CMAKE_PREFIX_PATH=/opt/ros/foxy /usr/bin/cmake --install /home/lab/fleet_system_ws/build/my_package
[19.882s] Level 1:colcon.colcon_core.environment:create_environment_scripts_only(my_package)
[19.884s] DEBUG:colcon.colcon_core.event_handler.log_command:Invoked command in '/home/lab/fleet_system_ws/build/my_package' returned '0': CMAKE_PREFIX_PATH=/opt/ros/foxy /usr/bin/cmake --install /home/lab/fleet_system_ws/build/my_package
[20.097s] Level 1:colcon.colcon_core.environment:checking '/home/lab/fleet_system_ws/install/my_package' for CMake module files
[20.100s] Level 1:colcon.colcon_core.environment:checking '/home/lab/fleet_system_ws/install/my_package' for CMake config files
[20.102s] Level 1:colcon.colcon_core.shell:create_environment_hook('my_package', 'cmake_prefix_path')
[20.293s] INFO:colcon.colcon_core.shell:Creating environment hook '/home/lab/fleet_system_ws/install/my_package/share/my_package/hook/cmake_prefix_path.ps1'
[20.299s] INFO:colcon.colcon_core.shell:Creating environment descriptor '/home/lab/fleet_system_ws/install/my_package/share/my_package/hook/cmake_prefix_path.dsv'
[20.301s] INFO:colcon.colcon_core.shell:Creating environment hook '/home/lab/fleet_system_ws/install/my_package/share/my_package/hook/cmake_prefix_path.sh'
[20.306s] Level 1:colcon.colcon_core.environment:checking '/home/lab/fleet_system_ws/install/my_package/lib'
[20.306s] Level 1:colcon.colcon_core.shell:create_environment_hook('my_package', 'ld_library_path_lib')
[20.497s] INFO:colcon.colcon_core.shell:Creating environment hook '/home/lab/fleet_system_ws/install/my_package/share/my_package/hook/ld_library_path_lib.ps1'
[20.499s] INFO:colcon.colcon_core.shell:Creating environment descriptor '/home/lab/fleet_system_ws/install/my_package/share/my_package/hook/ld_library_path_lib.dsv'
[20.500s] INFO:colcon.colcon_core.shell:Creating environment hook '/home/lab/fleet_system_ws/install/my_package/share/my_package/hook/ld_library_path_lib.sh'
[20.501s] Level 1:colcon.colcon_core.environment:checking '/home/lab/fleet_system_ws/install/my_package/bin'
[20.502s] Level 1:colcon.colcon_core.environment:checking '/home/lab/fleet_system_ws/install/my_package/lib/pkgconfig/my_package.pc'
[20.503s] Level 1:colcon.colcon_core.environment:checking '/home/lab/fleet_system_ws/install/my_package/lib/python3.8/site-packages'
[20.503s] Level 1:colcon.colcon_core.shell:create_environment_hook('my_package', 'pythonpath')
[20.694s] INFO:colcon.colcon_core.shell:Creating environment hook '/home/lab/fleet_system_ws/install/my_package/share/my_package/hook/pythonpath.ps1'
[20.695s] INFO:colcon.colcon_core.shell:Creating environment descriptor '/home/lab/fleet_system_ws/install/my_package/share/my_package/hook/pythonpath.dsv'
[20.697s] INFO:colcon.colcon_core.shell:Creating environment hook '/home/lab/fleet_system_ws/install/my_package/share/my_package/hook/pythonpath.sh'
[20.699s] Level 1:colcon.colcon_core.environment:checking '/home/lab/fleet_system_ws/install/my_package/bin'
[20.891s] INFO:colcon.colcon_core.shell:Creating package script '/home/lab/fleet_system_ws/install/my_package/share/my_package/package.ps1'
[20.898s] INFO:colcon.colcon_core.shell:Creating package descriptor '/home/lab/fleet_system_ws/install/my_package/share/my_package/package.dsv'
[20.901s] INFO:colcon.colcon_core.shell:Creating package script '/home/lab/fleet_system_ws/install/my_package/share/my_package/package.sh'
[20.905s] INFO:colcon.colcon_core.shell:Creating package script '/home/lab/fleet_system_ws/install/my_package/share/my_package/package.bash'
[20.909s] INFO:colcon.colcon_core.shell:Creating package script '/home/lab/fleet_system_ws/install/my_package/share/my_package/package.zsh'
[20.913s] Level 1:colcon.colcon_core.environment:create_file_with_runtime_dependencies(/home/lab/fleet_system_ws/install/my_package/share/colcon-core/packages/my_package)
[21.307s] Level 1:colcon.colcon_core.environment:create_environment_scripts_only(my_package)
[21.501s] Level 1:colcon.colcon_core.environment:checking '/home/lab/fleet_system_ws/install/my_package' for CMake module files
[21.503s] Level 1:colcon.colcon_core.environment:checking '/home/lab/fleet_system_ws/install/my_package' for CMake config files
[21.505s] Level 1:colcon.colcon_core.shell:create_environment_hook('my_package', 'cmake_prefix_path')
[21.699s] INFO:colcon.colcon_core.shell:Creating environment hook '/home/lab/fleet_system_ws/install/my_package/share/my_package/hook/cmake_prefix_path.ps1'
[21.701s] INFO:colcon.colcon_core.shell:Creating environment descriptor '/home/lab/fleet_system_ws/install/my_package/share/my_package/hook/cmake_prefix_path.dsv'
[21.702s] INFO:colcon.colcon_core.shell:Creating environment hook '/home/lab/fleet_system_ws/install/my_package/share/my_package/hook/cmake_prefix_path.sh'
[21.704s] Level 1:colcon.colcon_core.environment:checking '/home/lab/fleet_system_ws/install/my_package/lib'
[21.704s] Level 1:colcon.colcon_core.shell:create_environment_hook('my_package', 'ld_library_path_lib')
[21.899s] INFO:colcon.colcon_core.shell:Creating environment hook '/home/lab/fleet_system_ws/install/my_package/share/my_package/hook/ld_library_path_lib.ps1'
[21.900s] INFO:colcon.colcon_core.shell:Creating environment descriptor '/home/lab/fleet_system_ws/install/my_package/share/my_package/hook/ld_library_path_lib.dsv'
[21.901s] INFO:colcon.colcon_core.shell:Creating environment hook '/home/lab/fleet_system_ws/install/my_package/share/my_package/hook/ld_library_path_lib.sh'
[21.903s] Level 1:colcon.colcon_core.environment:checking '/home/lab/fleet_system_ws/install/my_package/bin'
[21.903s] Level 1:colcon.colcon_core.environment:checking '/home/lab/fleet_system_ws/install/my_package/lib/pkgconfig/my_package.pc'
[21.904s] Level 1:colcon.colcon_core.environment:checking '/home/lab/fleet_system_ws/install/my_package/lib/python3.8/site-packages'
[21.904s] Level 1:colcon.colcon_core.shell:create_environment_hook('my_package', 'pythonpath')
[22.099s] INFO:colcon.colcon_core.shell:Creating environment hook '/home/lab/fleet_system_ws/install/my_package/share/my_package/hook/pythonpath.ps1'
[22.100s] INFO:colcon.colcon_core.shell:Creating environment descriptor '/home/lab/fleet_system_ws/install/my_package/share/my_package/hook/pythonpath.dsv'
[22.102s] INFO:colcon.colcon_core.shell:Creating environment hook '/home/lab/fleet_system_ws/install/my_package/share/my_package/hook/pythonpath.sh'
[22.103s] Level 1:colcon.colcon_core.environment:checking '/home/lab/fleet_system_ws/install/my_package/bin'
[22.298s] INFO:colcon.colcon_core.shell:Creating package script '/home/lab/fleet_system_ws/install/my_package/share/my_package/package.ps1'
[22.301s] INFO:colcon.colcon_core.shell:Creating package descriptor '/home/lab/fleet_system_ws/install/my_package/share/my_package/package.dsv'
[22.302s] INFO:colcon.colcon_core.shell:Creating package script '/home/lab/fleet_system_ws/install/my_package/share/my_package/package.sh'
[22.304s] INFO:colcon.colcon_core.shell:Creating package script '/home/lab/fleet_system_ws/install/my_package/share/my_package/package.bash'
[22.306s] INFO:colcon.colcon_core.shell:Creating package script '/home/lab/fleet_system_ws/install/my_package/share/my_package/package.zsh'
[22.307s] Level 1:colcon.colcon_core.environment:create_file_with_runtime_dependencies(/home/lab/fleet_system_ws/install/my_package/share/colcon-core/packages/my_package)
[22.309s] DEBUG:colcon.colcon_parallel_executor.executor.parallel:closing loop
[22.309s] DEBUG:colcon.colcon_parallel_executor.executor.parallel:loop closed
[22.310s] DEBUG:colcon.colcon_parallel_executor.executor.parallel:run_until_complete finished with '0'
[22.310s] DEBUG:colcon.colcon_core.event_reactor:joining thread
[22.535s] INFO:colcon.colcon_core.plugin_system:Skipping extension 'colcon_notification.desktop_notification.terminal_notifier': Not used on non-Darwin systems
[22.535s] INFO:colcon.colcon_core.plugin_system:Skipping extension 'colcon_notification.desktop_notification.win32': Not used on non-Windows systems
[22.535s] INFO:colcon.colcon_notification.desktop_notification:Sending desktop notification using 'notify2'
[22.593s] DEBUG:colcon.colcon_core.event_reactor:joined thread
[22.816s] INFO:colcon.colcon_core.shell:Creating prefix script '/home/lab/fleet_system_ws/install/local_setup.ps1'
[22.823s] INFO:colcon.colcon_core.shell:Creating prefix util module '/home/lab/fleet_system_ws/install/_local_setup_util_ps1.py'
[22.829s] INFO:colcon.colcon_core.shell:Creating prefix chain script '/home/lab/fleet_system_ws/install/setup.ps1'
[23.030s] INFO:colcon.colcon_core.shell:Creating prefix script '/home/lab/fleet_system_ws/install/local_setup.sh'
[23.033s] INFO:colcon.colcon_core.shell:Creating prefix util module '/home/lab/fleet_system_ws/install/_local_setup_util_sh.py'
[23.035s] INFO:colcon.colcon_core.shell:Creating prefix chain script '/home/lab/fleet_system_ws/install/setup.sh'
[23.233s] INFO:colcon.colcon_core.shell:Creating prefix script '/home/lab/fleet_system_ws/install/local_setup.bash'
[23.236s] INFO:colcon.colcon_core.shell:Creating prefix chain script '/home/lab/fleet_system_ws/install/setup.bash'
[23.432s] INFO:colcon.colcon_core.shell:Creating prefix script '/home/lab/fleet_system_ws/install/local_setup.zsh'
[23.436s] INFO:colcon.colcon_core.shell:Creating prefix chain script '/home/lab/fleet_system_ws/install/setup.zsh'
