[0.199s] Invoking command in '/home/lab/fleet_system_ws/build/my_package': CMAKE_PREFIX_PATH=/opt/ros/foxy /usr/bin/cmake --build /home/lab/fleet_system_ws/build/my_package -- -j12 -l12
[0.266s] [  3%] Built target my_package__cpp
[0.268s] [ 12%] Built target my_package__rosidl_generator_c
[0.295s] [ 25%] Built target my_package__rosidl_typesupport_cpp
[0.295s] [ 32%] Built target my_package__rosidl_typesupport_introspection_cpp
[0.297s] [ 41%] Built target my_package__rosidl_typesupport_introspection_c
[0.297s] [ 51%] Built target my_package__rosidl_typesupport_c
[0.300s] [ 61%] Built target my_package__rosidl_typesupport_fastrtps_cpp
[0.335s] [ 70%] Built target my_package__rosidl_typesupport_fastrtps_c
[0.361s] [ 70%] Built target my_package
[0.387s] [ 74%] Built target my_package__py
[0.421s] [ 80%] Built target my_package__python
[0.456s] [ 96%] Built target my_package__rosidl_typesupport_fastrtps_c__pyext
[0.456s] [100%] Built target my_package__rosidl_typesupport_c__pyext
[0.456s] [100%] Built target my_package__rosidl_typesupport_introspection_c__pyext
[0.471s] Invoked command in '/home/lab/fleet_system_ws/build/my_package' returned '0': CMAKE_PREFIX_PATH=/opt/ros/foxy /usr/bin/cmake --build /home/lab/fleet_system_ws/build/my_package -- -j12 -l12
[0.550s] Invoking command in '/home/lab/fleet_system_ws/build/my_package': CMAKE_PREFIX_PATH=/opt/ros/foxy /usr/bin/cmake --install /home/lab/fleet_system_ws/build/my_package
[0.560s] -- Install configuration: ""
[0.561s] -- Up-to-date: /home/lab/fleet_system_ws/install/my_package/share/ament_index/resource_index/rosidl_interfaces/my_package
[0.561s] -- Up-to-date: /home/lab/fleet_system_ws/install/my_package/include/my_package
[0.561s] -- Up-to-date: /home/lab/fleet_system_ws/install/my_package/include/my_package/msg
[0.561s] -- Up-to-date: /home/lab/fleet_system_ws/install/my_package/include/my_package/msg/rosidl_generator_c__visibility_control.h
[0.562s] -- Up-to-date: /home/lab/fleet_system_ws/install/my_package/include/my_package/action
[0.562s] -- Up-to-date: /home/lab/fleet_system_ws/install/my_package/include/my_package/action/fleet_management.h
[0.562s] -- Up-to-date: /home/lab/fleet_system_ws/install/my_package/include/my_package/action/detail
[0.562s] -- Up-to-date: /home/lab/fleet_system_ws/install/my_package/include/my_package/action/detail/fleet_management__struct.h
[0.562s] -- Up-to-date: /home/lab/fleet_system_ws/install/my_package/include/my_package/action/detail/fleet_management__type_support.h
[0.562s] -- Up-to-date: /home/lab/fleet_system_ws/install/my_package/include/my_package/action/detail/fleet_management__functions.c
[0.563s] -- Up-to-date: /home/lab/fleet_system_ws/install/my_package/include/my_package/action/detail/fleet_management__functions.h
[0.563s] -- Up-to-date: /home/lab/fleet_system_ws/install/my_package/share/my_package/environment/library_path.sh
[0.563s] -- Up-to-date: /home/lab/fleet_system_ws/install/my_package/share/my_package/environment/library_path.dsv
[0.563s] -- Up-to-date: /home/lab/fleet_system_ws/install/my_package/lib/libmy_package__rosidl_generator_c.so
[0.563s] -- Up-to-date: /home/lab/fleet_system_ws/install/my_package/include/my_package
[0.564s] -- Up-to-date: /home/lab/fleet_system_ws/install/my_package/include/my_package/msg
[0.564s] -- Up-to-date: /home/lab/fleet_system_ws/install/my_package/include/my_package/msg/rosidl_typesupport_fastrtps_c__visibility_control.h
[0.564s] -- Up-to-date: /home/lab/fleet_system_ws/install/my_package/include/my_package/action
[0.564s] -- Up-to-date: /home/lab/fleet_system_ws/install/my_package/include/my_package/action/detail
[0.564s] -- Up-to-date: /home/lab/fleet_system_ws/install/my_package/include/my_package/action/detail/fleet_management__rosidl_typesupport_fastrtps_c.h
[0.564s] -- Up-to-date: /home/lab/fleet_system_ws/install/my_package/lib/libmy_package__rosidl_typesupport_fastrtps_c.so
[0.565s] -- Up-to-date: /home/lab/fleet_system_ws/install/my_package/include/my_package
[0.565s] -- Up-to-date: /home/lab/fleet_system_ws/install/my_package/include/my_package/msg
[0.565s] -- Up-to-date: /home/lab/fleet_system_ws/install/my_package/include/my_package/msg/rosidl_typesupport_fastrtps_cpp__visibility_control.h
[0.565s] -- Up-to-date: /home/lab/fleet_system_ws/install/my_package/include/my_package/action
[0.565s] -- Up-to-date: /home/lab/fleet_system_ws/install/my_package/include/my_package/action/detail
[0.566s] -- Up-to-date: /home/lab/fleet_system_ws/install/my_package/include/my_package/action/detail/dds_fastrtps
[0.566s] -- Up-to-date: /home/lab/fleet_system_ws/install/my_package/include/my_package/action/detail/fleet_management__rosidl_typesupport_fastrtps_cpp.hpp
[0.566s] -- Up-to-date: /home/lab/fleet_system_ws/install/my_package/lib/libmy_package__rosidl_typesupport_fastrtps_cpp.so
[0.566s] -- Up-to-date: /home/lab/fleet_system_ws/install/my_package/include/my_package
[0.566s] -- Up-to-date: /home/lab/fleet_system_ws/install/my_package/include/my_package/msg
[0.566s] -- Up-to-date: /home/lab/fleet_system_ws/install/my_package/include/my_package/msg/rosidl_typesupport_introspection_c__visibility_control.h
[0.567s] -- Up-to-date: /home/lab/fleet_system_ws/install/my_package/include/my_package/action
[0.567s] -- Up-to-date: /home/lab/fleet_system_ws/install/my_package/include/my_package/action/detail
[0.567s] -- Up-to-date: /home/lab/fleet_system_ws/install/my_package/include/my_package/action/detail/fleet_management__rosidl_typesupport_introspection_c.h
[0.567s] -- Up-to-date: /home/lab/fleet_system_ws/install/my_package/include/my_package/action/detail/fleet_management__type_support.c
[0.567s] -- Up-to-date: /home/lab/fleet_system_ws/install/my_package/lib/libmy_package__rosidl_typesupport_introspection_c.so
[0.568s] -- Up-to-date: /home/lab/fleet_system_ws/install/my_package/lib/libmy_package__rosidl_typesupport_c.so
[0.568s] -- Up-to-date: /home/lab/fleet_system_ws/install/my_package/include/my_package
[0.568s] -- Up-to-date: /home/lab/fleet_system_ws/install/my_package/include/my_package/msg
[0.568s] -- Up-to-date: /home/lab/fleet_system_ws/install/my_package/include/my_package/msg/rosidl_generator_cpp__visibility_control.hpp
[0.568s] -- Up-to-date: /home/lab/fleet_system_ws/install/my_package/include/my_package/action
[0.568s] -- Up-to-date: /home/lab/fleet_system_ws/install/my_package/include/my_package/action/fleet_management.hpp
[0.568s] -- Up-to-date: /home/lab/fleet_system_ws/install/my_package/include/my_package/action/detail
[0.569s] -- Up-to-date: /home/lab/fleet_system_ws/install/my_package/include/my_package/action/detail/fleet_management__type_support.hpp
[0.569s] -- Up-to-date: /home/lab/fleet_system_ws/install/my_package/include/my_package/action/detail/fleet_management__builder.hpp
[0.569s] -- Up-to-date: /home/lab/fleet_system_ws/install/my_package/include/my_package/action/detail/fleet_management__struct.hpp
[0.569s] -- Up-to-date: /home/lab/fleet_system_ws/install/my_package/include/my_package/action/detail/fleet_management__traits.hpp
[0.569s] -- Up-to-date: /home/lab/fleet_system_ws/install/my_package/include/my_package
[0.569s] -- Up-to-date: /home/lab/fleet_system_ws/install/my_package/include/my_package/action
[0.570s] -- Up-to-date: /home/lab/fleet_system_ws/install/my_package/include/my_package/action/detail
[0.570s] -- Up-to-date: /home/lab/fleet_system_ws/install/my_package/include/my_package/action/detail/fleet_management__type_support.cpp
[0.570s] -- Up-to-date: /home/lab/fleet_system_ws/install/my_package/include/my_package/action/detail/fleet_management__rosidl_typesupport_introspection_cpp.hpp
[0.570s] -- Up-to-date: /home/lab/fleet_system_ws/install/my_package/lib/libmy_package__rosidl_typesupport_introspection_cpp.so
[0.570s] -- Up-to-date: /home/lab/fleet_system_ws/install/my_package/lib/libmy_package__rosidl_typesupport_cpp.so
[0.570s] -- Up-to-date: /home/lab/fleet_system_ws/install/my_package/share/my_package/environment/pythonpath.sh
[0.570s] -- Up-to-date: /home/lab/fleet_system_ws/install/my_package/share/my_package/environment/pythonpath.dsv
[0.571s] -- Up-to-date: /home/lab/fleet_system_ws/install/my_package/lib/python3.8/site-packages/my_package/__init__.py
[0.608s] -- Up-to-date: /home/lab/fleet_system_ws/install/my_package/lib/python3.8/site-packages/my_package/action
[0.609s] -- Up-to-date: /home/lab/fleet_system_ws/install/my_package/lib/python3.8/site-packages/my_package/action/_fleet_management_s.c
[0.609s] -- Up-to-date: /home/lab/fleet_system_ws/install/my_package/lib/python3.8/site-packages/my_package/action/__init__.py
[0.609s] -- Up-to-date: /home/lab/fleet_system_ws/install/my_package/lib/python3.8/site-packages/my_package/action/_fleet_management.py
[0.609s] -- Up-to-date: /home/lab/fleet_system_ws/install/my_package/lib/python3.8/site-packages/my_package/my_package_s__rosidl_typesupport_fastrtps_c.cpython-38-x86_64-linux-gnu.so
[0.610s] -- Up-to-date: /home/lab/fleet_system_ws/install/my_package/lib/python3.8/site-packages/my_package/my_package_s__rosidl_typesupport_introspection_c.cpython-38-x86_64-linux-gnu.so
[0.611s] -- Up-to-date: /home/lab/fleet_system_ws/install/my_package/lib/python3.8/site-packages/my_package/my_package_s__rosidl_typesupport_c.cpython-38-x86_64-linux-gnu.so
[0.611s] -- Up-to-date: /home/lab/fleet_system_ws/install/my_package/lib/libmy_package__python.so
[0.612s] -- Up-to-date: /home/lab/fleet_system_ws/install/my_package/share/my_package/action/FleetManagement.idl
[0.612s] -- Up-to-date: /home/lab/fleet_system_ws/install/my_package/share/my_package/action/FleetManagement.action
[0.612s] -- Up-to-date: /home/lab/fleet_system_ws/install/my_package/share/ament_index/resource_index/package_run_dependencies/my_package
[0.613s] -- Up-to-date: /home/lab/fleet_system_ws/install/my_package/share/ament_index/resource_index/parent_prefix_path/my_package
[0.613s] -- Up-to-date: /home/lab/fleet_system_ws/install/my_package/share/my_package/environment/ament_prefix_path.sh
[0.613s] -- Up-to-date: /home/lab/fleet_system_ws/install/my_package/share/my_package/environment/ament_prefix_path.dsv
[0.613s] -- Up-to-date: /home/lab/fleet_system_ws/install/my_package/share/my_package/environment/path.sh
[0.613s] -- Up-to-date: /home/lab/fleet_system_ws/install/my_package/share/my_package/environment/path.dsv
[0.613s] -- Up-to-date: /home/lab/fleet_system_ws/install/my_package/share/my_package/local_setup.bash
[0.614s] -- Up-to-date: /home/lab/fleet_system_ws/install/my_package/share/my_package/local_setup.sh
[0.614s] -- Up-to-date: /home/lab/fleet_system_ws/install/my_package/share/my_package/local_setup.zsh
[0.614s] -- Up-to-date: /home/lab/fleet_system_ws/install/my_package/share/my_package/local_setup.dsv
[0.614s] -- Installing: /home/lab/fleet_system_ws/install/my_package/share/my_package/package.dsv
[0.614s] -- Up-to-date: /home/lab/fleet_system_ws/install/my_package/share/ament_index/resource_index/packages/my_package
[0.615s] -- Up-to-date: /home/lab/fleet_system_ws/install/my_package/share/my_package/cmake/my_package__rosidl_generator_cExport.cmake
[0.615s] -- Up-to-date: /home/lab/fleet_system_ws/install/my_package/share/my_package/cmake/my_package__rosidl_generator_cExport-noconfig.cmake
[0.615s] -- Up-to-date: /home/lab/fleet_system_ws/install/my_package/share/my_package/cmake/my_package__rosidl_typesupport_introspection_cExport.cmake
[0.615s] -- Up-to-date: /home/lab/fleet_system_ws/install/my_package/share/my_package/cmake/my_package__rosidl_typesupport_introspection_cExport-noconfig.cmake
[0.615s] -- Up-to-date: /home/lab/fleet_system_ws/install/my_package/share/my_package/cmake/my_package__rosidl_typesupport_cExport.cmake
[0.616s] -- Up-to-date: /home/lab/fleet_system_ws/install/my_package/share/my_package/cmake/my_package__rosidl_typesupport_cExport-noconfig.cmake
[0.616s] -- Up-to-date: /home/lab/fleet_system_ws/install/my_package/share/my_package/cmake/my_package__rosidl_generator_cppExport.cmake
[0.616s] -- Up-to-date: /home/lab/fleet_system_ws/install/my_package/share/my_package/cmake/my_package__rosidl_typesupport_introspection_cppExport.cmake
[0.616s] -- Up-to-date: /home/lab/fleet_system_ws/install/my_package/share/my_package/cmake/my_package__rosidl_typesupport_introspection_cppExport-noconfig.cmake
[0.616s] -- Up-to-date: /home/lab/fleet_system_ws/install/my_package/share/my_package/cmake/my_package__rosidl_typesupport_cppExport.cmake
[0.616s] -- Up-to-date: /home/lab/fleet_system_ws/install/my_package/share/my_package/cmake/my_package__rosidl_typesupport_cppExport-noconfig.cmake
[0.616s] -- Up-to-date: /home/lab/fleet_system_ws/install/my_package/share/my_package/cmake/rosidl_cmake-extras.cmake
[0.617s] -- Up-to-date: /home/lab/fleet_system_ws/install/my_package/share/my_package/cmake/ament_cmake_export_dependencies-extras.cmake
[0.617s] -- Up-to-date: /home/lab/fleet_system_ws/install/my_package/share/my_package/cmake/ament_cmake_export_libraries-extras.cmake
[0.617s] -- Up-to-date: /home/lab/fleet_system_ws/install/my_package/share/my_package/cmake/ament_cmake_export_targets-extras.cmake
[0.618s] -- Up-to-date: /home/lab/fleet_system_ws/install/my_package/share/my_package/cmake/ament_cmake_export_include_directories-extras.cmake
[0.618s] -- Up-to-date: /home/lab/fleet_system_ws/install/my_package/share/my_package/cmake/rosidl_cmake_export_typesupport_libraries-extras.cmake
[0.618s] -- Up-to-date: /home/lab/fleet_system_ws/install/my_package/share/my_package/cmake/rosidl_cmake_export_typesupport_targets-extras.cmake
[0.619s] -- Up-to-date: /home/lab/fleet_system_ws/install/my_package/share/my_package/cmake/my_packageConfig.cmake
[0.619s] -- Up-to-date: /home/lab/fleet_system_ws/install/my_package/share/my_package/cmake/my_packageConfig-version.cmake
[0.619s] -- Up-to-date: /home/lab/fleet_system_ws/install/my_package/share/my_package/package.xml
[0.620s] Invoked command in '/home/lab/fleet_system_ws/build/my_package' returned '0': CMAKE_PREFIX_PATH=/opt/ros/foxy /usr/bin/cmake --install /home/lab/fleet_system_ws/build/my_package
