[0.599s] Invoking command in '/home/lab/fleet_system_ws/build/my_package': CMAKE_PREFIX_PATH=/opt/ros/foxy /usr/bin/cmake --build /home/lab/fleet_system_ws/build/my_package -- -j12 -l12
[0.768s] -- Found ament_cmake: 0.9.12 (/opt/ros/foxy/share/ament_cmake/cmake)
[0.862s] -- Found PythonInterp: /usr/bin/python3 (found suitable version "3.8.10", minimum required is "3") 
[0.862s] -- Using PYTHON_EXECUTABLE: /usr/bin/python3
[1.689s] -- Found ament_lint_auto: 0.9.8 (/opt/ros/foxy/share/ament_lint_auto/cmake)
[1.946s] -- Found rosidl_default_generators: 1.0.1 (/opt/ros/foxy/share/rosidl_default_generators/cmake)
[1.957s] -- Using all available rosidl_typesupport_c: rosidl_typesupport_fastrtps_c;rosidl_typesupport_introspection_c
[1.973s] -- Found rosidl_adapter: 1.3.1 (/opt/ros/foxy/share/rosidl_adapter/cmake)
[2.577s] -- Using all available rosidl_typesupport_cpp: rosidl_typesupport_fastrtps_cpp;rosidl_typesupport_introspection_cpp
[2.771s] -- Found PythonInterp: /usr/bin/python3 (found version "3.8.10") 
[3.331s] -- Found ament_cmake_ros: 0.9.2 (/opt/ros/foxy/share/ament_cmake_ros/cmake)
[3.871s] -- Using all available rosidl_typesupport_c: rosidl_typesupport_fastrtps_c;rosidl_typesupport_introspection_c
[3.977s] -- Using all available rosidl_typesupport_cpp: rosidl_typesupport_fastrtps_cpp;rosidl_typesupport_introspection_cpp
[4.075s] -- Found PythonInterp: /usr/bin/python3 (found suitable version "3.8.10", minimum required is "3.5") 
[4.077s] -- Found python_cmake_module: 0.8.1 (/opt/ros/foxy/share/python_cmake_module/cmake)
[4.171s] -- Using PYTHON_EXECUTABLE: /usr/bin/python3
[4.171s] -- Using PYTHON_INCLUDE_DIRS: /usr/include/python3.8
[4.171s] -- Using PYTHON_LIBRARIES: /usr/lib/x86_64-linux-gnu/libpython3.8.so
[4.289s] -- Added test 'copyright' to check source files copyright and LICENSE
[4.297s] -- Added test 'flake8' to check Python code syntax and style conventions
[4.299s] -- Added test 'lint_cmake' to check CMake code style
[4.301s] -- Added test 'pep257' to check Python code against some of the style conventions in PEP 257
[4.305s] -- Added test 'xmllint' to check XML markup files
[4.334s] -- Configuring done
[4.593s] -- Generating done
[4.607s] -- Build files have been written to: /home/lab/fleet_system_ws/build/my_package
[4.747s] [  3%] Built target my_package__cpp
[4.755s] [ 12%] Built target my_package__rosidl_generator_c
[4.842s] [ 22%] Built target my_package__rosidl_typesupport_cpp
[4.843s] [ 32%] Built target my_package__rosidl_typesupport_introspection_cpp
[4.848s] [ 45%] Built target my_package__rosidl_typesupport_c
[4.848s] [ 51%] Built target my_package__rosidl_typesupport_introspection_c
[4.863s] [ 61%] Built target my_package__rosidl_typesupport_fastrtps_cpp
[4.970s] [ 70%] Built target my_package__rosidl_typesupport_fastrtps_c
[5.051s] [ 70%] Built target my_package
[5.135s] [ 74%] Built target my_package__py
[5.245s] [ 80%] Built target my_package__python
[5.353s] [ 87%] Built target my_package__rosidl_typesupport_fastrtps_c__pyext
[5.353s] [ 93%] Built target my_package__rosidl_typesupport_introspection_c__pyext
[5.354s] [100%] Built target my_package__rosidl_typesupport_c__pyext
[5.399s] Invoked command in '/home/lab/fleet_system_ws/build/my_package' returned '0': CMAKE_PREFIX_PATH=/opt/ros/foxy /usr/bin/cmake --build /home/lab/fleet_system_ws/build/my_package -- -j12 -l12
[5.646s] Invoking command in '/home/lab/fleet_system_ws/build/my_package': CMAKE_PREFIX_PATH=/opt/ros/foxy /usr/bin/cmake --install /home/lab/fleet_system_ws/build/my_package
[5.680s] -- Install configuration: ""
[5.684s] -- Up-to-date: /home/lab/fleet_system_ws/install/my_package/share/ament_index/resource_index/rosidl_interfaces/my_package
[5.685s] -- Up-to-date: /home/lab/fleet_system_ws/install/my_package/include/my_package
[5.686s] -- Up-to-date: /home/lab/fleet_system_ws/install/my_package/include/my_package/msg
[5.687s] -- Up-to-date: /home/lab/fleet_system_ws/install/my_package/include/my_package/msg/rosidl_generator_c__visibility_control.h
[5.687s] -- Up-to-date: /home/lab/fleet_system_ws/install/my_package/include/my_package/action
[5.688s] -- Up-to-date: /home/lab/fleet_system_ws/install/my_package/include/my_package/action/fleet_management.h
[5.688s] -- Up-to-date: /home/lab/fleet_system_ws/install/my_package/include/my_package/action/detail
[5.688s] -- Up-to-date: /home/lab/fleet_system_ws/install/my_package/include/my_package/action/detail/fleet_management__struct.h
[5.688s] -- Up-to-date: /home/lab/fleet_system_ws/install/my_package/include/my_package/action/detail/fleet_management__type_support.h
[5.689s] -- Up-to-date: /home/lab/fleet_system_ws/install/my_package/include/my_package/action/detail/fleet_management__functions.c
[5.689s] -- Up-to-date: /home/lab/fleet_system_ws/install/my_package/include/my_package/action/detail/fleet_management__functions.h
[5.690s] -- Up-to-date: /home/lab/fleet_system_ws/install/my_package/share/my_package/environment/library_path.sh
[5.690s] -- Installing: /home/lab/fleet_system_ws/install/my_package/share/my_package/environment/library_path.dsv
[5.691s] -- Up-to-date: /home/lab/fleet_system_ws/install/my_package/lib/libmy_package__rosidl_generator_c.so
[5.692s] -- Up-to-date: /home/lab/fleet_system_ws/install/my_package/include/my_package
[5.692s] -- Up-to-date: /home/lab/fleet_system_ws/install/my_package/include/my_package/msg
[5.693s] -- Up-to-date: /home/lab/fleet_system_ws/install/my_package/include/my_package/msg/rosidl_typesupport_fastrtps_c__visibility_control.h
[5.693s] -- Up-to-date: /home/lab/fleet_system_ws/install/my_package/include/my_package/action
[5.693s] -- Up-to-date: /home/lab/fleet_system_ws/install/my_package/include/my_package/action/detail
[5.693s] -- Up-to-date: /home/lab/fleet_system_ws/install/my_package/include/my_package/action/detail/fleet_management__rosidl_typesupport_fastrtps_c.h
[5.694s] -- Up-to-date: /home/lab/fleet_system_ws/install/my_package/lib/libmy_package__rosidl_typesupport_fastrtps_c.so
[5.695s] -- Up-to-date: /home/lab/fleet_system_ws/install/my_package/include/my_package
[5.696s] -- Up-to-date: /home/lab/fleet_system_ws/install/my_package/include/my_package/msg
[5.697s] -- Up-to-date: /home/lab/fleet_system_ws/install/my_package/include/my_package/msg/rosidl_typesupport_fastrtps_cpp__visibility_control.h
[5.697s] -- Up-to-date: /home/lab/fleet_system_ws/install/my_package/include/my_package/action
[5.697s] -- Up-to-date: /home/lab/fleet_system_ws/install/my_package/include/my_package/action/detail
[5.698s] -- Up-to-date: /home/lab/fleet_system_ws/install/my_package/include/my_package/action/detail/dds_fastrtps
[5.698s] -- Up-to-date: /home/lab/fleet_system_ws/install/my_package/include/my_package/action/detail/fleet_management__rosidl_typesupport_fastrtps_cpp.hpp
[5.698s] -- Up-to-date: /home/lab/fleet_system_ws/install/my_package/lib/libmy_package__rosidl_typesupport_fastrtps_cpp.so
[5.699s] -- Up-to-date: /home/lab/fleet_system_ws/install/my_package/include/my_package
[5.701s] -- Up-to-date: /home/lab/fleet_system_ws/install/my_package/include/my_package/msg
[5.701s] -- Up-to-date: /home/lab/fleet_system_ws/install/my_package/include/my_package/msg/rosidl_typesupport_introspection_c__visibility_control.h
[5.702s] -- Up-to-date: /home/lab/fleet_system_ws/install/my_package/include/my_package/action
[5.702s] -- Up-to-date: /home/lab/fleet_system_ws/install/my_package/include/my_package/action/detail
[5.702s] -- Up-to-date: /home/lab/fleet_system_ws/install/my_package/include/my_package/action/detail/fleet_management__rosidl_typesupport_introspection_c.h
[5.702s] -- Up-to-date: /home/lab/fleet_system_ws/install/my_package/include/my_package/action/detail/fleet_management__type_support.c
[5.703s] -- Up-to-date: /home/lab/fleet_system_ws/install/my_package/lib/libmy_package__rosidl_typesupport_introspection_c.so
[5.705s] -- Up-to-date: /home/lab/fleet_system_ws/install/my_package/lib/libmy_package__rosidl_typesupport_c.so
[5.707s] -- Up-to-date: /home/lab/fleet_system_ws/install/my_package/include/my_package
[5.707s] -- Up-to-date: /home/lab/fleet_system_ws/install/my_package/include/my_package/msg
[5.708s] -- Up-to-date: /home/lab/fleet_system_ws/install/my_package/include/my_package/msg/rosidl_generator_cpp__visibility_control.hpp
[5.708s] -- Up-to-date: /home/lab/fleet_system_ws/install/my_package/include/my_package/action
[5.708s] -- Up-to-date: /home/lab/fleet_system_ws/install/my_package/include/my_package/action/fleet_management.hpp
[5.709s] -- Up-to-date: /home/lab/fleet_system_ws/install/my_package/include/my_package/action/detail
[5.709s] -- Up-to-date: /home/lab/fleet_system_ws/install/my_package/include/my_package/action/detail/fleet_management__type_support.hpp
[5.710s] -- Up-to-date: /home/lab/fleet_system_ws/install/my_package/include/my_package/action/detail/fleet_management__builder.hpp
[5.710s] -- Up-to-date: /home/lab/fleet_system_ws/install/my_package/include/my_package/action/detail/fleet_management__struct.hpp
[5.710s] -- Up-to-date: /home/lab/fleet_system_ws/install/my_package/include/my_package/action/detail/fleet_management__traits.hpp
[5.711s] -- Up-to-date: /home/lab/fleet_system_ws/install/my_package/include/my_package
[5.711s] -- Up-to-date: /home/lab/fleet_system_ws/install/my_package/include/my_package/action
[5.712s] -- Up-to-date: /home/lab/fleet_system_ws/install/my_package/include/my_package/action/detail
[5.712s] -- Up-to-date: /home/lab/fleet_system_ws/install/my_package/include/my_package/action/detail/fleet_management__type_support.cpp
[5.712s] -- Up-to-date: /home/lab/fleet_system_ws/install/my_package/include/my_package/action/detail/fleet_management__rosidl_typesupport_introspection_cpp.hpp
[5.712s] -- Up-to-date: /home/lab/fleet_system_ws/install/my_package/lib/libmy_package__rosidl_typesupport_introspection_cpp.so
[5.714s] -- Up-to-date: /home/lab/fleet_system_ws/install/my_package/lib/libmy_package__rosidl_typesupport_cpp.so
[5.715s] -- Up-to-date: /home/lab/fleet_system_ws/install/my_package/share/my_package/environment/pythonpath.sh
[5.715s] -- Installing: /home/lab/fleet_system_ws/install/my_package/share/my_package/environment/pythonpath.dsv
[5.716s] -- Installing: /home/lab/fleet_system_ws/install/my_package/lib/python3.8/site-packages/my_package/__init__.py
[5.841s] Compiling '/home/lab/fleet_system_ws/install/my_package/lib/python3.8/site-packages/my_package/__init__.py'...
[5.855s] -- Up-to-date: /home/lab/fleet_system_ws/install/my_package/lib/python3.8/site-packages/my_package/action
[5.857s] -- Up-to-date: /home/lab/fleet_system_ws/install/my_package/lib/python3.8/site-packages/my_package/action/_fleet_management_s.c
[5.857s] -- Up-to-date: /home/lab/fleet_system_ws/install/my_package/lib/python3.8/site-packages/my_package/action/__init__.py
[5.857s] -- Up-to-date: /home/lab/fleet_system_ws/install/my_package/lib/python3.8/site-packages/my_package/action/_fleet_management.py
[5.859s] -- Up-to-date: /home/lab/fleet_system_ws/install/my_package/lib/python3.8/site-packages/my_package/my_package_s__rosidl_typesupport_fastrtps_c.cpython-38-x86_64-linux-gnu.so
[5.862s] -- Up-to-date: /home/lab/fleet_system_ws/install/my_package/lib/python3.8/site-packages/my_package/my_package_s__rosidl_typesupport_introspection_c.cpython-38-x86_64-linux-gnu.so
[5.866s] -- Up-to-date: /home/lab/fleet_system_ws/install/my_package/lib/python3.8/site-packages/my_package/my_package_s__rosidl_typesupport_c.cpython-38-x86_64-linux-gnu.so
[5.869s] -- Up-to-date: /home/lab/fleet_system_ws/install/my_package/lib/libmy_package__python.so
[5.870s] -- Up-to-date: /home/lab/fleet_system_ws/install/my_package/share/my_package/action/FleetManagement.idl
[5.871s] -- Installing: /home/lab/fleet_system_ws/install/my_package/share/my_package/action/FleetManagement.action
[5.871s] -- Up-to-date: /home/lab/fleet_system_ws/install/my_package/share/ament_index/resource_index/package_run_dependencies/my_package
[5.872s] -- Up-to-date: /home/lab/fleet_system_ws/install/my_package/share/ament_index/resource_index/parent_prefix_path/my_package
[5.873s] -- Up-to-date: /home/lab/fleet_system_ws/install/my_package/share/my_package/environment/ament_prefix_path.sh
[5.873s] -- Installing: /home/lab/fleet_system_ws/install/my_package/share/my_package/environment/ament_prefix_path.dsv
[5.874s] -- Up-to-date: /home/lab/fleet_system_ws/install/my_package/share/my_package/environment/path.sh
[5.875s] -- Installing: /home/lab/fleet_system_ws/install/my_package/share/my_package/environment/path.dsv
[5.875s] -- Up-to-date: /home/lab/fleet_system_ws/install/my_package/share/my_package/local_setup.bash
[5.875s] -- Up-to-date: /home/lab/fleet_system_ws/install/my_package/share/my_package/local_setup.sh
[5.876s] -- Up-to-date: /home/lab/fleet_system_ws/install/my_package/share/my_package/local_setup.zsh
[5.877s] -- Installing: /home/lab/fleet_system_ws/install/my_package/share/my_package/local_setup.dsv
[5.877s] -- Installing: /home/lab/fleet_system_ws/install/my_package/share/my_package/package.dsv
[5.877s] -- Up-to-date: /home/lab/fleet_system_ws/install/my_package/share/ament_index/resource_index/packages/my_package
[5.878s] -- Up-to-date: /home/lab/fleet_system_ws/install/my_package/share/my_package/cmake/my_package__rosidl_generator_cExport.cmake
[5.879s] -- Installing: /home/lab/fleet_system_ws/install/my_package/share/my_package/cmake/my_package__rosidl_generator_cExport-noconfig.cmake
[5.880s] -- Up-to-date: /home/lab/fleet_system_ws/install/my_package/share/my_package/cmake/my_package__rosidl_typesupport_introspection_cExport.cmake
[5.881s] -- Installing: /home/lab/fleet_system_ws/install/my_package/share/my_package/cmake/my_package__rosidl_typesupport_introspection_cExport-noconfig.cmake
[5.882s] -- Up-to-date: /home/lab/fleet_system_ws/install/my_package/share/my_package/cmake/my_package__rosidl_typesupport_cExport.cmake
[5.883s] -- Installing: /home/lab/fleet_system_ws/install/my_package/share/my_package/cmake/my_package__rosidl_typesupport_cExport-noconfig.cmake
[5.884s] -- Up-to-date: /home/lab/fleet_system_ws/install/my_package/share/my_package/cmake/my_package__rosidl_generator_cppExport.cmake
[5.885s] -- Up-to-date: /home/lab/fleet_system_ws/install/my_package/share/my_package/cmake/my_package__rosidl_typesupport_introspection_cppExport.cmake
[5.886s] -- Installing: /home/lab/fleet_system_ws/install/my_package/share/my_package/cmake/my_package__rosidl_typesupport_introspection_cppExport-noconfig.cmake
[5.887s] -- Up-to-date: /home/lab/fleet_system_ws/install/my_package/share/my_package/cmake/my_package__rosidl_typesupport_cppExport.cmake
[5.888s] -- Installing: /home/lab/fleet_system_ws/install/my_package/share/my_package/cmake/my_package__rosidl_typesupport_cppExport-noconfig.cmake
[5.889s] -- Up-to-date: /home/lab/fleet_system_ws/install/my_package/share/my_package/cmake/rosidl_cmake-extras.cmake
[5.889s] -- Up-to-date: /home/lab/fleet_system_ws/install/my_package/share/my_package/cmake/ament_cmake_export_dependencies-extras.cmake
[5.889s] -- Up-to-date: /home/lab/fleet_system_ws/install/my_package/share/my_package/cmake/ament_cmake_export_libraries-extras.cmake
[5.890s] -- Up-to-date: /home/lab/fleet_system_ws/install/my_package/share/my_package/cmake/ament_cmake_export_targets-extras.cmake
[5.891s] -- Up-to-date: /home/lab/fleet_system_ws/install/my_package/share/my_package/cmake/ament_cmake_export_include_directories-extras.cmake
[5.892s] -- Up-to-date: /home/lab/fleet_system_ws/install/my_package/share/my_package/cmake/rosidl_cmake_export_typesupport_libraries-extras.cmake
[5.892s] -- Up-to-date: /home/lab/fleet_system_ws/install/my_package/share/my_package/cmake/rosidl_cmake_export_typesupport_targets-extras.cmake
[5.892s] -- Up-to-date: /home/lab/fleet_system_ws/install/my_package/share/my_package/cmake/my_packageConfig.cmake
[5.892s] -- Up-to-date: /home/lab/fleet_system_ws/install/my_package/share/my_package/cmake/my_packageConfig-version.cmake
[5.893s] -- Up-to-date: /home/lab/fleet_system_ws/install/my_package/share/my_package/package.xml
[5.900s] Invoked command in '/home/lab/fleet_system_ws/build/my_package' returned '0': CMAKE_PREFIX_PATH=/opt/ros/foxy /usr/bin/cmake --install /home/lab/fleet_system_ws/build/my_package
