-- Found ament_cmake: 0.9.12 (/opt/ros/foxy/share/ament_cmake/cmake)
-- Using PYTHON_EXECUTABLE: /usr/bin/python3
-- Found ament_lint_auto: 0.9.8 (/opt/ros/foxy/share/ament_lint_auto/cmake)
-- Found rosidl_default_generators: 1.0.1 (/opt/ros/foxy/share/rosidl_default_generators/cmake)
-- Using all available rosidl_typesupport_c: rosidl_typesupport_fastrtps_c;rosidl_typesupport_introspection_c
-- Found rosidl_adapter: 1.3.1 (/opt/ros/foxy/share/rosidl_adapter/cmake)
-- Using all available rosidl_typesupport_cpp: rosidl_typesupport_fastrtps_cpp;rosidl_typesupport_introspection_cpp
-- Found PythonInterp: /usr/bin/python3 (found version "3.8.10") 
-- Found ament_cmake_ros: 0.9.2 (/opt/ros/foxy/share/ament_cmake_ros/cmake)
-- Using all available rosidl_typesupport_c: rosidl_typesupport_fastrtps_c;rosidl_typesupport_introspection_c
-- Using all available rosidl_typesupport_cpp: rosidl_typesupport_fastrtps_cpp;rosidl_typesupport_introspection_cpp
-- Found PythonInterp: /usr/bin/python3 (found suitable version "3.8.10", minimum required is "3.5") 
-- Found python_cmake_module: 0.8.1 (/opt/ros/foxy/share/python_cmake_module/cmake)
-- Found PythonLibs: /usr/lib/x86_64-linux-gnu/libpython3.8.so (found suitable version "3.8.10", minimum required is "3.5") 
-- Using PYTHON_EXECUTABLE: /usr/bin/python3
-- Using PYTHON_INCLUDE_DIRS: /usr/include/python3.8
-- Using PYTHON_LIBRARIES: /usr/lib/x86_64-linux-gnu/libpython3.8.so
-- Found PythonExtra: .so  
-- Added test 'copyright' to check source files copyright and LICENSE
-- Added test 'cppcheck' to perform static code analysis on C / C++ code
-- Configured cppcheck include dirs: $<BUILD_INTERFACE:/home/lab/fleet_system_ws/src/my_package/include>
-- Configured cppcheck exclude dirs and/or files: 
-- Added test 'cpplint' to check C / C++ code against the Google style
-- Configured cpplint exclude dirs and/or files: 
-- Added test 'lint_cmake' to check CMake code style
-- Added test 'uncrustify' to check C / C++ code style
-- Configured uncrustify additional arguments: 
-- Added test 'xmllint' to check XML markup files
-- Configuring done
-- Generating done
-- Build files have been written to: /home/lab/fleet_system_ws/build/my_package
[  3%] [34m[1mGenerating C code for ROS interfaces[0m
[35m[1mScanning dependencies of target my_node[0m
[35m[1mScanning dependencies of target my_package__cpp[0m
[  9%] [32mBuilding CXX object CMakeFiles/my_node.dir/src/my_node.cpp.o[0m
[  9%] [34m[1mGenerating C++ code for ROS interfaces[0m
[ 12%] [32m[1mLinking CXX executable my_node[0m
[ 12%] Built target my_node
[ 12%] Built target my_package__cpp
[ 15%] [34m[1mGenerating C++ type support dispatch for ROS interfaces[0m
[ 18%] [34m[1mGenerating C++ introspection for ROS interfaces[0m
[35m[1mScanning dependencies of target my_package__rosidl_generator_c[0m
[ 21%] [34m[1mGenerating C++ type support for eProsima Fast-RTPS[0m
[ 24%] [32mBuilding C object CMakeFiles/my_package__rosidl_generator_c.dir/rosidl_generator_c/my_package/action/detail/fleet_management__functions.c.o[0m
[ 27%] [32m[1mLinking C shared library libmy_package__rosidl_generator_c.so[0m
[ 27%] Built target my_package__rosidl_generator_c
[ 33%] [34m[1mGenerating C type support dispatch for ROS interfaces[0m
[ 33%] [34m[1mGenerating C introspection for ROS interfaces[0m
[35m[1mScanning dependencies of target my_package__rosidl_typesupport_cpp[0m
[ 36%] [32mBuilding CXX object CMakeFiles/my_package__rosidl_typesupport_cpp.dir/rosidl_typesupport_cpp/my_package/action/fleet_management__type_support.cpp.o[0m
[35m[1mScanning dependencies of target my_package__rosidl_typesupport_introspection_cpp[0m
[ 39%] [32mBuilding CXX object CMakeFiles/my_package__rosidl_typesupport_introspection_cpp.dir/rosidl_typesupport_introspection_cpp/my_package/action/detail/fleet_management__type_support.cpp.o[0m
[35m[1mScanning dependencies of target my_package__rosidl_typesupport_fastrtps_cpp[0m
[ 42%] [32mBuilding CXX object CMakeFiles/my_package__rosidl_typesupport_fastrtps_cpp.dir/rosidl_typesupport_fastrtps_cpp/my_package/action/detail/dds_fastrtps/fleet_management__type_support.cpp.o[0m
[35m[1mScanning dependencies of target my_package__rosidl_typesupport_c[0m
[ 45%] [32mBuilding CXX object CMakeFiles/my_package__rosidl_typesupport_c.dir/rosidl_typesupport_c/my_package/action/fleet_management__type_support.cpp.o[0m
[ 48%] [32m[1mLinking CXX shared library libmy_package__rosidl_typesupport_c.so[0m
[35m[1mScanning dependencies of target my_package__rosidl_typesupport_introspection_c[0m
[ 51%] [32mBuilding C object CMakeFiles/my_package__rosidl_typesupport_introspection_c.dir/rosidl_typesupport_introspection_c/my_package/action/detail/fleet_management__type_support.c.o[0m
[ 51%] Built target my_package__rosidl_typesupport_c
[ 54%] [32m[1mLinking C shared library libmy_package__rosidl_typesupport_introspection_c.so[0m
[ 57%] [32m[1mLinking CXX shared library libmy_package__rosidl_typesupport_cpp.so[0m
[ 57%] Built target my_package__rosidl_typesupport_introspection_c
[ 57%] Built target my_package__rosidl_typesupport_cpp
[ 60%] [32m[1mLinking CXX shared library libmy_package__rosidl_typesupport_introspection_cpp.so[0m
[ 60%] Built target my_package__rosidl_typesupport_introspection_cpp
[ 63%] [32m[1mLinking CXX shared library libmy_package__rosidl_typesupport_fastrtps_cpp.so[0m
[ 63%] Built target my_package__rosidl_typesupport_fastrtps_cpp
[ 66%] [34m[1mGenerating C type support for eProsima Fast-RTPS[0m
[35m[1mScanning dependencies of target my_package__rosidl_typesupport_fastrtps_c[0m
[ 69%] [32mBuilding CXX object CMakeFiles/my_package__rosidl_typesupport_fastrtps_c.dir/rosidl_typesupport_fastrtps_c/my_package/action/detail/fleet_management__type_support_c.cpp.o[0m
[ 72%] [32m[1mLinking CXX shared library libmy_package__rosidl_typesupport_fastrtps_c.so[0m
[ 72%] Built target my_package__rosidl_typesupport_fastrtps_c
[35m[1mScanning dependencies of target my_package[0m
[ 72%] Built target my_package
[35m[1mScanning dependencies of target my_package__py[0m
[ 75%] [34m[1mGenerating Python code for ROS interfaces[0m
[ 75%] Built target my_package__py
[35m[1mScanning dependencies of target my_package__python[0m
[ 78%] [32mBuilding C object CMakeFiles/my_package__python.dir/rosidl_generator_py/my_package/action/_fleet_management_s.c.o[0m
[ 81%] [32m[1mLinking C shared library rosidl_generator_py/my_package/libmy_package__python.so[0m
[ 81%] Built target my_package__python
[35m[1mScanning dependencies of target my_package__rosidl_typesupport_introspection_c__pyext[0m
[35m[1mScanning dependencies of target my_package__rosidl_typesupport_fastrtps_c__pyext[0m
[35m[1mScanning dependencies of target my_package__rosidl_typesupport_c__pyext[0m
[ 87%] [32mBuilding C object CMakeFiles/my_package__rosidl_typesupport_c__pyext.dir/rosidl_generator_py/my_package/_my_package_s.ep.rosidl_typesupport_c.c.o[0m
[ 87%] [32mBuilding C object CMakeFiles/my_package__rosidl_typesupport_introspection_c__pyext.dir/rosidl_generator_py/my_package/_my_package_s.ep.rosidl_typesupport_introspection_c.c.o[0m
[ 90%] [32mBuilding C object CMakeFiles/my_package__rosidl_typesupport_fastrtps_c__pyext.dir/rosidl_generator_py/my_package/_my_package_s.ep.rosidl_typesupport_fastrtps_c.c.o[0m
[ 93%] [32m[1mLinking C shared library rosidl_generator_py/my_package/my_package_s__rosidl_typesupport_introspection_c.cpython-38-x86_64-linux-gnu.so[0m
[ 96%] [32m[1mLinking C shared library rosidl_generator_py/my_package/my_package_s__rosidl_typesupport_c.cpython-38-x86_64-linux-gnu.so[0m
[100%] [32m[1mLinking CXX shared library rosidl_generator_py/my_package/my_package_s__rosidl_typesupport_fastrtps_c.cpython-38-x86_64-linux-gnu.so[0m
[100%] Built target my_package__rosidl_typesupport_introspection_c__pyext
[100%] Built target my_package__rosidl_typesupport_c__pyext
[100%] Built target my_package__rosidl_typesupport_fastrtps_c__pyext
-- Install configuration: ""
-- Installing: /home/lab/fleet_system_ws/install/my_package/lib/my_package/my_node
-- Installing: /home/lab/fleet_system_ws/install/my_package/share/ament_index/resource_index/rosidl_interfaces/my_package
-- Installing: /home/lab/fleet_system_ws/install/my_package/include/my_package
-- Installing: /home/lab/fleet_system_ws/install/my_package/include/my_package/msg
-- Installing: /home/lab/fleet_system_ws/install/my_package/include/my_package/msg/rosidl_generator_c__visibility_control.h
-- Installing: /home/lab/fleet_system_ws/install/my_package/include/my_package/action
-- Installing: /home/lab/fleet_system_ws/install/my_package/include/my_package/action/fleet_management.h
-- Installing: /home/lab/fleet_system_ws/install/my_package/include/my_package/action/detail
-- Installing: /home/lab/fleet_system_ws/install/my_package/include/my_package/action/detail/fleet_management__struct.h
-- Installing: /home/lab/fleet_system_ws/install/my_package/include/my_package/action/detail/fleet_management__type_support.h
-- Installing: /home/lab/fleet_system_ws/install/my_package/include/my_package/action/detail/fleet_management__functions.c
-- Installing: /home/lab/fleet_system_ws/install/my_package/include/my_package/action/detail/fleet_management__functions.h
-- Installing: /home/lab/fleet_system_ws/install/my_package/share/my_package/environment/library_path.sh
-- Installing: /home/lab/fleet_system_ws/install/my_package/share/my_package/environment/library_path.dsv
-- Installing: /home/lab/fleet_system_ws/install/my_package/lib/libmy_package__rosidl_generator_c.so
-- Set runtime path of "/home/lab/fleet_system_ws/install/my_package/lib/libmy_package__rosidl_generator_c.so" to ""
-- Up-to-date: /home/lab/fleet_system_ws/install/my_package/include/my_package
-- Up-to-date: /home/lab/fleet_system_ws/install/my_package/include/my_package/msg
-- Installing: /home/lab/fleet_system_ws/install/my_package/include/my_package/msg/rosidl_typesupport_fastrtps_c__visibility_control.h
-- Up-to-date: /home/lab/fleet_system_ws/install/my_package/include/my_package/action
-- Up-to-date: /home/lab/fleet_system_ws/install/my_package/include/my_package/action/detail
-- Installing: /home/lab/fleet_system_ws/install/my_package/include/my_package/action/detail/fleet_management__rosidl_typesupport_fastrtps_c.h
-- Installing: /home/lab/fleet_system_ws/install/my_package/lib/libmy_package__rosidl_typesupport_fastrtps_c.so
-- Set runtime path of "/home/lab/fleet_system_ws/install/my_package/lib/libmy_package__rosidl_typesupport_fastrtps_c.so" to ""
-- Up-to-date: /home/lab/fleet_system_ws/install/my_package/include/my_package
-- Up-to-date: /home/lab/fleet_system_ws/install/my_package/include/my_package/msg
-- Installing: /home/lab/fleet_system_ws/install/my_package/include/my_package/msg/rosidl_typesupport_fastrtps_cpp__visibility_control.h
-- Up-to-date: /home/lab/fleet_system_ws/install/my_package/include/my_package/action
-- Up-to-date: /home/lab/fleet_system_ws/install/my_package/include/my_package/action/detail
-- Installing: /home/lab/fleet_system_ws/install/my_package/include/my_package/action/detail/dds_fastrtps
-- Installing: /home/lab/fleet_system_ws/install/my_package/include/my_package/action/detail/fleet_management__rosidl_typesupport_fastrtps_cpp.hpp
-- Installing: /home/lab/fleet_system_ws/install/my_package/lib/libmy_package__rosidl_typesupport_fastrtps_cpp.so
-- Set runtime path of "/home/lab/fleet_system_ws/install/my_package/lib/libmy_package__rosidl_typesupport_fastrtps_cpp.so" to ""
-- Up-to-date: /home/lab/fleet_system_ws/install/my_package/include/my_package
-- Up-to-date: /home/lab/fleet_system_ws/install/my_package/include/my_package/msg
-- Installing: /home/lab/fleet_system_ws/install/my_package/include/my_package/msg/rosidl_typesupport_introspection_c__visibility_control.h
-- Up-to-date: /home/lab/fleet_system_ws/install/my_package/include/my_package/action
-- Up-to-date: /home/lab/fleet_system_ws/install/my_package/include/my_package/action/detail
-- Installing: /home/lab/fleet_system_ws/install/my_package/include/my_package/action/detail/fleet_management__rosidl_typesupport_introspection_c.h
-- Installing: /home/lab/fleet_system_ws/install/my_package/include/my_package/action/detail/fleet_management__type_support.c
-- Installing: /home/lab/fleet_system_ws/install/my_package/lib/libmy_package__rosidl_typesupport_introspection_c.so
-- Set runtime path of "/home/lab/fleet_system_ws/install/my_package/lib/libmy_package__rosidl_typesupport_introspection_c.so" to ""
-- Installing: /home/lab/fleet_system_ws/install/my_package/lib/libmy_package__rosidl_typesupport_c.so
-- Set runtime path of "/home/lab/fleet_system_ws/install/my_package/lib/libmy_package__rosidl_typesupport_c.so" to ""
-- Up-to-date: /home/lab/fleet_system_ws/install/my_package/include/my_package
-- Up-to-date: /home/lab/fleet_system_ws/install/my_package/include/my_package/msg
-- Installing: /home/lab/fleet_system_ws/install/my_package/include/my_package/msg/rosidl_generator_cpp__visibility_control.hpp
-- Up-to-date: /home/lab/fleet_system_ws/install/my_package/include/my_package/action
-- Installing: /home/lab/fleet_system_ws/install/my_package/include/my_package/action/fleet_management.hpp
-- Up-to-date: /home/lab/fleet_system_ws/install/my_package/include/my_package/action/detail
-- Installing: /home/lab/fleet_system_ws/install/my_package/include/my_package/action/detail/fleet_management__type_support.hpp
-- Installing: /home/lab/fleet_system_ws/install/my_package/include/my_package/action/detail/fleet_management__builder.hpp
-- Installing: /home/lab/fleet_system_ws/install/my_package/include/my_package/action/detail/fleet_management__struct.hpp
-- Installing: /home/lab/fleet_system_ws/install/my_package/include/my_package/action/detail/fleet_management__traits.hpp
-- Up-to-date: /home/lab/fleet_system_ws/install/my_package/include/my_package
-- Up-to-date: /home/lab/fleet_system_ws/install/my_package/include/my_package/action
-- Up-to-date: /home/lab/fleet_system_ws/install/my_package/include/my_package/action/detail
-- Installing: /home/lab/fleet_system_ws/install/my_package/include/my_package/action/detail/fleet_management__type_support.cpp
-- Installing: /home/lab/fleet_system_ws/install/my_package/include/my_package/action/detail/fleet_management__rosidl_typesupport_introspection_cpp.hpp
-- Installing: /home/lab/fleet_system_ws/install/my_package/lib/libmy_package__rosidl_typesupport_introspection_cpp.so
-- Set runtime path of "/home/lab/fleet_system_ws/install/my_package/lib/libmy_package__rosidl_typesupport_introspection_cpp.so" to ""
-- Installing: /home/lab/fleet_system_ws/install/my_package/lib/libmy_package__rosidl_typesupport_cpp.so
-- Set runtime path of "/home/lab/fleet_system_ws/install/my_package/lib/libmy_package__rosidl_typesupport_cpp.so" to ""
-- Installing: /home/lab/fleet_system_ws/install/my_package/share/my_package/environment/pythonpath.sh
-- Installing: /home/lab/fleet_system_ws/install/my_package/share/my_package/environment/pythonpath.dsv
-- Installing: /home/lab/fleet_system_ws/install/my_package/lib/python3.8/site-packages/my_package/__init__.py
Compiling '/home/lab/fleet_system_ws/install/my_package/lib/python3.8/site-packages/my_package/__init__.py'...
-- Installing: /home/lab/fleet_system_ws/install/my_package/lib/python3.8/site-packages/my_package/action
-- Installing: /home/lab/fleet_system_ws/install/my_package/lib/python3.8/site-packages/my_package/action/_fleet_management_s.c
-- Installing: /home/lab/fleet_system_ws/install/my_package/lib/python3.8/site-packages/my_package/action/__init__.py
-- Installing: /home/lab/fleet_system_ws/install/my_package/lib/python3.8/site-packages/my_package/action/_fleet_management.py
-- Installing: /home/lab/fleet_system_ws/install/my_package/lib/python3.8/site-packages/my_package/my_package_s__rosidl_typesupport_fastrtps_c.cpython-38-x86_64-linux-gnu.so
-- Set runtime path of "/home/lab/fleet_system_ws/install/my_package/lib/python3.8/site-packages/my_package/my_package_s__rosidl_typesupport_fastrtps_c.cpython-38-x86_64-linux-gnu.so" to ""
-- Installing: /home/lab/fleet_system_ws/install/my_package/lib/python3.8/site-packages/my_package/my_package_s__rosidl_typesupport_introspection_c.cpython-38-x86_64-linux-gnu.so
-- Set runtime path of "/home/lab/fleet_system_ws/install/my_package/lib/python3.8/site-packages/my_package/my_package_s__rosidl_typesupport_introspection_c.cpython-38-x86_64-linux-gnu.so" to ""
-- Installing: /home/lab/fleet_system_ws/install/my_package/lib/python3.8/site-packages/my_package/my_package_s__rosidl_typesupport_c.cpython-38-x86_64-linux-gnu.so
-- Set runtime path of "/home/lab/fleet_system_ws/install/my_package/lib/python3.8/site-packages/my_package/my_package_s__rosidl_typesupport_c.cpython-38-x86_64-linux-gnu.so" to ""
-- Installing: /home/lab/fleet_system_ws/install/my_package/lib/libmy_package__python.so
-- Set runtime path of "/home/lab/fleet_system_ws/install/my_package/lib/libmy_package__python.so" to ""
-- Installing: /home/lab/fleet_system_ws/install/my_package/share/my_package/action/FleetManagement.idl
-- Installing: /home/lab/fleet_system_ws/install/my_package/share/my_package/action/FleetManagement.action
-- Installing: /home/lab/fleet_system_ws/install/my_package/share/ament_index/resource_index/package_run_dependencies/my_package
-- Up-to-date: /home/lab/fleet_system_ws/install/my_package/share/ament_index/resource_index/parent_prefix_path/my_package
-- Up-to-date: /home/lab/fleet_system_ws/install/my_package/share/my_package/environment/ament_prefix_path.sh
-- Installing: /home/lab/fleet_system_ws/install/my_package/share/my_package/environment/ament_prefix_path.dsv
-- Up-to-date: /home/lab/fleet_system_ws/install/my_package/share/my_package/environment/path.sh
-- Installing: /home/lab/fleet_system_ws/install/my_package/share/my_package/environment/path.dsv
-- Up-to-date: /home/lab/fleet_system_ws/install/my_package/share/my_package/local_setup.bash
-- Installing: /home/lab/fleet_system_ws/install/my_package/share/my_package/local_setup.sh
-- Up-to-date: /home/lab/fleet_system_ws/install/my_package/share/my_package/local_setup.zsh
-- Installing: /home/lab/fleet_system_ws/install/my_package/share/my_package/local_setup.dsv
-- Installing: /home/lab/fleet_system_ws/install/my_package/share/my_package/package.dsv
-- Up-to-date: /home/lab/fleet_system_ws/install/my_package/share/ament_index/resource_index/packages/my_package
-- Installing: /home/lab/fleet_system_ws/install/my_package/share/my_package/cmake/my_package__rosidl_generator_cExport.cmake
-- Installing: /home/lab/fleet_system_ws/install/my_package/share/my_package/cmake/my_package__rosidl_generator_cExport-noconfig.cmake
-- Installing: /home/lab/fleet_system_ws/install/my_package/share/my_package/cmake/my_package__rosidl_typesupport_introspection_cExport.cmake
-- Installing: /home/lab/fleet_system_ws/install/my_package/share/my_package/cmake/my_package__rosidl_typesupport_introspection_cExport-noconfig.cmake
-- Installing: /home/lab/fleet_system_ws/install/my_package/share/my_package/cmake/my_package__rosidl_typesupport_cExport.cmake
-- Installing: /home/lab/fleet_system_ws/install/my_package/share/my_package/cmake/my_package__rosidl_typesupport_cExport-noconfig.cmake
-- Installing: /home/lab/fleet_system_ws/install/my_package/share/my_package/cmake/my_package__rosidl_generator_cppExport.cmake
-- Installing: /home/lab/fleet_system_ws/install/my_package/share/my_package/cmake/my_package__rosidl_typesupport_introspection_cppExport.cmake
-- Installing: /home/lab/fleet_system_ws/install/my_package/share/my_package/cmake/my_package__rosidl_typesupport_introspection_cppExport-noconfig.cmake
-- Installing: /home/lab/fleet_system_ws/install/my_package/share/my_package/cmake/my_package__rosidl_typesupport_cppExport.cmake
-- Installing: /home/lab/fleet_system_ws/install/my_package/share/my_package/cmake/my_package__rosidl_typesupport_cppExport-noconfig.cmake
-- Installing: /home/lab/fleet_system_ws/install/my_package/share/my_package/cmake/rosidl_cmake-extras.cmake
-- Installing: /home/lab/fleet_system_ws/install/my_package/share/my_package/cmake/ament_cmake_export_dependencies-extras.cmake
-- Installing: /home/lab/fleet_system_ws/install/my_package/share/my_package/cmake/ament_cmake_export_libraries-extras.cmake
-- Installing: /home/lab/fleet_system_ws/install/my_package/share/my_package/cmake/ament_cmake_export_targets-extras.cmake
-- Installing: /home/lab/fleet_system_ws/install/my_package/share/my_package/cmake/ament_cmake_export_include_directories-extras.cmake
-- Installing: /home/lab/fleet_system_ws/install/my_package/share/my_package/cmake/rosidl_cmake_export_typesupport_libraries-extras.cmake
-- Installing: /home/lab/fleet_system_ws/install/my_package/share/my_package/cmake/rosidl_cmake_export_typesupport_targets-extras.cmake
-- Installing: /home/lab/fleet_system_ws/install/my_package/share/my_package/cmake/my_packageConfig.cmake
-- Up-to-date: /home/lab/fleet_system_ws/install/my_package/share/my_package/cmake/my_packageConfig-version.cmake
-- Installing: /home/lab/fleet_system_ws/install/my_package/share/my_package/package.xml
