[3.368s] DEBUG:colcon:Command line arguments: ['/usr/bin/colcon', 'build']
[3.369s] DEBUG:colcon:Parsed command line arguments: Namespace(allow_overriding=[], ament_cmake_args=None, base_paths=['.'], build_base='build', catkin_cmake_args=None, catkin_skip_building_tests=False, cmake_args=None, cmake_clean_cache=False, cmake_clean_first=False, cmake_force_configure=False, cmake_target=None, cmake_target_skip_unavailable=False, continue_on_error=False, event_handlers=None, executor='parallel', ignore_user_meta=False, install_base='install', log_base=None, log_level=None, main=<bound method BuildVerb.main of <colcon_core.verb.build.BuildVerb object at 0x7f754edeb490>>, merge_install=False, metas=['./colcon.meta'], packages_above=None, packages_above_and_dependencies=None, packages_above_depth=None, packages_end=None, packages_ignore=None, packages_ignore_regex=None, packages_select=None, packages_select_build_failed=False, packages_select_by_dep=None, packages_select_regex=None, packages_select_test_failures=False, packages_skip=None, packages_skip_build_finished=False, packages_skip_by_dep=None, packages_skip_regex=None, packages_skip_test_passed=False, packages_skip_up_to=None, packages_start=None, packages_up_to=None, packages_up_to_regex=None, parallel_workers=12, paths=None, symlink_install=False, test_result_base=None, verb_extension=<colcon_core.verb.build.BuildVerb object at 0x7f754edeb490>, verb_name='build', verb_parser=<colcon_defaults.argument_parser.defaults.DefaultArgumentsDecorator object at 0x7f754edb0fa0>)
[3.515s] Level 1:colcon.colcon_core.package_discovery:discover_packages(colcon_meta) check parameters
[3.515s] Level 1:colcon.colcon_core.package_discovery:discover_packages(recursive) check parameters
[3.515s] Level 1:colcon.colcon_core.package_discovery:discover_packages(ignore) check parameters
[3.515s] Level 1:colcon.colcon_core.package_discovery:discover_packages(path) check parameters
[3.515s] Level 1:colcon.colcon_core.package_discovery:discover_packages(colcon_meta) discover
[3.515s] Level 1:colcon.colcon_core.package_discovery:discover_packages(recursive) discover
[3.515s] INFO:colcon.colcon_core.package_discovery:Crawling recursively for packages in '/home/lab/fleet_system_ws'
[3.515s] Level 1:colcon.colcon_core.package_identification:_identify(.) by extensions ['ignore', 'ignore_ament_install']
[3.516s] Level 1:colcon.colcon_core.package_identification:_identify(.) by extension 'ignore'
[3.516s] Level 1:colcon.colcon_core.package_identification:_identify(.) by extension 'ignore_ament_install'
[3.516s] Level 1:colcon.colcon_core.package_identification:_identify(.) by extensions ['colcon_pkg']
[3.516s] Level 1:colcon.colcon_core.package_identification:_identify(.) by extension 'colcon_pkg'
[3.516s] Level 1:colcon.colcon_core.package_identification:_identify(.) by extensions ['colcon_meta']
[3.516s] Level 1:colcon.colcon_core.package_identification:_identify(.) by extension 'colcon_meta'
[3.516s] Level 1:colcon.colcon_core.package_identification:_identify(.) by extensions ['ros']
[3.516s] Level 1:colcon.colcon_core.package_identification:_identify(.) by extension 'ros'
[3.530s] Level 1:colcon.colcon_core.package_identification:_identify(.) by extensions ['cmake', 'python']
[3.530s] Level 1:colcon.colcon_core.package_identification:_identify(.) by extension 'cmake'
[3.530s] Level 1:colcon.colcon_core.package_identification:_identify(.) by extension 'python'
[3.530s] Level 1:colcon.colcon_core.package_identification:_identify(.) by extensions ['python_setup_py']
[3.530s] Level 1:colcon.colcon_core.package_identification:_identify(.) by extension 'python_setup_py'
[3.530s] Level 1:colcon.colcon_core.package_identification:_identify(build) by extensions ['ignore', 'ignore_ament_install']
[3.531s] Level 1:colcon.colcon_core.package_identification:_identify(build) by extension 'ignore'
[3.531s] Level 1:colcon.colcon_core.package_identification:_identify(build) ignored
[3.531s] Level 1:colcon.colcon_core.package_identification:_identify(install) by extensions ['ignore', 'ignore_ament_install']
[3.531s] Level 1:colcon.colcon_core.package_identification:_identify(install) by extension 'ignore'
[3.531s] Level 1:colcon.colcon_core.package_identification:_identify(install) ignored
[3.531s] Level 1:colcon.colcon_core.package_identification:_identify(log) by extensions ['ignore', 'ignore_ament_install']
[3.531s] Level 1:colcon.colcon_core.package_identification:_identify(log) by extension 'ignore'
[3.531s] Level 1:colcon.colcon_core.package_identification:_identify(log) ignored
[3.531s] Level 1:colcon.colcon_core.package_identification:_identify(src) by extensions ['ignore', 'ignore_ament_install']
[3.531s] Level 1:colcon.colcon_core.package_identification:_identify(src) by extension 'ignore'
[3.532s] Level 1:colcon.colcon_core.package_identification:_identify(src) by extension 'ignore_ament_install'
[3.532s] Level 1:colcon.colcon_core.package_identification:_identify(src) by extensions ['colcon_pkg']
[3.532s] Level 1:colcon.colcon_core.package_identification:_identify(src) by extension 'colcon_pkg'
[3.532s] Level 1:colcon.colcon_core.package_identification:_identify(src) by extensions ['colcon_meta']
[3.532s] Level 1:colcon.colcon_core.package_identification:_identify(src) by extension 'colcon_meta'
[3.532s] Level 1:colcon.colcon_core.package_identification:_identify(src) by extensions ['ros']
[3.532s] Level 1:colcon.colcon_core.package_identification:_identify(src) by extension 'ros'
[3.532s] Level 1:colcon.colcon_core.package_identification:_identify(src) by extensions ['cmake', 'python']
[3.532s] Level 1:colcon.colcon_core.package_identification:_identify(src) by extension 'cmake'
[3.532s] Level 1:colcon.colcon_core.package_identification:_identify(src) by extension 'python'
[3.532s] Level 1:colcon.colcon_core.package_identification:_identify(src) by extensions ['python_setup_py']
[3.532s] Level 1:colcon.colcon_core.package_identification:_identify(src) by extension 'python_setup_py'
[3.532s] Level 1:colcon.colcon_core.package_identification:_identify(src/my_package) by extensions ['ignore', 'ignore_ament_install']
[3.532s] Level 1:colcon.colcon_core.package_identification:_identify(src/my_package) by extension 'ignore'
[3.532s] Level 1:colcon.colcon_core.package_identification:_identify(src/my_package) by extension 'ignore_ament_install'
[3.533s] Level 1:colcon.colcon_core.package_identification:_identify(src/my_package) by extensions ['colcon_pkg']
[3.533s] Level 1:colcon.colcon_core.package_identification:_identify(src/my_package) by extension 'colcon_pkg'
[3.533s] Level 1:colcon.colcon_core.package_identification:_identify(src/my_package) by extensions ['colcon_meta']
[3.533s] Level 1:colcon.colcon_core.package_identification:_identify(src/my_package) by extension 'colcon_meta'
[3.533s] Level 1:colcon.colcon_core.package_identification:_identify(src/my_package) by extensions ['ros']
[3.533s] Level 1:colcon.colcon_core.package_identification:_identify(src/my_package) by extension 'ros'
[3.536s] DEBUG:colcon.colcon_core.package_identification:Package 'src/my_package' with type 'ros.ament_cmake' and name 'my_package'
[3.536s] Level 1:colcon.colcon_core.package_discovery:discover_packages(recursive) using defaults
[3.536s] Level 1:colcon.colcon_core.package_discovery:discover_packages(ignore) discover
[3.536s] Level 1:colcon.colcon_core.package_discovery:discover_packages(ignore) using defaults
[3.536s] Level 1:colcon.colcon_core.package_discovery:discover_packages(path) discover
[3.536s] Level 1:colcon.colcon_core.package_discovery:discover_packages(path) using defaults
[3.845s] Level 1:colcon.colcon_core.package_discovery:discover_packages(prefix_path) check parameters
[3.845s] Level 1:colcon.colcon_core.package_discovery:discover_packages(prefix_path) discover
[3.961s] DEBUG:colcon.colcon_installed_package_information.package_discovery:Found 263 installed packages in /opt/ros/foxy
[3.963s] Level 1:colcon.colcon_core.package_discovery:discover_packages(prefix_path) using defaults
[4.187s] Level 5:colcon.colcon_core.verb:set package 'my_package' build argument 'cmake_args' from command line to 'None'
[4.187s] Level 5:colcon.colcon_core.verb:set package 'my_package' build argument 'cmake_target' from command line to 'None'
[4.187s] Level 5:colcon.colcon_core.verb:set package 'my_package' build argument 'cmake_target_skip_unavailable' from command line to 'False'
[4.187s] Level 5:colcon.colcon_core.verb:set package 'my_package' build argument 'cmake_clean_cache' from command line to 'False'
[4.187s] Level 5:colcon.colcon_core.verb:set package 'my_package' build argument 'cmake_clean_first' from command line to 'False'
[4.187s] Level 5:colcon.colcon_core.verb:set package 'my_package' build argument 'cmake_force_configure' from command line to 'False'
[4.187s] Level 5:colcon.colcon_core.verb:set package 'my_package' build argument 'ament_cmake_args' from command line to 'None'
[4.187s] Level 5:colcon.colcon_core.verb:set package 'my_package' build argument 'catkin_cmake_args' from command line to 'None'
[4.187s] Level 5:colcon.colcon_core.verb:set package 'my_package' build argument 'catkin_skip_building_tests' from command line to 'False'
[4.187s] DEBUG:colcon.colcon_core.verb:Building package 'my_package' with the following arguments: {'ament_cmake_args': None, 'build_base': '/home/lab/fleet_system_ws/build/my_package', 'catkin_cmake_args': None, 'catkin_skip_building_tests': False, 'cmake_args': None, 'cmake_clean_cache': False, 'cmake_clean_first': False, 'cmake_force_configure': False, 'cmake_target': None, 'cmake_target_skip_unavailable': False, 'install_base': '/home/lab/fleet_system_ws/install/my_package', 'merge_install': False, 'path': '/home/lab/fleet_system_ws/src/my_package', 'symlink_install': False, 'test_result_base': None}
[4.244s] INFO:colcon.colcon_core.executor:Executing jobs using 'parallel' executor
[4.302s] DEBUG:colcon.colcon_parallel_executor.executor.parallel:run_until_complete
[4.302s] INFO:colcon.colcon_ros.task.ament_cmake.build:Building ROS package in '/home/lab/fleet_system_ws/src/my_package' with build type 'ament_cmake'
[4.302s] INFO:colcon.colcon_cmake.task.cmake.build:Building CMake package in '/home/lab/fleet_system_ws/src/my_package'
[4.363s] INFO:colcon.colcon_core.plugin_system:Skipping extension 'colcon_core.shell.bat': Not used on non-Windows systems
[4.363s] INFO:colcon.colcon_core.shell:Skip shell extension 'powershell' for command environment: Not usable outside of PowerShell
[4.363s] DEBUG:colcon.colcon_core.shell:Skip shell extension 'dsv' for command environment
[4.494s] DEBUG:colcon.colcon_core.event_handler.log_command:Invoking command in '/home/lab/fleet_system_ws/build/my_package': CMAKE_PREFIX_PATH=/opt/ros/foxy /usr/bin/cmake --build /home/lab/fleet_system_ws/build/my_package -- -j12 -l12
[4.925s] DEBUG:colcon.colcon_core.event_handler.log_command:Invoked command in '/home/lab/fleet_system_ws/build/my_package' returned '2': CMAKE_PREFIX_PATH=/opt/ros/foxy /usr/bin/cmake --build /home/lab/fleet_system_ws/build/my_package -- -j12 -l12
[5.073s] Level 1:colcon.colcon_core.environment:create_environment_scripts_only(my_package)
[5.135s] Level 1:colcon.colcon_core.environment:checking '/home/lab/fleet_system_ws/install/my_package' for CMake module files
[5.136s] Level 1:colcon.colcon_core.environment:checking '/home/lab/fleet_system_ws/install/my_package' for CMake config files
[5.137s] Level 1:colcon.colcon_core.shell:create_environment_hook('my_package', 'cmake_prefix_path')
[5.196s] INFO:colcon.colcon_core.shell:Creating environment hook '/home/lab/fleet_system_ws/install/my_package/share/my_package/hook/cmake_prefix_path.ps1'
[5.196s] INFO:colcon.colcon_core.shell:Creating environment descriptor '/home/lab/fleet_system_ws/install/my_package/share/my_package/hook/cmake_prefix_path.dsv'
[5.197s] INFO:colcon.colcon_core.shell:Creating environment hook '/home/lab/fleet_system_ws/install/my_package/share/my_package/hook/cmake_prefix_path.sh'
[5.198s] Level 1:colcon.colcon_core.environment:checking '/home/lab/fleet_system_ws/install/my_package/lib'
[5.198s] Level 1:colcon.colcon_core.shell:create_environment_hook('my_package', 'ld_library_path_lib')
[5.258s] INFO:colcon.colcon_core.shell:Creating environment hook '/home/lab/fleet_system_ws/install/my_package/share/my_package/hook/ld_library_path_lib.ps1'
[5.258s] INFO:colcon.colcon_core.shell:Creating environment descriptor '/home/lab/fleet_system_ws/install/my_package/share/my_package/hook/ld_library_path_lib.dsv'
[5.259s] INFO:colcon.colcon_core.shell:Creating environment hook '/home/lab/fleet_system_ws/install/my_package/share/my_package/hook/ld_library_path_lib.sh'
[5.259s] Level 1:colcon.colcon_core.environment:checking '/home/lab/fleet_system_ws/install/my_package/bin'
[5.259s] Level 1:colcon.colcon_core.environment:checking '/home/lab/fleet_system_ws/install/my_package/lib/pkgconfig/my_package.pc'
[5.259s] Level 1:colcon.colcon_core.environment:checking '/home/lab/fleet_system_ws/install/my_package/lib/python3.8/site-packages'
[5.259s] Level 1:colcon.colcon_core.shell:create_environment_hook('my_package', 'pythonpath')
[5.319s] INFO:colcon.colcon_core.shell:Creating environment hook '/home/lab/fleet_system_ws/install/my_package/share/my_package/hook/pythonpath.ps1'
[5.319s] INFO:colcon.colcon_core.shell:Creating environment descriptor '/home/lab/fleet_system_ws/install/my_package/share/my_package/hook/pythonpath.dsv'
[5.320s] INFO:colcon.colcon_core.shell:Creating environment hook '/home/lab/fleet_system_ws/install/my_package/share/my_package/hook/pythonpath.sh'
[5.320s] Level 1:colcon.colcon_core.environment:checking '/home/lab/fleet_system_ws/install/my_package/bin'
[5.380s] INFO:colcon.colcon_core.shell:Creating package script '/home/lab/fleet_system_ws/install/my_package/share/my_package/package.ps1'
[5.381s] INFO:colcon.colcon_core.shell:Creating package descriptor '/home/lab/fleet_system_ws/install/my_package/share/my_package/package.dsv'
[5.382s] INFO:colcon.colcon_core.shell:Creating package script '/home/lab/fleet_system_ws/install/my_package/share/my_package/package.sh'
[5.382s] INFO:colcon.colcon_core.shell:Creating package script '/home/lab/fleet_system_ws/install/my_package/share/my_package/package.bash'
[5.383s] INFO:colcon.colcon_core.shell:Creating package script '/home/lab/fleet_system_ws/install/my_package/share/my_package/package.zsh'
[5.384s] Level 1:colcon.colcon_core.environment:create_file_with_runtime_dependencies(/home/lab/fleet_system_ws/install/my_package/share/colcon-core/packages/my_package)
[5.395s] DEBUG:colcon.colcon_parallel_executor.executor.parallel:closing loop
[5.395s] DEBUG:colcon.colcon_parallel_executor.executor.parallel:loop closed
[5.395s] DEBUG:colcon.colcon_parallel_executor.executor.parallel:run_until_complete finished with '2'
[5.395s] DEBUG:colcon.colcon_core.event_reactor:joining thread
[5.461s] INFO:colcon.colcon_core.plugin_system:Skipping extension 'colcon_notification.desktop_notification.terminal_notifier': Not used on non-Darwin systems
[5.461s] INFO:colcon.colcon_core.plugin_system:Skipping extension 'colcon_notification.desktop_notification.win32': Not used on non-Windows systems
[5.461s] INFO:colcon.colcon_notification.desktop_notification:Sending desktop notification using 'notify2'
[5.480s] DEBUG:colcon.colcon_core.event_reactor:joined thread
[5.541s] INFO:colcon.colcon_core.shell:Creating prefix script '/home/lab/fleet_system_ws/install/local_setup.ps1'
[5.543s] INFO:colcon.colcon_core.shell:Creating prefix util module '/home/lab/fleet_system_ws/install/_local_setup_util_ps1.py'
[5.544s] INFO:colcon.colcon_core.shell:Creating prefix chain script '/home/lab/fleet_system_ws/install/setup.ps1'
[5.606s] INFO:colcon.colcon_core.shell:Creating prefix script '/home/lab/fleet_system_ws/install/local_setup.sh'
[5.606s] INFO:colcon.colcon_core.shell:Creating prefix util module '/home/lab/fleet_system_ws/install/_local_setup_util_sh.py'
[5.607s] INFO:colcon.colcon_core.shell:Creating prefix chain script '/home/lab/fleet_system_ws/install/setup.sh'
[5.668s] INFO:colcon.colcon_core.shell:Creating prefix script '/home/lab/fleet_system_ws/install/local_setup.bash'
[5.669s] INFO:colcon.colcon_core.shell:Creating prefix chain script '/home/lab/fleet_system_ws/install/setup.bash'
[5.731s] INFO:colcon.colcon_core.shell:Creating prefix script '/home/lab/fleet_system_ws/install/local_setup.zsh'
[5.732s] INFO:colcon.colcon_core.shell:Creating prefix chain script '/home/lab/fleet_system_ws/install/setup.zsh'
