[0.192s] Invoking command in '/home/lab/fleet_system_ws/build/my_package': CMAKE_PREFIX_PATH=/opt/ros/foxy /usr/bin/cmake --build /home/lab/fleet_system_ws/build/my_package -- -j12 -l12
[0.223s] -- Found ament_cmake: 0.9.12 (/opt/ros/foxy/share/ament_cmake/cmake)
[0.252s] -- Found PythonInterp: /usr/bin/python3 (found suitable version "3.8.10", minimum required is "3") 
[0.252s] -- Using PYTHON_EXECUTABLE: /usr/bin/python3
[0.511s] -- Found ament_lint_auto: 0.9.8 (/opt/ros/foxy/share/ament_lint_auto/cmake)
[0.595s] -- Found rosidl_default_generators: 1.0.1 (/opt/ros/foxy/share/rosidl_default_generators/cmake)
[0.598s] -- Using all available rosidl_typesupport_c: rosidl_typesupport_fastrtps_c;rosidl_typesupport_introspection_c
[0.603s] -- Found rosidl_adapter: 1.3.1 (/opt/ros/foxy/share/rosidl_adapter/cmake)
[0.787s] -- Using all available rosidl_typesupport_cpp: rosidl_typesupport_fastrtps_cpp;rosidl_typesupport_introspection_cpp
[0.819s] CMake Error at /opt/ros/foxy/share/rosidl_cmake/cmake/rosidl_generate_interfaces.cmake:93 (message):
[0.820s]   rosidl_generate_interfaces() the passed file
[0.820s]   'action/fleet_management.action' doesn't exist relative to the
[0.820s]   CMAKE_CURRENT_SOURCE_DIR '/home/lab/fleet_system_ws/src/my_package'
[0.820s] Call Stack (most recent call first):
[0.820s]   CMakeLists.txt:45 (rosidl_generate_interfaces)
[0.821s] 
[0.821s] 
[0.822s] -- Configuring incomplete, errors occurred!
[0.822s] See also "/home/lab/fleet_system_ws/build/my_package/CMakeFiles/CMakeOutput.log".
[0.828s] make: *** [Makefile:266: cmake_check_build_system] Error 1
[0.831s] Invoked command in '/home/lab/fleet_system_ws/build/my_package' returned '2': CMAKE_PREFIX_PATH=/opt/ros/foxy /usr/bin/cmake --build /home/lab/fleet_system_ws/build/my_package -- -j12 -l12
