[0.205s] Invoking command in '/home/lab/fleet_system_ws/build/my_package': CMAKE_PREFIX_PATH=/opt/ros/foxy /usr/bin/cmake --build /home/lab/fleet_system_ws/build/my_package -- -j12 -l12
[0.237s] -- Found ament_cmake: 0.9.12 (/opt/ros/foxy/share/ament_cmake/cmake)
[0.265s] -- Found PythonInterp: /usr/bin/python3 (found suitable version "3.8.10", minimum required is "3") 
[0.266s] -- Using PYTHON_EXECUTABLE: /usr/bin/python3
[0.513s] -- Found ament_lint_auto: 0.9.8 (/opt/ros/foxy/share/ament_lint_auto/cmake)
[0.590s] -- Found rosidl_default_generators: 1.0.1 (/opt/ros/foxy/share/rosidl_default_generators/cmake)
[0.593s] -- Using all available rosidl_typesupport_c: rosidl_typesupport_fastrtps_c;rosidl_typesupport_introspection_c
[0.598s] -- Found rosidl_adapter: 1.3.1 (/opt/ros/foxy/share/rosidl_adapter/cmake)
[0.783s] -- Using all available rosidl_typesupport_cpp: rosidl_typesupport_fastrtps_cpp;rosidl_typesupport_introspection_cpp
[0.816s] CMake Error at /opt/ros/foxy/share/rosidl_cmake/cmake/rosidl_generate_interfaces.cmake:93 (message):
[0.816s]   rosidl_generate_interfaces() the passed file
[0.816s]   'action/Fleet_management.action' doesn't exist relative to the
[0.816s]   CMAKE_CURRENT_SOURCE_DIR '/home/lab/fleet_system_ws/src/my_package'
[0.816s] Call Stack (most recent call first):
[0.817s]   CMakeLists.txt:45 (rosidl_generate_interfaces)
[0.817s] 
[0.817s] 
[0.818s] -- Configuring incomplete, errors occurred!
[0.818s] See also "/home/lab/fleet_system_ws/build/my_package/CMakeFiles/CMakeOutput.log".
[0.824s] make: *** [Makefile:266: cmake_check_build_system] Error 1
[0.827s] Invoked command in '/home/lab/fleet_system_ws/build/my_package' returned '2': CMAKE_PREFIX_PATH=/opt/ros/foxy /usr/bin/cmake --build /home/lab/fleet_system_ws/build/my_package -- -j12 -l12
